{"meta": {"format": 3, "version": "7.10.7", "timestamp": "2025-10-09T01:35:05.486915", "branch_coverage": false, "show_contexts": false}, "files": {"src/__init__.py": {"executed_lines": [0], "summary": {"covered_lines": 0, "num_statements": 0, "percent_covered": 100.0, "percent_covered_display": "100", "missing_lines": 0, "excluded_lines": 0}, "missing_lines": [], "excluded_lines": [], "functions": {"": {"executed_lines": [], "summary": {"covered_lines": 0, "num_statements": 0, "percent_covered": 100.0, "percent_covered_display": "100", "missing_lines": 0, "excluded_lines": 0}, "missing_lines": [], "excluded_lines": []}}, "classes": {"": {"executed_lines": [], "summary": {"covered_lines": 0, "num_statements": 0, "percent_covered": 100.0, "percent_covered_display": "100", "missing_lines": 0, "excluded_lines": 0}, "missing_lines": [], "excluded_lines": []}}}, "src/active_learning/__init__.py": {"executed_lines": [1, 3, 11, 17, 22], "summary": {"covered_lines": 4, "num_statements": 4, "percent_covered": 100.0, "percent_covered_display": "100", "missing_lines": 0, "excluded_lines": 0}, "missing_lines": [], "excluded_lines": [], "functions": {"": {"executed_lines": [1, 3, 11, 17, 22], "summary": {"covered_lines": 4, "num_statements": 4, "percent_covered": 100.0, "percent_covered_display": "100", "missing_lines": 0, "excluded_lines": 0}, "missing_lines": [], "excluded_lines": []}}, "classes": {"": {"executed_lines": [1, 3, 11, 17, 22], "summary": {"covered_lines": 4, "num_statements": 4, "percent_covered": 100.0, "percent_covered_display": "100", "missing_lines": 0, "excluded_lines": 0}, "missing_lines": [], "excluded_lines": []}}}, "src/active_learning/acquisition.py": {"executed_lines": [1, 12, 14, 15, 18, 49, 50, 52, 53, 55, 56, 58, 60, 63, 94, 97, 101, 103, 105, 108, 111, 114, 117, 119, 122, 138, 141, 144, 170, 173, 175, 177, 180, 181, 184, 185, 186, 190, 192, 195, 216, 219, 222, 225, 232, 235, 236, 238, 241, 259, 260, 261, 262, 263, 265, 266, 267, 268, 269, 271, 272, 273, 274, 276, 282, 289], "summary": {"covered_lines": 65, "num_statements": 81, "percent_covered": 80.24691358024691, "percent_covered_display": "80", "missing_lines": 16, "excluded_lines": 0}, "missing_lines": [95, 98, 139, 171, 178, 188, 217, 220, 277, 278, 279, 280, 283, 284, 285, 286], "excluded_lines": [], "functions": {"upper_confidence_bound": {"executed_lines": [49, 50, 52, 53, 55, 56, 58, 60], "summary": {"covered_lines": 8, "num_statements": 8, "percent_covered": 100.0, "percent_covered_display": "100", "missing_lines": 0, "excluded_lines": 0}, "missing_lines": [], "excluded_lines": []}, "expected_improvement": {"executed_lines": [94, 97, 101, 103, 105, 108, 111, 114, 117, 119], "summary": {"covered_lines": 10, "num_statements": 12, "percent_covered": 83.33333333333333, "percent_covered_display": "83", "missing_lines": 2, "excluded_lines": 0}, "missing_lines": [95, 98], "excluded_lines": []}, "maximum_variance": {"executed_lines": [138, 141], "summary": {"covered_lines": 2, "num_statements": 3, "percent_covered": 66.66666666666667, "percent_covered_display": "67", "missing_lines": 1, "excluded_lines": 0}, "missing_lines": [139], "excluded_lines": []}, "expected_information_gain_proxy": {"executed_lines": [170, 173, 175, 177, 180, 181, 184, 185, 186, 190, 192], "summary": {"covered_lines": 11, "num_statements": 14, "percent_covered": 78.57142857142857, "percent_covered_display": "79", "missing_lines": 3, "excluded_lines": 0}, "missing_lines": [171, 178, 188], "excluded_lines": []}, "thompson_sampling": {"executed_lines": [216, 219, 222, 225, 232, 235, 236, 238], "summary": {"covered_lines": 8, "num_statements": 10, "percent_covered": 80.0, "percent_covered_display": "80", "missing_lines": 2, "excluded_lines": 0}, "missing_lines": [217, 220], "excluded_lines": []}, "create_acquisition_function": {"executed_lines": [259, 260, 263, 265, 266, 267, 268, 269, 271, 272, 273, 274, 276, 282, 289], "summary": {"covered_lines": 15, "num_statements": 23, "percent_covered": 65.21739130434783, "percent_covered_display": "65", "missing_lines": 8, "excluded_lines": 0}, "missing_lines": [277, 278, 279, 280, 283, 284, 285, 286], "excluded_lines": []}, "create_acquisition_function.acq_fn": {"executed_lines": [261, 262], "summary": {"covered_lines": 2, "num_statements": 2, "percent_covered": 100.0, "percent_covered_display": "100", "missing_lines": 0, "excluded_lines": 0}, "missing_lines": [], "excluded_lines": []}, "": {"executed_lines": [1, 12, 14, 15, 18, 63, 122, 144, 195, 241], "summary": {"covered_lines": 9, "num_statements": 9, "percent_covered": 100.0, "percent_covered_display": "100", "missing_lines": 0, "excluded_lines": 0}, "missing_lines": [], "excluded_lines": []}}, "classes": {"": {"executed_lines": [1, 12, 14, 15, 18, 49, 50, 52, 53, 55, 56, 58, 60, 63, 94, 97, 101, 103, 105, 108, 111, 114, 117, 119, 122, 138, 141, 144, 170, 173, 175, 177, 180, 181, 184, 185, 186, 190, 192, 195, 216, 219, 222, 225, 232, 235, 236, 238, 241, 259, 260, 261, 262, 263, 265, 266, 267, 268, 269, 271, 272, 273, 274, 276, 282, 289], "summary": {"covered_lines": 65, "num_statements": 81, "percent_covered": 80.24691358024691, "percent_covered_display": "80", "missing_lines": 16, "excluded_lines": 0}, "missing_lines": [95, 98, 139, 171, 178, 188, 217, 220, 277, 278, 279, 280, 283, 284, 285, 286], "excluded_lines": []}}}, "src/active_learning/diversity.py": {"executed_lines": [1, 12, 14, 15, 18, 50, 51, 53, 54, 56, 59, 62, 66, 69, 72, 73, 74, 78, 83, 85, 86, 89, 91, 92, 93, 95, 101, 102, 103, 105, 107, 110, 111, 113, 115, 118, 148, 151, 154, 157, 160, 163, 167, 168, 169, 171, 172, 175, 176, 177, 180, 181, 185, 192, 195, 196, 197, 200, 206, 207, 209, 210, 212, 215, 249, 252, 255, 258, 261, 265, 266, 267, 268, 271, 274, 277, 278, 281, 282, 284, 285, 288, 290, 296, 299, 300, 305, 307, 308, 309, 310, 313, 314, 316, 319, 320, 322, 323, 325, 328, 346, 347, 348, 349, 352, 354, 355, 356, 357, 360, 362, 371], "summary": {"covered_lines": 111, "num_statements": 133, "percent_covered": 83.45864661654136, "percent_covered_display": "83", "missing_lines": 22, "excluded_lines": 0}, "missing_lines": [57, 63, 76, 97, 98, 149, 152, 155, 158, 164, 182, 250, 253, 256, 262, 286, 301, 302, 363, 364, 365, 368], "excluded_lines": [], "functions": {"k_medoids_selection": {"executed_lines": [50, 51, 53, 54, 56, 59, 62, 66, 69, 72, 73, 74, 78, 83, 85, 86, 89, 91, 92, 93, 95, 101, 102, 103, 105, 107, 110, 111, 113, 115], "summary": {"covered_lines": 30, "num_statements": 35, "percent_covered": 85.71428571428571, "percent_covered_display": "86", "missing_lines": 5, "excluded_lines": 0}, "missing_lines": [57, 63, 76, 97, 98], "excluded_lines": []}, "greedy_diversity_selection": {"executed_lines": [148, 151, 154, 157, 160, 163, 167, 168, 169, 171, 172, 175, 176, 177, 180, 181, 185, 192, 195, 196, 197, 200, 206, 207, 209, 210, 212], "summary": {"covered_lines": 27, "num_statements": 33, "percent_covered": 81.81818181818181, "percent_covered_display": "82", "missing_lines": 6, "excluded_lines": 0}, "missing_lines": [149, 152, 155, 158, 164, 182], "excluded_lines": []}, "dpp_selection": {"executed_lines": [249, 252, 255, 258, 261, 265, 266, 267, 268, 271, 274, 277, 278, 281, 282, 284, 285, 288, 290, 296, 299, 300, 305, 307, 308, 309, 310, 313, 314, 316, 319, 320, 322, 323, 325], "summary": {"covered_lines": 35, "num_statements": 42, "percent_covered": 83.33333333333333, "percent_covered_display": "83", "missing_lines": 7, "excluded_lines": 0}, "missing_lines": [250, 253, 256, 262, 286, 301, 302], "excluded_lines": []}, "create_diversity_selector": {"executed_lines": [346, 347, 352, 354, 355, 356, 357, 360, 362, 371], "summary": {"covered_lines": 10, "num_statements": 14, "percent_covered": 71.42857142857143, "percent_covered_display": "71", "missing_lines": 4, "excluded_lines": 0}, "missing_lines": [363, 364, 365, 368], "excluded_lines": []}, "create_diversity_selector.selector": {"executed_lines": [348, 349], "summary": {"covered_lines": 2, "num_statements": 2, "percent_covered": 100.0, "percent_covered_display": "100", "missing_lines": 0, "excluded_lines": 0}, "missing_lines": [], "excluded_lines": []}, "": {"executed_lines": [1, 12, 14, 15, 18, 118, 215, 328], "summary": {"covered_lines": 7, "num_statements": 7, "percent_covered": 100.0, "percent_covered_display": "100", "missing_lines": 0, "excluded_lines": 0}, "missing_lines": [], "excluded_lines": []}}, "classes": {"": {"executed_lines": [1, 12, 14, 15, 18, 50, 51, 53, 54, 56, 59, 62, 66, 69, 72, 73, 74, 78, 83, 85, 86, 89, 91, 92, 93, 95, 101, 102, 103, 105, 107, 110, 111, 113, 115, 118, 148, 151, 154, 157, 160, 163, 167, 168, 169, 171, 172, 175, 176, 177, 180, 181, 185, 192, 195, 196, 197, 200, 206, 207, 209, 210, 212, 215, 249, 252, 255, 258, 261, 265, 266, 267, 268, 271, 274, 277, 278, 281, 282, 284, 285, 288, 290, 296, 299, 300, 305, 307, 308, 309, 310, 313, 314, 316, 319, 320, 322, 323, 325, 328, 346, 347, 348, 349, 352, 354, 355, 356, 357, 360, 362, 371], "summary": {"covered_lines": 111, "num_statements": 133, "percent_covered": 83.45864661654136, "percent_covered_display": "83", "missing_lines": 22, "excluded_lines": 0}, "missing_lines": [57, 63, 76, 97, 98, 149, 152, 155, 158, 164, 182, 250, 253, 256, 262, 286, 301, 302, 363, 364, 365, 368], "excluded_lines": []}}}, "src/active_learning/loop.py": {"executed_lines": [1, 11, 13, 16, 17, 27, 49, 50, 51, 52, 53, 54, 55, 57, 58, 60, 81, 82, 85, 86, 87, 89, 90, 95, 97, 98, 99, 101, 106, 109, 110, 111, 113, 114, 118, 120, 126, 128, 131, 133, 140, 143, 145, 146, 152, 153, 156, 157, 158, 159, 160, 162, 165, 175, 185, 194, 198, 204, 243, 246, 247, 250, 251, 256], "summary": {"covered_lines": 62, "num_statements": 76, "percent_covered": 81.57894736842105, "percent_covered_display": "82", "missing_lines": 14, "excluded_lines": 0}, "missing_lines": [92, 102, 103, 121, 123, 129, 149, 176, 181, 182, 183, 196, 200, 201], "excluded_lines": [], "functions": {"ActiveLearningLoop.__init__": {"executed_lines": [49, 50, 51, 52, 53, 54, 55, 57, 58], "summary": {"covered_lines": 9, "num_statements": 9, "percent_covered": 100.0, "percent_covered_display": "100", "missing_lines": 0, "excluded_lines": 0}, "missing_lines": [], "excluded_lines": []}, "ActiveLearningLoop.run": {"executed_lines": [81, 82, 85, 86, 87, 89, 90, 95, 97, 98, 99, 101, 106, 109, 110, 111, 113, 114, 118, 120, 126, 128, 131, 133, 140, 143, 145, 146, 152, 153, 156, 157, 158, 159, 160, 162, 165, 175, 185], "summary": {"covered_lines": 39, "num_statements": 50, "percent_covered": 78.0, "percent_covered_display": "78", "missing_lines": 11, "excluded_lines": 0}, "missing_lines": [92, 102, 103, 121, 123, 129, 149, 176, 181, 182, 183], "excluded_lines": []}, "ActiveLearningLoop.get_history": {"executed_lines": [], "summary": {"covered_lines": 0, "num_statements": 1, "percent_covered": 0.0, "percent_covered_display": "0", "missing_lines": 1, "excluded_lines": 0}, "missing_lines": [196], "excluded_lines": []}, "ActiveLearningLoop.reset": {"executed_lines": [], "summary": {"covered_lines": 0, "num_statements": 2, "percent_covered": 0.0, "percent_covered_display": "0", "missing_lines": 2, "excluded_lines": 0}, "missing_lines": [200, 201], "excluded_lines": []}, "go_no_go_gate": {"executed_lines": [243, 246, 247, 250, 251, 256], "summary": {"covered_lines": 6, "num_statements": 6, "percent_covered": 100.0, "percent_covered_display": "100", "missing_lines": 0, "excluded_lines": 0}, "missing_lines": [], "excluded_lines": []}, "": {"executed_lines": [1, 11, 13, 16, 17, 27, 60, 194, 198, 204], "summary": {"covered_lines": 8, "num_statements": 8, "percent_covered": 100.0, "percent_covered_display": "100", "missing_lines": 0, "excluded_lines": 0}, "missing_lines": [], "excluded_lines": []}}, "classes": {"ActiveLearningLoop": {"executed_lines": [49, 50, 51, 52, 53, 54, 55, 57, 58, 81, 82, 85, 86, 87, 89, 90, 95, 97, 98, 99, 101, 106, 109, 110, 111, 113, 114, 118, 120, 126, 128, 131, 133, 140, 143, 145, 146, 152, 153, 156, 157, 158, 159, 160, 162, 165, 175, 185], "summary": {"covered_lines": 48, "num_statements": 62, "percent_covered": 77.41935483870968, "percent_covered_display": "77", "missing_lines": 14, "excluded_lines": 0}, "missing_lines": [92, 102, 103, 121, 123, 129, 149, 176, 181, 182, 183, 196, 200, 201], "excluded_lines": []}, "": {"executed_lines": [1, 11, 13, 16, 17, 27, 60, 194, 198, 204, 243, 246, 247, 250, 251, 256], "summary": {"covered_lines": 14, "num_statements": 14, "percent_covered": 100.0, "percent_covered_display": "100", "missing_lines": 0, "excluded_lines": 0}, "missing_lines": [], "excluded_lines": []}}}, "src/config.py": {"executed_lines": [1, 3, 4, 6, 9, 10, 12, 13, 14, 15, 16, 17, 19, 20, 21, 23, 26, 27, 29, 30, 31, 32, 33, 36, 37, 39, 40, 41, 42, 45, 46, 48, 49, 50, 53, 54, 56, 57, 58, 59, 60, 61, 62, 63, 66, 67, 69, 70, 71, 72, 73, 74, 75, 76, 79, 80, 82, 83, 84, 85, 86, 89, 90, 92, 93, 94, 95, 98, 99, 101, 102, 103, 104, 107, 108, 110, 111, 112, 113, 114, 115, 116, 117, 118, 121, 122, 124, 125, 126, 127, 128, 129, 130, 132, 133, 134, 136, 137, 139, 141, 142, 143, 145, 147, 149, 150, 153, 155], "summary": {"covered_lines": 96, "num_statements": 96, "percent_covered": 100.0, "percent_covered_display": "100", "missing_lines": 0, "excluded_lines": 0}, "missing_lines": [], "excluded_lines": [], "functions": {"PathConfig.resolve_paths": {"executed_lines": [23], "summary": {"covered_lines": 1, "num_statements": 1, "percent_covered": 100.0, "percent_covered_display": "100", "missing_lines": 0, "excluded_lines": 0}, "missing_lines": [], "excluded_lines": []}, "Config.from_yaml": {"executed_lines": [139, 141, 142, 143], "summary": {"covered_lines": 4, "num_statements": 4, "percent_covered": 100.0, "percent_covered_display": "100", "missing_lines": 0, "excluded_lines": 0}, "missing_lines": [], "excluded_lines": []}, "Config.to_yaml": {"executed_lines": [147, 149, 150], "summary": {"covered_lines": 3, "num_statements": 3, "percent_covered": 100.0, "percent_covered_display": "100", "missing_lines": 0, "excluded_lines": 0}, "missing_lines": [], "excluded_lines": []}, "get_config": {"executed_lines": [155], "summary": {"covered_lines": 1, "num_statements": 1, "percent_covered": 100.0, "percent_covered_display": "100", "missing_lines": 0, "excluded_lines": 0}, "missing_lines": [], "excluded_lines": []}, "": {"executed_lines": [1, 3, 4, 6, 9, 10, 12, 13, 14, 15, 16, 17, 19, 20, 21, 26, 27, 29, 30, 31, 32, 33, 36, 37, 39, 40, 41, 42, 45, 46, 48, 49, 50, 53, 54, 56, 57, 58, 59, 60, 61, 62, 63, 66, 67, 69, 70, 71, 72, 73, 74, 75, 76, 79, 80, 82, 83, 84, 85, 86, 89, 90, 92, 93, 94, 95, 98, 99, 101, 102, 103, 104, 107, 108, 110, 111, 112, 113, 114, 115, 116, 117, 118, 121, 122, 124, 125, 126, 127, 128, 129, 130, 132, 133, 134, 136, 137, 145, 153], "summary": {"covered_lines": 87, "num_statements": 87, "percent_covered": 100.0, "percent_covered_display": "100", "missing_lines": 0, "excluded_lines": 0}, "missing_lines": [], "excluded_lines": []}}, "classes": {"PathConfig": {"executed_lines": [23], "summary": {"covered_lines": 1, "num_statements": 1, "percent_covered": 100.0, "percent_covered_display": "100", "missing_lines": 0, "excluded_lines": 0}, "missing_lines": [], "excluded_lines": []}, "DataConfig": {"executed_lines": [], "summary": {"covered_lines": 0, "num_statements": 0, "percent_covered": 100.0, "percent_covered_display": "100", "missing_lines": 0, "excluded_lines": 0}, "missing_lines": [], "excluded_lines": []}, "FeatureConfig": {"executed_lines": [], "summary": {"covered_lines": 0, "num_statements": 0, "percent_covered": 100.0, "percent_covered_display": "100", "missing_lines": 0, "excluded_lines": 0}, "missing_lines": [], "excluded_lines": []}, "ModelConfig": {"executed_lines": [], "summary": {"covered_lines": 0, "num_statements": 0, "percent_covered": 100.0, "percent_covered_display": "100", "missing_lines": 0, "excluded_lines": 0}, "missing_lines": [], "excluded_lines": []}, "RFQRFConfig": {"executed_lines": [], "summary": {"covered_lines": 0, "num_statements": 0, "percent_covered": 100.0, "percent_covered_display": "100", "missing_lines": 0, "excluded_lines": 0}, "missing_lines": [], "excluded_lines": []}, "MLPMCConfig": {"executed_lines": [], "summary": {"covered_lines": 0, "num_statements": 0, "percent_covered": 100.0, "percent_covered_display": "100", "missing_lines": 0, "excluded_lines": 0}, "missing_lines": [], "excluded_lines": []}, "NGBoostConfig": {"executed_lines": [], "summary": {"covered_lines": 0, "num_statements": 0, "percent_covered": 100.0, "percent_covered_display": "100", "missing_lines": 0, "excluded_lines": 0}, "missing_lines": [], "excluded_lines": []}, "UncertaintyConfig": {"executed_lines": [], "summary": {"covered_lines": 0, "num_statements": 0, "percent_covered": 100.0, "percent_covered_display": "100", "missing_lines": 0, "excluded_lines": 0}, "missing_lines": [], "excluded_lines": []}, "OODConfig": {"executed_lines": [], "summary": {"covered_lines": 0, "num_statements": 0, "percent_covered": 100.0, "percent_covered_display": "100", "missing_lines": 0, "excluded_lines": 0}, "missing_lines": [], "excluded_lines": []}, "ActiveLearningConfig": {"executed_lines": [], "summary": {"covered_lines": 0, "num_statements": 0, "percent_covered": 100.0, "percent_covered_display": "100", "missing_lines": 0, "excluded_lines": 0}, "missing_lines": [], "excluded_lines": []}, "Config": {"executed_lines": [139, 141, 142, 143, 147, 149, 150], "summary": {"covered_lines": 7, "num_statements": 7, "percent_covered": 100.0, "percent_covered_display": "100", "missing_lines": 0, "excluded_lines": 0}, "missing_lines": [], "excluded_lines": []}, "": {"executed_lines": [1, 3, 4, 6, 9, 10, 12, 13, 14, 15, 16, 17, 19, 20, 21, 26, 27, 29, 30, 31, 32, 33, 36, 37, 39, 40, 41, 42, 45, 46, 48, 49, 50, 53, 54, 56, 57, 58, 59, 60, 61, 62, 63, 66, 67, 69, 70, 71, 72, 73, 74, 75, 76, 79, 80, 82, 83, 84, 85, 86, 89, 90, 92, 93, 94, 95, 98, 99, 101, 102, 103, 104, 107, 108, 110, 111, 112, 113, 114, 115, 116, 117, 118, 121, 122, 124, 125, 126, 127, 128, 129, 130, 132, 133, 134, 136, 137, 145, 153, 155], "summary": {"covered_lines": 88, "num_statements": 88, "percent_covered": 100.0, "percent_covered_display": "100", "missing_lines": 0, "excluded_lines": 0}, "missing_lines": [], "excluded_lines": []}}}, "src/data/__init__.py": {"executed_lines": [0], "summary": {"covered_lines": 0, "num_statements": 0, "percent_covered": 100.0, "percent_covered_display": "100", "missing_lines": 0, "excluded_lines": 0}, "missing_lines": [], "excluded_lines": [], "functions": {"": {"executed_lines": [], "summary": {"covered_lines": 0, "num_statements": 0, "percent_covered": 100.0, "percent_covered_display": "100", "missing_lines": 0, "excluded_lines": 0}, "missing_lines": [], "excluded_lines": []}}, "classes": {"": {"executed_lines": [], "summary": {"covered_lines": 0, "num_statements": 0, "percent_covered": 100.0, "percent_covered_display": "100", "missing_lines": 0, "excluded_lines": 0}, "missing_lines": [], "excluded_lines": []}}}, "src/data/contracts.py": {"executed_lines": [1, 3, 4, 5, 6, 7, 9, 10, 11, 14, 15, 17, 18, 19, 20, 21, 22, 23, 26, 27, 29, 30, 33, 34, 35, 38, 39, 42, 43, 46, 47, 49, 50, 61, 62, 64, 65, 68, 69, 70, 73, 81, 82, 83, 84, 85, 88, 89, 91, 94, 95, 97, 109, 120, 123, 124, 126, 127, 130, 131, 133, 134, 136, 137, 139, 143, 144, 145, 147, 150, 151, 157, 158, 162, 163, 164, 165, 166, 168, 174, 181, 182, 183, 185, 186, 191, 192, 194, 196, 197, 199, 200, 202, 203, 204, 207, 223, 224, 226, 228, 229, 238, 239, 241, 243, 245, 248], "summary": {"covered_lines": 104, "num_statements": 121, "percent_covered": 85.9504132231405, "percent_covered_display": "86", "missing_lines": 17, "excluded_lines": 0}, "missing_lines": [140, 159, 169, 175, 249, 250, 252, 253, 254, 255, 258, 261, 268, 270, 271, 272, 273], "excluded_lines": [], "functions": {"DatasetContract.from_dataframe": {"executed_lines": [61, 62, 64, 65, 68, 69, 70, 73, 81, 82, 83, 84, 85, 88, 89, 91, 94, 95, 97], "summary": {"covered_lines": 19, "num_statements": 19, "percent_covered": 100.0, "percent_covered_display": "100", "missing_lines": 0, "excluded_lines": 0}, "missing_lines": [], "excluded_lines": []}, "DatasetContract.validate_dataframe": {"executed_lines": [120, 123, 124, 126, 127, 130, 131, 133, 134, 136, 137, 139, 143, 144, 145, 147, 150, 151, 157, 158, 162, 163, 164, 165, 166, 168, 174, 181, 182, 183, 185, 186, 191, 192], "summary": {"covered_lines": 34, "num_statements": 38, "percent_covered": 89.47368421052632, "percent_covered_display": "89", "missing_lines": 4, "excluded_lines": 0}, "missing_lines": [140, 159, 169, 175], "excluded_lines": []}, "DatasetContract.to_json": {"executed_lines": [196, 197], "summary": {"covered_lines": 2, "num_statements": 2, "percent_covered": 100.0, "percent_covered_display": "100", "missing_lines": 0, "excluded_lines": 0}, "missing_lines": [], "excluded_lines": []}, "DatasetContract.from_json": {"executed_lines": [202, 203, 204], "summary": {"covered_lines": 3, "num_statements": 3, "percent_covered": 100.0, "percent_covered_display": "100", "missing_lines": 0, "excluded_lines": 0}, "missing_lines": [], "excluded_lines": []}, "create_split_contracts": {"executed_lines": [223, 224, 226, 228, 229, 238, 239, 241, 243, 245], "summary": {"covered_lines": 10, "num_statements": 10, "percent_covered": 100.0, "percent_covered_display": "100", "missing_lines": 0, "excluded_lines": 0}, "missing_lines": [], "excluded_lines": []}, "": {"executed_lines": [1, 3, 4, 5, 6, 7, 9, 10, 11, 14, 15, 17, 18, 19, 20, 21, 22, 23, 26, 27, 29, 30, 33, 34, 35, 38, 39, 42, 43, 46, 47, 49, 50, 109, 194, 199, 200, 207, 248], "summary": {"covered_lines": 36, "num_statements": 49, "percent_covered": 73.46938775510205, "percent_covered_display": "73", "missing_lines": 13, "excluded_lines": 0}, "missing_lines": [249, 250, 252, 253, 254, 255, 258, 261, 268, 270, 271, 272, 273], "excluded_lines": []}}, "classes": {"ColumnSchema": {"executed_lines": [], "summary": {"covered_lines": 0, "num_statements": 0, "percent_covered": 100.0, "percent_covered_display": "100", "missing_lines": 0, "excluded_lines": 0}, "missing_lines": [], "excluded_lines": []}, "DatasetContract": {"executed_lines": [61, 62, 64, 65, 68, 69, 70, 73, 81, 82, 83, 84, 85, 88, 89, 91, 94, 95, 97, 120, 123, 124, 126, 127, 130, 131, 133, 134, 136, 137, 139, 143, 144, 145, 147, 150, 151, 157, 158, 162, 163, 164, 165, 166, 168, 174, 181, 182, 183, 185, 186, 191, 192, 196, 197, 202, 203, 204], "summary": {"covered_lines": 58, "num_statements": 62, "percent_covered": 93.54838709677419, "percent_covered_display": "94", "missing_lines": 4, "excluded_lines": 0}, "missing_lines": [140, 159, 169, 175], "excluded_lines": []}, "": {"executed_lines": [1, 3, 4, 5, 6, 7, 9, 10, 11, 14, 15, 17, 18, 19, 20, 21, 22, 23, 26, 27, 29, 30, 33, 34, 35, 38, 39, 42, 43, 46, 47, 49, 50, 109, 194, 199, 200, 207, 223, 224, 226, 228, 229, 238, 239, 241, 243, 245, 248], "summary": {"covered_lines": 46, "num_statements": 59, "percent_covered": 77.96610169491525, "percent_covered_display": "78", "missing_lines": 13, "excluded_lines": 0}, "missing_lines": [249, 250, 252, 253, 254, 255, 258, 261, 268, 270, 271, 272, 273], "excluded_lines": []}}}, "src/data/splits.py": {"executed_lines": [1, 3, 4, 6, 7, 8, 9, 12, 19, 20, 21, 24, 35, 38, 40, 42, 45, 56, 58, 59, 60, 61, 62, 64, 67, 88, 91, 96, 99, 100, 102, 103, 108, 114, 115, 117, 120, 121, 125, 135, 136, 137, 138, 139, 140, 141, 142, 144, 164, 165, 168, 169, 175, 176, 179, 188, 189, 190, 192, 193, 195, 196, 197, 198, 199, 202, 203, 204, 206, 209, 213, 214, 215, 216, 217, 220, 223, 226, 227, 230, 231, 232, 233, 235, 236, 238, 239, 242, 243, 252, 253, 255, 263, 265, 266, 267, 275], "summary": {"covered_lines": 95, "num_statements": 99, "percent_covered": 95.95959595959596, "percent_covered_display": "96", "missing_lines": 4, "excluded_lines": 0}, "missing_lines": [218, 244, 245, 250], "excluded_lines": [], "functions": {"get_formula_family": {"executed_lines": [19, 20, 21], "summary": {"covered_lines": 3, "num_statements": 3, "percent_covered": 100.0, "percent_covered_display": "100", "missing_lines": 0, "excluded_lines": 0}, "missing_lines": [], "excluded_lines": []}, "compute_feature_similarity": {"executed_lines": [35, 38, 40, 42], "summary": {"covered_lines": 4, "num_statements": 4, "percent_covered": 100.0, "percent_covered_display": "100", "missing_lines": 0, "excluded_lines": 0}, "missing_lines": [], "excluded_lines": []}, "check_near_duplicates": {"executed_lines": [56, 58, 59, 60, 61, 62, 64], "summary": {"covered_lines": 7, "num_statements": 7, "percent_covered": 100.0, "percent_covered_display": "100", "missing_lines": 0, "excluded_lines": 0}, "missing_lines": [], "excluded_lines": []}, "stratified_split_by_bins": {"executed_lines": [88, 91, 96, 99, 100, 102, 103, 108, 114, 115, 117], "summary": {"covered_lines": 11, "num_statements": 11, "percent_covered": 100.0, "percent_covered_display": "100", "missing_lines": 0, "excluded_lines": 0}, "missing_lines": [], "excluded_lines": []}, "LeakageSafeSplitter.__init__": {"executed_lines": [135, 136, 137, 138, 139, 140, 141, 142], "summary": {"covered_lines": 8, "num_statements": 8, "percent_covered": 100.0, "percent_covered_display": "100", "missing_lines": 0, "excluded_lines": 0}, "missing_lines": [], "excluded_lines": []}, "LeakageSafeSplitter.split": {"executed_lines": [164, 165, 168, 169, 175, 176, 179, 188, 189, 190, 192, 193, 195, 196, 197, 198, 199, 202, 203, 204, 206, 209, 213, 214, 215, 216, 217, 220, 223, 226, 227, 230, 231, 232, 233, 235, 236, 238, 239, 242, 243, 252, 253, 255], "summary": {"covered_lines": 44, "num_statements": 48, "percent_covered": 91.66666666666667, "percent_covered_display": "92", "missing_lines": 4, "excluded_lines": 0}, "missing_lines": [218, 244, 245, 250], "excluded_lines": []}, "LeakageSafeSplitter.get_split_summary": {"executed_lines": [265, 266, 267, 275], "summary": {"covered_lines": 4, "num_statements": 4, "percent_covered": 100.0, "percent_covered_display": "100", "missing_lines": 0, "excluded_lines": 0}, "missing_lines": [], "excluded_lines": []}, "": {"executed_lines": [1, 3, 4, 6, 7, 8, 9, 12, 24, 45, 67, 120, 121, 125, 144, 263], "summary": {"covered_lines": 14, "num_statements": 14, "percent_covered": 100.0, "percent_covered_display": "100", "missing_lines": 0, "excluded_lines": 0}, "missing_lines": [], "excluded_lines": []}}, "classes": {"LeakageSafeSplitter": {"executed_lines": [135, 136, 137, 138, 139, 140, 141, 142, 164, 165, 168, 169, 175, 176, 179, 188, 189, 190, 192, 193, 195, 196, 197, 198, 199, 202, 203, 204, 206, 209, 213, 214, 215, 216, 217, 220, 223, 226, 227, 230, 231, 232, 233, 235, 236, 238, 239, 242, 243, 252, 253, 255, 265, 266, 267, 275], "summary": {"covered_lines": 56, "num_statements": 60, "percent_covered": 93.33333333333333, "percent_covered_display": "93", "missing_lines": 4, "excluded_lines": 0}, "missing_lines": [218, 244, 245, 250], "excluded_lines": []}, "": {"executed_lines": [1, 3, 4, 6, 7, 8, 9, 12, 19, 20, 21, 24, 35, 38, 40, 42, 45, 56, 58, 59, 60, 61, 62, 64, 67, 88, 91, 96, 99, 100, 102, 103, 108, 114, 115, 117, 120, 121, 125, 144, 263], "summary": {"covered_lines": 39, "num_statements": 39, "percent_covered": 100.0, "percent_covered_display": "100", "missing_lines": 0, "excluded_lines": 0}, "missing_lines": [], "excluded_lines": []}}}, "src/features/__init__.py": {"executed_lines": [0], "summary": {"covered_lines": 0, "num_statements": 0, "percent_covered": 100.0, "percent_covered_display": "100", "missing_lines": 0, "excluded_lines": 0}, "missing_lines": [], "excluded_lines": [], "functions": {"": {"executed_lines": [], "summary": {"covered_lines": 0, "num_statements": 0, "percent_covered": 100.0, "percent_covered_display": "100", "missing_lines": 0, "excluded_lines": 0}, "missing_lines": [], "excluded_lines": []}}, "classes": {"": {"executed_lines": [], "summary": {"covered_lines": 0, "num_statements": 0, "percent_covered": 100.0, "percent_covered_display": "100", "missing_lines": 0, "excluded_lines": 0}, "missing_lines": [], "excluded_lines": []}}}, "src/features/composition.py": {"executed_lines": [1, 7, 8, 9, 10, 12, 13, 14, 17, 18, 20, 21, 22, 28, 29, 31, 32, 33, 34, 35, 36, 37, 40, 41, 49, 90, 91, 102, 112, 115, 116, 118, 119, 120, 121, 122, 124, 126, 136, 138, 140, 143, 145, 152, 153, 154, 155, 157, 158, 159, 160, 163, 164, 165, 166, 167, 168, 172, 174, 185, 187, 188, 189, 191, 192, 195, 197, 200, 201, 210, 218, 246, 247, 251, 259, 260, 262, 266, 267, 269, 271, 286, 288, 290, 293, 294, 295, 297, 300, 302, 304, 306, 309, 310, 312, 313, 320, 331], "summary": {"covered_lines": 93, "num_statements": 138, "percent_covered": 67.3913043478261, "percent_covered_display": "67", "missing_lines": 45, "excluded_lines": 0}, "missing_lines": [19, 170, 211, 212, 215, 216, 229, 232, 233, 236, 241, 243, 263, 264, 298, 314, 315, 316, 317, 318, 332, 333, 334, 336, 337, 338, 339, 340, 341, 342, 345, 348, 349, 350, 353, 358, 361, 362, 363, 364, 367, 368, 369, 370, 371], "excluded_lines": [], "functions": {"LightweightFeaturizer.__init__": {"executed_lines": [91], "summary": {"covered_lines": 1, "num_statements": 1, "percent_covered": 100.0, "percent_covered_display": "100", "missing_lines": 0, "excluded_lines": 0}, "missing_lines": [], "excluded_lines": []}, "LightweightFeaturizer.parse_formula": {"executed_lines": [112, 115, 116, 118, 119, 120, 121, 122, 124], "summary": {"covered_lines": 9, "num_statements": 9, "percent_covered": 100.0, "percent_covered_display": "100", "missing_lines": 0, "excluded_lines": 0}, "missing_lines": [], "excluded_lines": []}, "LightweightFeaturizer.featurize": {"executed_lines": [136, 138, 140, 143, 145, 152, 153, 154, 155, 157, 158, 159, 160, 163, 164, 165, 166, 167, 168, 172], "summary": {"covered_lines": 20, "num_statements": 21, "percent_covered": 95.23809523809524, "percent_covered_display": "95", "missing_lines": 1, "excluded_lines": 0}, "missing_lines": [170], "excluded_lines": []}, "LightweightFeaturizer.featurize_dataframe": {"executed_lines": [185, 187, 188, 189, 191, 192, 195, 197], "summary": {"covered_lines": 8, "num_statements": 8, "percent_covered": 100.0, "percent_covered_display": "100", "missing_lines": 0, "excluded_lines": 0}, "missing_lines": [], "excluded_lines": []}, "MatminerFeaturizer.__init__": {"executed_lines": [], "summary": {"covered_lines": 0, "num_statements": 4, "percent_covered": 0.0, "percent_covered_display": "0", "missing_lines": 4, "excluded_lines": 0}, "missing_lines": [211, 212, 215, 216], "excluded_lines": []}, "MatminerFeaturizer.featurize_dataframe": {"executed_lines": [], "summary": {"covered_lines": 0, "num_statements": 6, "percent_covered": 0.0, "percent_covered_display": "0", "missing_lines": 6, "excluded_lines": 0}, "missing_lines": [229, 232, 233, 236, 241, 243], "excluded_lines": []}, "CompositionFeaturizer.__init__": {"executed_lines": [259, 260, 262, 266, 267, 269], "summary": {"covered_lines": 6, "num_statements": 8, "percent_covered": 75.0, "percent_covered_display": "75", "missing_lines": 2, "excluded_lines": 0}, "missing_lines": [263, 264], "excluded_lines": []}, "CompositionFeaturizer.featurize_dataframe": {"executed_lines": [286, 288, 290, 293, 294, 295, 297, 300, 302, 304], "summary": {"covered_lines": 10, "num_statements": 11, "percent_covered": 90.9090909090909, "percent_covered_display": "91", "missing_lines": 1, "excluded_lines": 0}, "missing_lines": [298], "excluded_lines": []}, "CompositionFeaturizer.get_metadata": {"executed_lines": [309, 310, 312, 313, 320], "summary": {"covered_lines": 5, "num_statements": 10, "percent_covered": 50.0, "percent_covered_display": "50", "missing_lines": 5, "excluded_lines": 0}, "missing_lines": [314, 315, 316, 317, 318], "excluded_lines": []}, "": {"executed_lines": [1, 7, 8, 9, 10, 12, 13, 14, 17, 18, 20, 21, 22, 28, 29, 31, 32, 33, 34, 35, 36, 37, 40, 41, 49, 90, 102, 126, 174, 200, 201, 210, 218, 246, 247, 251, 271, 306, 331], "summary": {"covered_lines": 34, "num_statements": 60, "percent_covered": 56.666666666666664, "percent_covered_display": "57", "missing_lines": 26, "excluded_lines": 0}, "missing_lines": [19, 332, 333, 334, 336, 337, 338, 339, 340, 341, 342, 345, 348, 349, 350, 353, 358, 361, 362, 363, 364, 367, 368, 369, 370, 371], "excluded_lines": []}}, "classes": {"FeatureMetadata": {"executed_lines": [], "summary": {"covered_lines": 0, "num_statements": 0, "percent_covered": 100.0, "percent_covered_display": "100", "missing_lines": 0, "excluded_lines": 0}, "missing_lines": [], "excluded_lines": []}, "LightweightFeaturizer": {"executed_lines": [91, 112, 115, 116, 118, 119, 120, 121, 122, 124, 136, 138, 140, 143, 145, 152, 153, 154, 155, 157, 158, 159, 160, 163, 164, 165, 166, 167, 168, 172, 185, 187, 188, 189, 191, 192, 195, 197], "summary": {"covered_lines": 38, "num_statements": 39, "percent_covered": 97.43589743589743, "percent_covered_display": "97", "missing_lines": 1, "excluded_lines": 0}, "missing_lines": [170], "excluded_lines": []}, "MatminerFeaturizer": {"executed_lines": [], "summary": {"covered_lines": 0, "num_statements": 10, "percent_covered": 0.0, "percent_covered_display": "0", "missing_lines": 10, "excluded_lines": 0}, "missing_lines": [211, 212, 215, 216, 229, 232, 233, 236, 241, 243], "excluded_lines": []}, "CompositionFeaturizer": {"executed_lines": [259, 260, 262, 266, 267, 269, 286, 288, 290, 293, 294, 295, 297, 300, 302, 304, 309, 310, 312, 313, 320], "summary": {"covered_lines": 21, "num_statements": 29, "percent_covered": 72.41379310344827, "percent_covered_display": "72", "missing_lines": 8, "excluded_lines": 0}, "missing_lines": [263, 264, 298, 314, 315, 316, 317, 318], "excluded_lines": []}, "": {"executed_lines": [1, 7, 8, 9, 10, 12, 13, 14, 17, 18, 20, 21, 22, 28, 29, 31, 32, 33, 34, 35, 36, 37, 40, 41, 49, 90, 102, 126, 174, 200, 201, 210, 218, 246, 247, 251, 271, 306, 331], "summary": {"covered_lines": 34, "num_statements": 60, "percent_covered": 56.666666666666664, "percent_covered_display": "57", "missing_lines": 26, "excluded_lines": 0}, "missing_lines": [19, 332, 333, 334, 336, 337, 338, 339, 340, 341, 342, 345, 348, 349, 350, 353, 358, 361, 362, 363, 364, 367, 368, 369, 370, 371], "excluded_lines": []}}}, "src/features/scaling.py": {"executed_lines": [1, 3, 4, 5, 6, 8, 9, 10, 11, 14, 15, 17, 18, 19, 20, 21, 22, 23, 24, 27, 28, 34, 46, 47, 48, 50, 51, 52, 53, 54, 55, 59, 70, 71, 72, 73, 75, 76, 78, 79, 80, 81, 83, 85, 95, 98, 100, 101, 102, 103, 105, 107, 109, 110, 112, 122, 125, 127, 132, 134, 141, 144, 145, 148, 149, 150, 153, 154, 155, 156, 158, 159, 161, 162, 172, 175, 176, 177, 179, 182, 183, 184, 187, 188, 189, 190, 191, 193, 195, 197, 199, 202, 210, 211, 212, 220, 222, 224, 227, 229, 233, 234, 235, 236, 237, 239, 242, 245, 266, 268, 270, 271, 273], "summary": {"covered_lines": 110, "num_statements": 127, "percent_covered": 86.61417322834646, "percent_covered_display": "87", "missing_lines": 17, "excluded_lines": 0}, "missing_lines": [57, 96, 123, 128, 129, 130, 142, 200, 213, 214, 215, 216, 217, 218, 225, 238, 240], "excluded_lines": [], "functions": {"FeatureScaler.__init__": {"executed_lines": [46, 47, 48, 50, 51, 52, 53, 54, 55], "summary": {"covered_lines": 9, "num_statements": 10, "percent_covered": 90.0, "percent_covered_display": "90", "missing_lines": 1, "excluded_lines": 0}, "missing_lines": [57], "excluded_lines": []}, "FeatureScaler.fit": {"executed_lines": [70, 71, 72, 73, 75, 76, 78, 79, 80, 81, 83], "summary": {"covered_lines": 11, "num_statements": 11, "percent_covered": 100.0, "percent_covered_display": "100", "missing_lines": 0, "excluded_lines": 0}, "missing_lines": [], "excluded_lines": []}, "FeatureScaler.transform": {"executed_lines": [95, 98, 100, 101, 102, 103, 105], "summary": {"covered_lines": 7, "num_statements": 8, "percent_covered": 87.5, "percent_covered_display": "88", "missing_lines": 1, "excluded_lines": 0}, "missing_lines": [96], "excluded_lines": []}, "FeatureScaler.fit_transform": {"executed_lines": [109, 110], "summary": {"covered_lines": 2, "num_statements": 2, "percent_covered": 100.0, "percent_covered_display": "100", "missing_lines": 0, "excluded_lines": 0}, "missing_lines": [], "excluded_lines": []}, "FeatureScaler.inverse_transform": {"executed_lines": [122, 125, 127, 132], "summary": {"covered_lines": 4, "num_statements": 8, "percent_covered": 50.0, "percent_covered_display": "50", "missing_lines": 4, "excluded_lines": 0}, "missing_lines": [123, 128, 129, 130], "excluded_lines": []}, "FeatureScaler.save": {"executed_lines": [141, 144, 145, 148, 149, 150, 153, 154, 155, 156, 158, 159], "summary": {"covered_lines": 12, "num_statements": 13, "percent_covered": 92.3076923076923, "percent_covered_display": "92", "missing_lines": 1, "excluded_lines": 0}, "missing_lines": [142], "excluded_lines": []}, "FeatureScaler.load": {"executed_lines": [172, 175, 176, 177, 179, 182, 183, 184, 187, 188, 189, 190, 191, 193, 195], "summary": {"covered_lines": 15, "num_statements": 15, "percent_covered": 100.0, "percent_covered_display": "100", "missing_lines": 0, "excluded_lines": 0}, "missing_lines": [], "excluded_lines": []}, "FeatureScaler.get_metadata": {"executed_lines": [199, 202, 210, 211, 212, 220], "summary": {"covered_lines": 6, "num_statements": 13, "percent_covered": 46.15384615384615, "percent_covered_display": "46", "missing_lines": 7, "excluded_lines": 0}, "missing_lines": [200, 213, 214, 215, 216, 217, 218], "excluded_lines": []}, "FeatureScaler.get_feature_stats": {"executed_lines": [224, 227, 229, 233, 234, 235, 236, 237, 239, 242], "summary": {"covered_lines": 10, "num_statements": 13, "percent_covered": 76.92307692307692, "percent_covered_display": "77", "missing_lines": 3, "excluded_lines": 0}, "missing_lines": [225, 238, 240], "excluded_lines": []}, "scale_features": {"executed_lines": [266, 268, 270, 271, 273], "summary": {"covered_lines": 5, "num_statements": 5, "percent_covered": 100.0, "percent_covered_display": "100", "missing_lines": 0, "excluded_lines": 0}, "missing_lines": [], "excluded_lines": []}, "": {"executed_lines": [1, 3, 4, 5, 6, 8, 9, 10, 11, 14, 15, 17, 18, 19, 20, 21, 22, 23, 24, 27, 28, 34, 59, 85, 107, 112, 134, 161, 162, 197, 222, 245], "summary": {"covered_lines": 29, "num_statements": 29, "percent_covered": 100.0, "percent_covered_display": "100", "missing_lines": 0, "excluded_lines": 0}, "missing_lines": [], "excluded_lines": []}}, "classes": {"ScalerMetadata": {"executed_lines": [], "summary": {"covered_lines": 0, "num_statements": 0, "percent_covered": 100.0, "percent_covered_display": "100", "missing_lines": 0, "excluded_lines": 0}, "missing_lines": [], "excluded_lines": []}, "FeatureScaler": {"executed_lines": [46, 47, 48, 50, 51, 52, 53, 54, 55, 70, 71, 72, 73, 75, 76, 78, 79, 80, 81, 83, 95, 98, 100, 101, 102, 103, 105, 109, 110, 122, 125, 127, 132, 141, 144, 145, 148, 149, 150, 153, 154, 155, 156, 158, 159, 172, 175, 176, 177, 179, 182, 183, 184, 187, 188, 189, 190, 191, 193, 195, 199, 202, 210, 211, 212, 220, 224, 227, 229, 233, 234, 235, 236, 237, 239, 242], "summary": {"covered_lines": 76, "num_statements": 93, "percent_covered": 81.72043010752688, "percent_covered_display": "82", "missing_lines": 17, "excluded_lines": 0}, "missing_lines": [57, 96, 123, 128, 129, 130, 142, 200, 213, 214, 215, 216, 217, 218, 225, 238, 240], "excluded_lines": []}, "": {"executed_lines": [1, 3, 4, 5, 6, 8, 9, 10, 11, 14, 15, 17, 18, 19, 20, 21, 22, 23, 24, 27, 28, 34, 59, 85, 107, 112, 134, 161, 162, 197, 222, 245, 266, 268, 270, 271, 273], "summary": {"covered_lines": 34, "num_statements": 34, "percent_covered": 100.0, "percent_covered_display": "100", "missing_lines": 0, "excluded_lines": 0}, "missing_lines": [], "excluded_lines": []}}}, "src/guards/__init__.py": {"executed_lines": [1, 3, 10], "summary": {"covered_lines": 2, "num_statements": 2, "percent_covered": 100.0, "percent_covered_display": "100", "missing_lines": 0, "excluded_lines": 0}, "missing_lines": [], "excluded_lines": [], "functions": {"": {"executed_lines": [1, 3, 10], "summary": {"covered_lines": 2, "num_statements": 2, "percent_covered": 100.0, "percent_covered_display": "100", "missing_lines": 0, "excluded_lines": 0}, "missing_lines": [], "excluded_lines": []}}, "classes": {"": {"executed_lines": [1, 3, 10], "summary": {"covered_lines": 2, "num_statements": 2, "percent_covered": 100.0, "percent_covered_display": "100", "missing_lines": 0, "excluded_lines": 0}, "missing_lines": [], "excluded_lines": []}}}, "src/guards/leakage_checks.py": {"executed_lines": [1, 3, 5, 6, 7, 10, 11, 13, 18, 19, 21, 33, 34, 36, 37, 39, 44, 46, 58, 59, 60, 61, 63, 64, 66, 67, 69, 74, 76, 95, 97, 98, 99, 100, 101, 107, 108, 109, 110, 112, 114, 116, 117, 118, 119, 120, 121, 123, 125, 138, 139, 142, 145, 146, 147, 148, 149, 151, 153, 159, 161, 176, 183, 184, 185, 186, 189, 190, 191, 193, 194, 195, 198, 199, 201, 202, 204, 205, 208, 210, 216, 217, 219, 220, 222, 227, 233, 234, 236, 239, 243, 244, 247, 249, 256, 257, 259, 260, 262, 263, 267, 273, 274, 275, 278, 279, 280, 282, 286, 288, 291, 303, 305, 307, 308, 309, 310], "summary": {"covered_lines": 115, "num_statements": 130, "percent_covered": 88.46153846153847, "percent_covered_display": "88", "missing_lines": 15, "excluded_lines": 0}, "missing_lines": [40, 41, 42, 70, 71, 72, 154, 155, 156, 157, 223, 276, 283, 284, 285], "excluded_lines": [], "functions": {"LeakageDetector.__init__": {"executed_lines": [18, 19], "summary": {"covered_lines": 2, "num_statements": 2, "percent_covered": 100.0, "percent_covered_display": "100", "missing_lines": 0, "excluded_lines": 0}, "missing_lines": [], "excluded_lines": []}, "LeakageDetector.check_formula_overlap": {"executed_lines": [33, 34, 36, 37, 39, 44], "summary": {"covered_lines": 6, "num_statements": 9, "percent_covered": 66.66666666666667, "percent_covered_display": "67", "missing_lines": 3, "excluded_lines": 0}, "missing_lines": [40, 41, 42], "excluded_lines": []}, "LeakageDetector.check_family_overlap": {"executed_lines": [58, 59, 60, 61, 63, 64, 66, 67, 69, 74], "summary": {"covered_lines": 10, "num_statements": 13, "percent_covered": 76.92307692307692, "percent_covered_display": "77", "missing_lines": 3, "excluded_lines": 0}, "missing_lines": [70, 71, 72], "excluded_lines": []}, "LeakageDetector.check_near_duplicates": {"executed_lines": [95, 97, 98, 99, 100, 101, 107, 108, 109, 110, 112, 114, 116, 117, 118, 119, 120, 121, 123], "summary": {"covered_lines": 19, "num_statements": 19, "percent_covered": 100.0, "percent_covered_display": "100", "missing_lines": 0, "excluded_lines": 0}, "missing_lines": [], "excluded_lines": []}, "LeakageDetector.check_target_leakage": {"executed_lines": [138, 139, 142, 145, 146, 147, 148, 149, 151, 153, 159], "summary": {"covered_lines": 11, "num_statements": 15, "percent_covered": 73.33333333333333, "percent_covered_display": "73", "missing_lines": 4, "excluded_lines": 0}, "missing_lines": [154, 155, 156, 157], "excluded_lines": []}, "LeakageDetector.comprehensive_check": {"executed_lines": [176, 183, 184, 185, 186, 189, 190, 191, 193, 194, 195, 198, 199, 201, 202, 204, 205, 208, 210, 216, 217, 219, 220, 222, 227, 233, 234, 236, 239, 243, 244, 247, 249, 256, 257, 259, 260, 262, 263, 267, 273, 274, 275, 278, 279, 280, 282, 286, 288], "summary": {"covered_lines": 49, "num_statements": 54, "percent_covered": 90.74074074074075, "percent_covered_display": "91", "missing_lines": 5, "excluded_lines": 0}, "missing_lines": [223, 276, 283, 284, 285], "excluded_lines": []}, "assert_no_leakage": {"executed_lines": [303, 305, 307, 308, 309, 310], "summary": {"covered_lines": 6, "num_statements": 6, "percent_covered": 100.0, "percent_covered_display": "100", "missing_lines": 0, "excluded_lines": 0}, "missing_lines": [], "excluded_lines": []}, "": {"executed_lines": [1, 3, 5, 6, 7, 10, 11, 13, 21, 46, 76, 125, 161, 291], "summary": {"covered_lines": 12, "num_statements": 12, "percent_covered": 100.0, "percent_covered_display": "100", "missing_lines": 0, "excluded_lines": 0}, "missing_lines": [], "excluded_lines": []}}, "classes": {"LeakageDetector": {"executed_lines": [18, 19, 33, 34, 36, 37, 39, 44, 58, 59, 60, 61, 63, 64, 66, 67, 69, 74, 95, 97, 98, 99, 100, 101, 107, 108, 109, 110, 112, 114, 116, 117, 118, 119, 120, 121, 123, 138, 139, 142, 145, 146, 147, 148, 149, 151, 153, 159, 176, 183, 184, 185, 186, 189, 190, 191, 193, 194, 195, 198, 199, 201, 202, 204, 205, 208, 210, 216, 217, 219, 220, 222, 227, 233, 234, 236, 239, 243, 244, 247, 249, 256, 257, 259, 260, 262, 263, 267, 273, 274, 275, 278, 279, 280, 282, 286, 288], "summary": {"covered_lines": 97, "num_statements": 112, "percent_covered": 86.60714285714286, "percent_covered_display": "87", "missing_lines": 15, "excluded_lines": 0}, "missing_lines": [40, 41, 42, 70, 71, 72, 154, 155, 156, 157, 223, 276, 283, 284, 285], "excluded_lines": []}, "": {"executed_lines": [1, 3, 5, 6, 7, 10, 11, 13, 21, 46, 76, 125, 161, 291, 303, 305, 307, 308, 309, 310], "summary": {"covered_lines": 18, "num_statements": 18, "percent_covered": 100.0, "percent_covered_display": "100", "missing_lines": 0, "excluded_lines": 0}, "missing_lines": [], "excluded_lines": []}}}, "src/guards/ood_detectors.py": {"executed_lines": [1, 12, 14, 15, 16, 19, 20, 42, 56, 57, 58, 60, 61, 62, 63, 64, 66, 76, 78, 79, 85, 88, 90, 91, 93, 94, 96, 97, 106, 109, 110, 116, 118, 120, 122, 132, 135, 138, 140, 142, 152, 156, 159, 161, 163, 173, 176, 178, 181, 184, 186, 189, 190, 211, 225, 226, 227, 229, 230, 231, 233, 243, 246, 250, 253, 256, 258, 260, 262, 272, 275, 278, 280, 282, 292, 295, 299, 302, 304, 307, 308, 329, 343, 344, 345, 347, 348, 349, 351, 371, 374, 376, 377, 392, 394, 396, 398, 436, 449, 452, 455, 456, 467, 469, 472, 491, 492, 493, 494, 495, 496, 498], "summary": {"covered_lines": 108, "num_statements": 145, "percent_covered": 74.48275862068965, "percent_covered_display": "74", "missing_lines": 37, "excluded_lines": 0}, "missing_lines": [98, 100, 103, 111, 113, 133, 153, 174, 273, 293, 378, 380, 381, 384, 385, 386, 389, 412, 413, 416, 417, 418, 419, 420, 423, 429, 430, 432, 434, 450, 457, 458, 459, 460, 461, 462, 464], "excluded_lines": [], "functions": {"MahalanobisOODDetector.__init__": {"executed_lines": [56, 57, 58, 60, 61, 62, 63, 64], "summary": {"covered_lines": 8, "num_statements": 8, "percent_covered": 100.0, "percent_covered_display": "100", "missing_lines": 0, "excluded_lines": 0}, "missing_lines": [], "excluded_lines": []}, "MahalanobisOODDetector.fit": {"executed_lines": [76, 78, 79, 85, 88, 90, 91, 93, 94, 96, 97, 106, 109, 110, 116, 118, 120], "summary": {"covered_lines": 17, "num_statements": 22, "percent_covered": 77.27272727272727, "percent_covered_display": "77", "missing_lines": 5, "excluded_lines": 0}, "missing_lines": [98, 100, 103, 111, 113], "excluded_lines": []}, "MahalanobisOODDetector.predict": {"executed_lines": [132, 135, 138, 140], "summary": {"covered_lines": 4, "num_statements": 5, "percent_covered": 80.0, "percent_covered_display": "80", "missing_lines": 1, "excluded_lines": 0}, "missing_lines": [133], "excluded_lines": []}, "MahalanobisOODDetector.mahalanobis_distance": {"executed_lines": [152, 156, 159, 161], "summary": {"covered_lines": 4, "num_statements": 5, "percent_covered": 80.0, "percent_covered_display": "80", "missing_lines": 1, "excluded_lines": 0}, "missing_lines": [153], "excluded_lines": []}, "MahalanobisOODDetector.predict_proba": {"executed_lines": [173, 176, 178, 181, 184, 186], "summary": {"covered_lines": 6, "num_statements": 7, "percent_covered": 85.71428571428571, "percent_covered_display": "86", "missing_lines": 1, "excluded_lines": 0}, "missing_lines": [174], "excluded_lines": []}, "KDEOODDetector.__init__": {"executed_lines": [225, 226, 227, 229, 230, 231], "summary": {"covered_lines": 6, "num_statements": 6, "percent_covered": 100.0, "percent_covered_display": "100", "missing_lines": 0, "excluded_lines": 0}, "missing_lines": [], "excluded_lines": []}, "KDEOODDetector.fit": {"executed_lines": [243, 246, 250, 253, 256, 258, 260], "summary": {"covered_lines": 7, "num_statements": 7, "percent_covered": 100.0, "percent_covered_display": "100", "missing_lines": 0, "excluded_lines": 0}, "missing_lines": [], "excluded_lines": []}, "KDEOODDetector.predict": {"executed_lines": [272, 275, 278, 280], "summary": {"covered_lines": 4, "num_statements": 5, "percent_covered": 80.0, "percent_covered_display": "80", "missing_lines": 1, "excluded_lines": 0}, "missing_lines": [273], "excluded_lines": []}, "KDEOODDetector.predict_proba": {"executed_lines": [292, 295, 299, 302, 304], "summary": {"covered_lines": 5, "num_statements": 6, "percent_covered": 83.33333333333333, "percent_covered_display": "83", "missing_lines": 1, "excluded_lines": 0}, "missing_lines": [293], "excluded_lines": []}, "ConformalNoveltyDetector.__init__": {"executed_lines": [343, 344, 345, 347, 348, 349], "summary": {"covered_lines": 6, "num_statements": 6, "percent_covered": 100.0, "percent_covered_display": "100", "missing_lines": 0, "excluded_lines": 0}, "missing_lines": [], "excluded_lines": []}, "ConformalNoveltyDetector.fit": {"executed_lines": [371, 374, 376, 377, 392, 394, 396], "summary": {"covered_lines": 7, "num_statements": 14, "percent_covered": 50.0, "percent_covered_display": "50", "missing_lines": 7, "excluded_lines": 0}, "missing_lines": [378, 380, 381, 384, 385, 386, 389], "excluded_lines": []}, "ConformalNoveltyDetector.predict": {"executed_lines": [], "summary": {"covered_lines": 0, "num_statements": 12, "percent_covered": 0.0, "percent_covered_display": "0", "missing_lines": 12, "excluded_lines": 0}, "missing_lines": [412, 413, 416, 417, 418, 419, 420, 423, 429, 430, 432, 434], "excluded_lines": []}, "ConformalNoveltyDetector.predict_with_targets": {"executed_lines": [449, 452, 455, 456, 467, 469], "summary": {"covered_lines": 6, "num_statements": 14, "percent_covered": 42.857142857142854, "percent_covered_display": "43", "missing_lines": 8, "excluded_lines": 0}, "missing_lines": [450, 457, 458, 459, 460, 461, 462, 464], "excluded_lines": []}, "create_ood_detector": {"executed_lines": [491, 492, 493, 494, 495, 496, 498], "summary": {"covered_lines": 7, "num_statements": 7, "percent_covered": 100.0, "percent_covered_display": "100", "missing_lines": 0, "excluded_lines": 0}, "missing_lines": [], "excluded_lines": []}, "": {"executed_lines": [1, 12, 14, 15, 16, 19, 20, 42, 66, 122, 142, 163, 189, 190, 211, 233, 262, 282, 307, 308, 329, 351, 398, 436, 472], "summary": {"covered_lines": 21, "num_statements": 21, "percent_covered": 100.0, "percent_covered_display": "100", "missing_lines": 0, "excluded_lines": 0}, "missing_lines": [], "excluded_lines": []}}, "classes": {"MahalanobisOODDetector": {"executed_lines": [56, 57, 58, 60, 61, 62, 63, 64, 76, 78, 79, 85, 88, 90, 91, 93, 94, 96, 97, 106, 109, 110, 116, 118, 120, 132, 135, 138, 140, 152, 156, 159, 161, 173, 176, 178, 181, 184, 186], "summary": {"covered_lines": 39, "num_statements": 47, "percent_covered": 82.97872340425532, "percent_covered_display": "83", "missing_lines": 8, "excluded_lines": 0}, "missing_lines": [98, 100, 103, 111, 113, 133, 153, 174], "excluded_lines": []}, "KDEOODDetector": {"executed_lines": [225, 226, 227, 229, 230, 231, 243, 246, 250, 253, 256, 258, 260, 272, 275, 278, 280, 292, 295, 299, 302, 304], "summary": {"covered_lines": 22, "num_statements": 24, "percent_covered": 91.66666666666667, "percent_covered_display": "92", "missing_lines": 2, "excluded_lines": 0}, "missing_lines": [273, 293], "excluded_lines": []}, "ConformalNoveltyDetector": {"executed_lines": [343, 344, 345, 347, 348, 349, 371, 374, 376, 377, 392, 394, 396, 449, 452, 455, 456, 467, 469], "summary": {"covered_lines": 19, "num_statements": 46, "percent_covered": 41.30434782608695, "percent_covered_display": "41", "missing_lines": 27, "excluded_lines": 0}, "missing_lines": [378, 380, 381, 384, 385, 386, 389, 412, 413, 416, 417, 418, 419, 420, 423, 429, 430, 432, 434, 450, 457, 458, 459, 460, 461, 462, 464], "excluded_lines": []}, "": {"executed_lines": [1, 12, 14, 15, 16, 19, 20, 42, 66, 122, 142, 163, 189, 190, 211, 233, 262, 282, 307, 308, 329, 351, 398, 436, 472, 491, 492, 493, 494, 495, 496, 498], "summary": {"covered_lines": 28, "num_statements": 28, "percent_covered": 100.0, "percent_covered_display": "100", "missing_lines": 0, "excluded_lines": 0}, "missing_lines": [], "excluded_lines": []}}}, "src/interpretability/__init__.py": {"executed_lines": [], "summary": {"covered_lines": 0, "num_statements": 0, "percent_covered": 100.0, "percent_covered_display": "100", "missing_lines": 0, "excluded_lines": 0}, "missing_lines": [], "excluded_lines": [], "functions": {"": {"executed_lines": [], "summary": {"covered_lines": 0, "num_statements": 0, "percent_covered": 100.0, "percent_covered_display": "100", "missing_lines": 0, "excluded_lines": 0}, "missing_lines": [], "excluded_lines": []}}, "classes": {"": {"executed_lines": [], "summary": {"covered_lines": 0, "num_statements": 0, "percent_covered": 100.0, "percent_covered_display": "100", "missing_lines": 0, "excluded_lines": 0}, "missing_lines": [], "excluded_lines": []}}}, "src/models/__init__.py": {"executed_lines": [1, 3, 4, 5, 6, 8], "summary": {"covered_lines": 5, "num_statements": 5, "percent_covered": 100.0, "percent_covered_display": "100", "missing_lines": 0, "excluded_lines": 0}, "missing_lines": [], "excluded_lines": [], "functions": {"": {"executed_lines": [1, 3, 4, 5, 6, 8], "summary": {"covered_lines": 5, "num_statements": 5, "percent_covered": 100.0, "percent_covered_display": "100", "missing_lines": 0, "excluded_lines": 0}, "missing_lines": [], "excluded_lines": []}}, "classes": {"": {"executed_lines": [1, 3, 4, 5, 6, 8], "summary": {"covered_lines": 5, "num_statements": 5, "percent_covered": 100.0, "percent_covered_display": "100", "missing_lines": 0, "excluded_lines": 0}, "missing_lines": [], "excluded_lines": []}}}, "src/models/base.py": {"executed_lines": [1, 7, 8, 9, 11, 14, 15, 26, 39, 51, 67, 71, 72, 77, 78, 89, 96, 97, 98, 99, 101, 102, 106, 107, 111, 112, 118, 120, 125, 127, 130, 131, 136, 138, 145, 148, 149, 152, 154, 156, 157, 161, 162, 172, 175, 176, 177, 179, 181, 183, 184, 188, 196], "summary": {"covered_lines": 50, "num_statements": 62, "percent_covered": 80.64516129032258, "percent_covered_display": "81", "missing_lines": 12, "excluded_lines": 11}, "missing_lines": [104, 109, 116, 121, 128, 132, 146, 159, 186, 190, 198, 199], "excluded_lines": [37, 38, 49, 50, 65, 66, 69, 70, 74, 75, 76], "functions": {"UncertaintyModel.fit": {"executed_lines": [], "summary": {"covered_lines": 0, "num_statements": 0, "percent_covered": 100.0, "percent_covered_display": "100", "missing_lines": 0, "excluded_lines": 1}, "missing_lines": [], "excluded_lines": [37]}, "UncertaintyModel.predict": {"executed_lines": [], "summary": {"covered_lines": 0, "num_statements": 0, "percent_covered": 100.0, "percent_covered_display": "100", "missing_lines": 0, "excluded_lines": 1}, "missing_lines": [], "excluded_lines": [49]}, "UncertaintyModel.predict_with_uncertainty": {"executed_lines": [], "summary": {"covered_lines": 0, "num_statements": 0, "percent_covered": 100.0, "percent_covered_display": "100", "missing_lines": 0, "excluded_lines": 1}, "missing_lines": [], "excluded_lines": [65]}, "UncertaintyModel.save": {"executed_lines": [], "summary": {"covered_lines": 0, "num_statements": 0, "percent_covered": 100.0, "percent_covered_display": "100", "missing_lines": 0, "excluded_lines": 1}, "missing_lines": [], "excluded_lines": [69]}, "UncertaintyModel.load": {"executed_lines": [], "summary": {"covered_lines": 0, "num_statements": 0, "percent_covered": 100.0, "percent_covered_display": "100", "missing_lines": 0, "excluded_lines": 1}, "missing_lines": [], "excluded_lines": [74]}, "BaseUncertaintyModel.__init__": {"executed_lines": [96, 97, 98, 99], "summary": {"covered_lines": 4, "num_statements": 4, "percent_covered": 100.0, "percent_covered_display": "100", "missing_lines": 0, "excluded_lines": 0}, "missing_lines": [], "excluded_lines": []}, "BaseUncertaintyModel.fit": {"executed_lines": [], "summary": {"covered_lines": 0, "num_statements": 1, "percent_covered": 0.0, "percent_covered_display": "0", "missing_lines": 1, "excluded_lines": 0}, "missing_lines": [104], "excluded_lines": []}, "BaseUncertaintyModel.predict": {"executed_lines": [], "summary": {"covered_lines": 0, "num_statements": 1, "percent_covered": 0.0, "percent_covered_display": "0", "missing_lines": 1, "excluded_lines": 0}, "missing_lines": [109], "excluded_lines": []}, "BaseUncertaintyModel.predict_with_uncertainty": {"executed_lines": [], "summary": {"covered_lines": 0, "num_statements": 1, "percent_covered": 0.0, "percent_covered_display": "0", "missing_lines": 1, "excluded_lines": 0}, "missing_lines": [116], "excluded_lines": []}, "BaseUncertaintyModel._check_fitted": {"executed_lines": [120], "summary": {"covered_lines": 1, "num_statements": 2, "percent_covered": 50.0, "percent_covered_display": "50", "missing_lines": 1, "excluded_lines": 0}, "missing_lines": [121], "excluded_lines": []}, "BaseUncertaintyModel._validate_features": {"executed_lines": [127, 130, 131, 136], "summary": {"covered_lines": 4, "num_statements": 6, "percent_covered": 66.66666666666667, "percent_covered_display": "67", "missing_lines": 2, "excluded_lines": 0}, "missing_lines": [128, 132], "excluded_lines": []}, "BaseUncertaintyModel.save": {"executed_lines": [145, 148, 149, 152, 154], "summary": {"covered_lines": 5, "num_statements": 6, "percent_covered": 83.33333333333333, "percent_covered_display": "83", "missing_lines": 1, "excluded_lines": 0}, "missing_lines": [146], "excluded_lines": []}, "BaseUncertaintyModel._save_artifacts": {"executed_lines": [], "summary": {"covered_lines": 0, "num_statements": 1, "percent_covered": 0.0, "percent_covered_display": "0", "missing_lines": 1, "excluded_lines": 0}, "missing_lines": [159], "excluded_lines": []}, "BaseUncertaintyModel.load": {"executed_lines": [172, 175, 176, 177, 179, 181], "summary": {"covered_lines": 6, "num_statements": 6, "percent_covered": 100.0, "percent_covered_display": "100", "missing_lines": 0, "excluded_lines": 0}, "missing_lines": [], "excluded_lines": []}, "BaseUncertaintyModel._load_artifacts": {"executed_lines": [], "summary": {"covered_lines": 0, "num_statements": 1, "percent_covered": 0.0, "percent_covered_display": "0", "missing_lines": 1, "excluded_lines": 0}, "missing_lines": [186], "excluded_lines": []}, "BaseUncertaintyModel.get_params": {"executed_lines": [], "summary": {"covered_lines": 0, "num_statements": 1, "percent_covered": 0.0, "percent_covered_display": "0", "missing_lines": 1, "excluded_lines": 0}, "missing_lines": [190], "excluded_lines": []}, "BaseUncertaintyModel.__repr__": {"executed_lines": [], "summary": {"covered_lines": 0, "num_statements": 2, "percent_covered": 0.0, "percent_covered_display": "0", "missing_lines": 2, "excluded_lines": 0}, "missing_lines": [198, 199], "excluded_lines": []}, "": {"executed_lines": [1, 7, 8, 9, 11, 14, 15, 26, 39, 51, 67, 71, 72, 77, 78, 89, 101, 102, 106, 107, 111, 112, 118, 125, 138, 156, 157, 161, 162, 183, 184, 188, 196], "summary": {"covered_lines": 30, "num_statements": 30, "percent_covered": 100.0, "percent_covered_display": "100", "missing_lines": 0, "excluded_lines": 6}, "missing_lines": [], "excluded_lines": [38, 50, 66, 70, 75, 76]}}, "classes": {"UncertaintyModel": {"executed_lines": [], "summary": {"covered_lines": 0, "num_statements": 0, "percent_covered": 100.0, "percent_covered_display": "100", "missing_lines": 0, "excluded_lines": 5}, "missing_lines": [], "excluded_lines": [37, 49, 65, 69, 74]}, "BaseUncertaintyModel": {"executed_lines": [96, 97, 98, 99, 120, 127, 130, 131, 136, 145, 148, 149, 152, 154, 172, 175, 176, 177, 179, 181], "summary": {"covered_lines": 20, "num_statements": 32, "percent_covered": 62.5, "percent_covered_display": "62", "missing_lines": 12, "excluded_lines": 0}, "missing_lines": [104, 109, 116, 121, 128, 132, 146, 159, 186, 190, 198, 199], "excluded_lines": []}, "": {"executed_lines": [1, 7, 8, 9, 11, 14, 15, 26, 39, 51, 67, 71, 72, 77, 78, 89, 101, 102, 106, 107, 111, 112, 118, 125, 138, 156, 157, 161, 162, 183, 184, 188, 196], "summary": {"covered_lines": 30, "num_statements": 30, "percent_covered": 100.0, "percent_covered_display": "100", "missing_lines": 0, "excluded_lines": 6}, "missing_lines": [], "excluded_lines": [38, 50, 66, 70, 75, 76]}}}, "src/models/mlp_mc_dropout.py": {"executed_lines": [1, 7, 8, 9, 10, 11, 13, 14, 16, 19, 20, 21, 22, 31, 32, 48, 72, 74, 75, 76, 77, 78, 79, 80, 82, 83, 85, 96, 98, 102, 103, 105, 120, 122, 125, 127, 128, 130, 140, 141, 144, 145, 147, 160, 161, 164, 169, 172, 173, 175, 176, 178, 180, 190, 191, 194, 197, 199, 202, 203, 204, 207, 217, 218, 219, 221, 224, 225, 226, 229, 230, 231, 234, 235, 236, 237, 238, 239, 241], "summary": {"covered_lines": 77, "num_statements": 83, "percent_covered": 92.7710843373494, "percent_covered_display": "93", "missing_lines": 6, "excluded_lines": 0}, "missing_lines": [23, 24, 25, 243, 244, 250], "excluded_lines": [], "functions": {"MLPMCD.__init__": {"executed_lines": [72, 74, 75, 76, 77, 78, 79, 80, 82, 83], "summary": {"covered_lines": 10, "num_statements": 10, "percent_covered": 100.0, "percent_covered_display": "100", "missing_lines": 0, "excluded_lines": 0}, "missing_lines": [], "excluded_lines": []}, "MLPMCD.fit": {"executed_lines": [96, 98, 102, 103, 105, 120, 122, 125, 127, 128], "summary": {"covered_lines": 10, "num_statements": 10, "percent_covered": 100.0, "percent_covered_display": "100", "missing_lines": 0, "excluded_lines": 0}, "missing_lines": [], "excluded_lines": []}, "MLPMCD.predict": {"executed_lines": [140, 141, 144, 145], "summary": {"covered_lines": 4, "num_statements": 4, "percent_covered": 100.0, "percent_covered_display": "100", "missing_lines": 0, "excluded_lines": 0}, "missing_lines": [], "excluded_lines": []}, "MLPMCD.predict_with_uncertainty": {"executed_lines": [160, 161, 164, 169, 172, 173, 175, 176, 178], "summary": {"covered_lines": 9, "num_statements": 9, "percent_covered": 100.0, "percent_covered_display": "100", "missing_lines": 0, "excluded_lines": 0}, "missing_lines": [], "excluded_lines": []}, "MLPMCD.get_epistemic_uncertainty": {"executed_lines": [190, 191, 194, 197], "summary": {"covered_lines": 4, "num_statements": 4, "percent_covered": 100.0, "percent_covered_display": "100", "missing_lines": 0, "excluded_lines": 0}, "missing_lines": [], "excluded_lines": []}, "MLPMCD._save_artifacts": {"executed_lines": [202, 203, 204, 207, 217, 218, 219], "summary": {"covered_lines": 7, "num_statements": 7, "percent_covered": 100.0, "percent_covered_display": "100", "missing_lines": 0, "excluded_lines": 0}, "missing_lines": [], "excluded_lines": []}, "MLPMCD._load_artifacts": {"executed_lines": [224, 225, 226, 229, 230, 231, 234, 235, 236, 237, 238, 239], "summary": {"covered_lines": 12, "num_statements": 12, "percent_covered": 100.0, "percent_covered_display": "100", "missing_lines": 0, "excluded_lines": 0}, "missing_lines": [], "excluded_lines": []}, "MLPMCD.get_params": {"executed_lines": [], "summary": {"covered_lines": 0, "num_statements": 3, "percent_covered": 0.0, "percent_covered_display": "0", "missing_lines": 3, "excluded_lines": 0}, "missing_lines": [243, 244, 250], "excluded_lines": []}, "": {"executed_lines": [1, 7, 8, 9, 10, 11, 13, 14, 16, 19, 20, 21, 22, 31, 32, 48, 85, 130, 147, 180, 199, 221, 241], "summary": {"covered_lines": 21, "num_statements": 24, "percent_covered": 87.5, "percent_covered_display": "88", "missing_lines": 3, "excluded_lines": 0}, "missing_lines": [23, 24, 25], "excluded_lines": []}}, "classes": {"MLPMCD": {"executed_lines": [72, 74, 75, 76, 77, 78, 79, 80, 82, 83, 96, 98, 102, 103, 105, 120, 122, 125, 127, 128, 140, 141, 144, 145, 160, 161, 164, 169, 172, 173, 175, 176, 178, 190, 191, 194, 197, 202, 203, 204, 207, 217, 218, 219, 224, 225, 226, 229, 230, 231, 234, 235, 236, 237, 238, 239], "summary": {"covered_lines": 56, "num_statements": 59, "percent_covered": 94.91525423728814, "percent_covered_display": "95", "missing_lines": 3, "excluded_lines": 0}, "missing_lines": [243, 244, 250], "excluded_lines": []}, "": {"executed_lines": [1, 7, 8, 9, 10, 11, 13, 14, 16, 19, 20, 21, 22, 31, 32, 48, 85, 130, 147, 180, 199, 221, 241], "summary": {"covered_lines": 21, "num_statements": 24, "percent_covered": 87.5, "percent_covered_display": "88", "missing_lines": 3, "excluded_lines": 0}, "missing_lines": [23, 24, 25], "excluded_lines": []}}}, "src/models/ngboost_aleatoric.py": {"executed_lines": [1, 7, 8, 9, 10, 11, 13, 15, 18, 19, 20, 21, 31, 32, 49, 69, 71, 72, 73, 74, 75, 77, 78, 80, 91, 93, 95, 97, 106, 122, 123, 125, 135, 136, 138, 140, 145, 158, 159, 161, 163, 166, 169, 170, 172, 173, 175, 191, 201, 202, 204, 206, 207, 213, 223, 225, 228, 229, 230, 236, 239, 240, 241, 244, 254, 255, 256, 258, 261, 262, 263, 266, 267, 268, 271, 272, 273, 274, 275, 276, 278], "summary": {"covered_lines": 79, "num_statements": 100, "percent_covered": 79.0, "percent_covered_display": "79", "missing_lines": 21, "excluded_lines": 0}, "missing_lines": [22, 23, 24, 28, 110, 112, 120, 143, 179, 183, 184, 186, 187, 189, 210, 211, 232, 234, 280, 281, 287], "excluded_lines": [], "functions": {"NGBoostAleatoric.__init__": {"executed_lines": [69, 71, 72, 73, 74, 75, 77, 78], "summary": {"covered_lines": 8, "num_statements": 8, "percent_covered": 100.0, "percent_covered_display": "100", "missing_lines": 0, "excluded_lines": 0}, "missing_lines": [], "excluded_lines": []}, "NGBoostAleatoric.fit": {"executed_lines": [91, 93, 95, 97, 106, 122, 123], "summary": {"covered_lines": 7, "num_statements": 10, "percent_covered": 70.0, "percent_covered_display": "70", "missing_lines": 3, "excluded_lines": 0}, "missing_lines": [110, 112, 120], "excluded_lines": []}, "NGBoostAleatoric.predict": {"executed_lines": [135, 136, 138, 140], "summary": {"covered_lines": 4, "num_statements": 5, "percent_covered": 80.0, "percent_covered_display": "80", "missing_lines": 1, "excluded_lines": 0}, "missing_lines": [143], "excluded_lines": []}, "NGBoostAleatoric.predict_with_uncertainty": {"executed_lines": [158, 159, 161, 163, 166, 169, 170, 172, 173, 175], "summary": {"covered_lines": 10, "num_statements": 16, "percent_covered": 62.5, "percent_covered_display": "62", "missing_lines": 6, "excluded_lines": 0}, "missing_lines": [179, 183, 184, 186, 187, 189], "excluded_lines": []}, "NGBoostAleatoric.get_aleatoric_uncertainty": {"executed_lines": [201, 202, 204, 206, 207], "summary": {"covered_lines": 5, "num_statements": 7, "percent_covered": 71.42857142857143, "percent_covered_display": "71", "missing_lines": 2, "excluded_lines": 0}, "missing_lines": [210, 211], "excluded_lines": []}, "NGBoostAleatoric.get_feature_importances": {"executed_lines": [223, 225, 228, 229, 230], "summary": {"covered_lines": 5, "num_statements": 7, "percent_covered": 71.42857142857143, "percent_covered_display": "71", "missing_lines": 2, "excluded_lines": 0}, "missing_lines": [232, 234], "excluded_lines": []}, "NGBoostAleatoric._save_artifacts": {"executed_lines": [239, 240, 241, 244, 254, 255, 256], "summary": {"covered_lines": 7, "num_statements": 7, "percent_covered": 100.0, "percent_covered_display": "100", "missing_lines": 0, "excluded_lines": 0}, "missing_lines": [], "excluded_lines": []}, "NGBoostAleatoric._load_artifacts": {"executed_lines": [261, 262, 263, 266, 267, 268, 271, 272, 273, 274, 275, 276], "summary": {"covered_lines": 12, "num_statements": 12, "percent_covered": 100.0, "percent_covered_display": "100", "missing_lines": 0, "excluded_lines": 0}, "missing_lines": [], "excluded_lines": []}, "NGBoostAleatoric.get_params": {"executed_lines": [], "summary": {"covered_lines": 0, "num_statements": 3, "percent_covered": 0.0, "percent_covered_display": "0", "missing_lines": 3, "excluded_lines": 0}, "missing_lines": [280, 281, 287], "excluded_lines": []}, "": {"executed_lines": [1, 7, 8, 9, 10, 11, 13, 15, 18, 19, 20, 21, 31, 32, 49, 80, 125, 145, 191, 213, 236, 258, 278], "summary": {"covered_lines": 21, "num_statements": 25, "percent_covered": 84.0, "percent_covered_display": "84", "missing_lines": 4, "excluded_lines": 0}, "missing_lines": [22, 23, 24, 28], "excluded_lines": []}}, "classes": {"NGBoostAleatoric": {"executed_lines": [69, 71, 72, 73, 74, 75, 77, 78, 91, 93, 95, 97, 106, 122, 123, 135, 136, 138, 140, 158, 159, 161, 163, 166, 169, 170, 172, 173, 175, 201, 202, 204, 206, 207, 223, 225, 228, 229, 230, 239, 240, 241, 244, 254, 255, 256, 261, 262, 263, 266, 267, 268, 271, 272, 273, 274, 275, 276], "summary": {"covered_lines": 58, "num_statements": 75, "percent_covered": 77.33333333333333, "percent_covered_display": "77", "missing_lines": 17, "excluded_lines": 0}, "missing_lines": [110, 112, 120, 143, 179, 183, 184, 186, 187, 189, 210, 211, 232, 234, 280, 281, 287], "excluded_lines": []}, "": {"executed_lines": [1, 7, 8, 9, 10, 11, 13, 15, 18, 19, 20, 21, 31, 32, 49, 80, 125, 145, 191, 213, 236, 258, 278], "summary": {"covered_lines": 21, "num_statements": 25, "percent_covered": 84.0, "percent_covered_display": "84", "missing_lines": 4, "excluded_lines": 0}, "missing_lines": [22, 23, 24, 28], "excluded_lines": []}}}, "src/models/rf_qrf.py": {"executed_lines": [1, 7, 8, 9, 10, 12, 13, 15, 18, 19, 32, 56, 58, 59, 60, 61, 62, 63, 64, 66, 68, 79, 81, 84, 95, 96, 98, 100, 110, 111, 113, 115, 131, 132, 135, 140, 143, 144, 146, 147, 149, 151, 161, 162, 165, 170, 172, 179, 180, 182, 185, 186, 187, 190, 203, 204, 205, 207, 210, 211, 212, 215, 216, 217, 220, 221, 222, 223, 224, 225, 226, 227, 229], "summary": {"covered_lines": 71, "num_statements": 74, "percent_covered": 95.94594594594595, "percent_covered_display": "96", "missing_lines": 3, "excluded_lines": 0}, "missing_lines": [231, 232, 238], "excluded_lines": [], "functions": {"RandomForestQRF.__init__": {"executed_lines": [56, 58, 59, 60, 61, 62, 63, 64, 66], "summary": {"covered_lines": 9, "num_statements": 9, "percent_covered": 100.0, "percent_covered_display": "100", "missing_lines": 0, "excluded_lines": 0}, "missing_lines": [], "excluded_lines": []}, "RandomForestQRF.fit": {"executed_lines": [79, 81, 84, 95, 96, 98], "summary": {"covered_lines": 6, "num_statements": 6, "percent_covered": 100.0, "percent_covered_display": "100", "missing_lines": 0, "excluded_lines": 0}, "missing_lines": [], "excluded_lines": []}, "RandomForestQRF.predict": {"executed_lines": [110, 111, 113], "summary": {"covered_lines": 3, "num_statements": 3, "percent_covered": 100.0, "percent_covered_display": "100", "missing_lines": 0, "excluded_lines": 0}, "missing_lines": [], "excluded_lines": []}, "RandomForestQRF.predict_with_uncertainty": {"executed_lines": [131, 132, 135, 140, 143, 144, 146, 147, 149], "summary": {"covered_lines": 9, "num_statements": 9, "percent_covered": 100.0, "percent_covered_display": "100", "missing_lines": 0, "excluded_lines": 0}, "missing_lines": [], "excluded_lines": []}, "RandomForestQRF.get_epistemic_uncertainty": {"executed_lines": [161, 162, 165, 170], "summary": {"covered_lines": 4, "num_statements": 4, "percent_covered": 100.0, "percent_covered_display": "100", "missing_lines": 0, "excluded_lines": 0}, "missing_lines": [], "excluded_lines": []}, "RandomForestQRF.get_feature_importances": {"executed_lines": [179, 180], "summary": {"covered_lines": 2, "num_statements": 2, "percent_covered": 100.0, "percent_covered_display": "100", "missing_lines": 0, "excluded_lines": 0}, "missing_lines": [], "excluded_lines": []}, "RandomForestQRF._save_artifacts": {"executed_lines": [185, 186, 187, 190, 203, 204, 205], "summary": {"covered_lines": 7, "num_statements": 7, "percent_covered": 100.0, "percent_covered_display": "100", "missing_lines": 0, "excluded_lines": 0}, "missing_lines": [], "excluded_lines": []}, "RandomForestQRF._load_artifacts": {"executed_lines": [210, 211, 212, 215, 216, 217, 220, 221, 222, 223, 224, 225, 226, 227], "summary": {"covered_lines": 14, "num_statements": 14, "percent_covered": 100.0, "percent_covered_display": "100", "missing_lines": 0, "excluded_lines": 0}, "missing_lines": [], "excluded_lines": []}, "RandomForestQRF.get_params": {"executed_lines": [], "summary": {"covered_lines": 0, "num_statements": 3, "percent_covered": 0.0, "percent_covered_display": "0", "missing_lines": 3, "excluded_lines": 0}, "missing_lines": [231, 232, 238], "excluded_lines": []}, "": {"executed_lines": [1, 7, 8, 9, 10, 12, 13, 15, 18, 19, 32, 68, 100, 115, 151, 172, 182, 207, 229], "summary": {"covered_lines": 17, "num_statements": 17, "percent_covered": 100.0, "percent_covered_display": "100", "missing_lines": 0, "excluded_lines": 0}, "missing_lines": [], "excluded_lines": []}}, "classes": {"RandomForestQRF": {"executed_lines": [56, 58, 59, 60, 61, 62, 63, 64, 66, 79, 81, 84, 95, 96, 98, 110, 111, 113, 131, 132, 135, 140, 143, 144, 146, 147, 149, 161, 162, 165, 170, 179, 180, 185, 186, 187, 190, 203, 204, 205, 210, 211, 212, 215, 216, 217, 220, 221, 222, 223, 224, 225, 226, 227], "summary": {"covered_lines": 54, "num_statements": 57, "percent_covered": 94.73684210526316, "percent_covered_display": "95", "missing_lines": 3, "excluded_lines": 0}, "missing_lines": [231, 232, 238], "excluded_lines": []}, "": {"executed_lines": [1, 7, 8, 9, 10, 12, 13, 15, 18, 19, 32, 68, 100, 115, 151, 172, 182, 207, 229], "summary": {"covered_lines": 17, "num_statements": 17, "percent_covered": 100.0, "percent_covered_display": "100", "missing_lines": 0, "excluded_lines": 0}, "missing_lines": [], "excluded_lines": []}}}, "src/pipelines/__init__.py": {"executed_lines": [1, 3, 4, 6], "summary": {"covered_lines": 3, "num_statements": 3, "percent_covered": 100.0, "percent_covered_display": "100", "missing_lines": 0, "excluded_lines": 0}, "missing_lines": [], "excluded_lines": [], "functions": {"": {"executed_lines": [1, 3, 4, 6], "summary": {"covered_lines": 3, "num_statements": 3, "percent_covered": 100.0, "percent_covered_display": "100", "missing_lines": 0, "excluded_lines": 0}, "missing_lines": [], "excluded_lines": []}}, "classes": {"": {"executed_lines": [1, 3, 4, 6], "summary": {"covered_lines": 3, "num_statements": 3, "percent_covered": 100.0, "percent_covered_display": "100", "missing_lines": 0, "excluded_lines": 0}, "missing_lines": [], "excluded_lines": []}}}, "src/pipelines/al_pipeline.py": {"executed_lines": [1, 12, 13, 14, 15, 17, 18, 20, 21, 22, 23, 24, 27, 28, 38, 68, 69, 70, 71, 72, 73, 74, 75, 76, 77, 78, 79, 82, 83, 84, 85, 88, 90, 113, 115, 116, 117, 120, 121, 124, 127, 128, 129, 134, 135, 138, 139, 142, 143, 144, 149, 150, 151, 153, 154, 157, 158, 159, 162, 164, 176, 177, 178, 180, 182, 187, 188, 191, 194, 196, 203, 205, 214, 219, 220, 224, 227, 237, 240, 242, 244, 252, 255, 258, 264, 265, 266, 268, 280, 288, 290, 291, 292, 300, 303, 324, 325, 328], "summary": {"covered_lines": 96, "num_statements": 98, "percent_covered": 97.95918367346938, "percent_covered_display": "98", "missing_lines": 2, "excluded_lines": 0}, "missing_lines": [131, 238], "excluded_lines": [], "functions": {"ActiveLearningPipeline.__init__": {"executed_lines": [68, 69, 70, 71, 72, 73, 74, 75, 76, 77, 78, 79, 82, 83, 84, 85, 88], "summary": {"covered_lines": 17, "num_statements": 17, "percent_covered": 100.0, "percent_covered_display": "100", "missing_lines": 0, "excluded_lines": 0}, "missing_lines": [], "excluded_lines": []}, "ActiveLearningPipeline.run": {"executed_lines": [113, 115, 116, 117, 120, 121, 124, 127, 128, 129, 134, 135, 138, 139, 142, 143, 144, 149, 150, 151, 153, 154, 157, 158, 159, 162, 164, 176, 177, 178, 180], "summary": {"covered_lines": 31, "num_statements": 32, "percent_covered": 96.875, "percent_covered_display": "97", "missing_lines": 1, "excluded_lines": 0}, "missing_lines": [131], "excluded_lines": []}, "ActiveLearningPipeline._filter_ood_candidates": {"executed_lines": [187, 188, 191, 194, 196, 203], "summary": {"covered_lines": 6, "num_statements": 6, "percent_covered": 100.0, "percent_covered_display": "100", "missing_lines": 0, "excluded_lines": 0}, "missing_lines": [], "excluded_lines": []}, "ActiveLearningPipeline._run_active_learning": {"executed_lines": [214, 219, 220, 224, 227, 237, 240, 242], "summary": {"covered_lines": 8, "num_statements": 9, "percent_covered": 88.88888888888889, "percent_covered_display": "89", "missing_lines": 1, "excluded_lines": 0}, "missing_lines": [238], "excluded_lines": []}, "ActiveLearningPipeline._apply_go_no_go_gates": {"executed_lines": [252, 255, 258, 264, 265, 266, 268], "summary": {"covered_lines": 7, "num_statements": 7, "percent_covered": 100.0, "percent_covered_display": "100", "missing_lines": 0, "excluded_lines": 0}, "missing_lines": [], "excluded_lines": []}, "ActiveLearningPipeline._save_artifacts": {"executed_lines": [288, 290, 291, 292, 300, 303, 324, 325, 328], "summary": {"covered_lines": 9, "num_statements": 9, "percent_covered": 100.0, "percent_covered_display": "100", "missing_lines": 0, "excluded_lines": 0}, "missing_lines": [], "excluded_lines": []}, "": {"executed_lines": [1, 12, 13, 14, 15, 17, 18, 20, 21, 22, 23, 24, 27, 28, 38, 90, 182, 205, 244, 280], "summary": {"covered_lines": 18, "num_statements": 18, "percent_covered": 100.0, "percent_covered_display": "100", "missing_lines": 0, "excluded_lines": 0}, "missing_lines": [], "excluded_lines": []}}, "classes": {"ActiveLearningPipeline": {"executed_lines": [68, 69, 70, 71, 72, 73, 74, 75, 76, 77, 78, 79, 82, 83, 84, 85, 88, 113, 115, 116, 117, 120, 121, 124, 127, 128, 129, 134, 135, 138, 139, 142, 143, 144, 149, 150, 151, 153, 154, 157, 158, 159, 162, 164, 176, 177, 178, 180, 187, 188, 191, 194, 196, 203, 214, 219, 220, 224, 227, 237, 240, 242, 252, 255, 258, 264, 265, 266, 268, 288, 290, 291, 292, 300, 303, 324, 325, 328], "summary": {"covered_lines": 78, "num_statements": 80, "percent_covered": 97.5, "percent_covered_display": "98", "missing_lines": 2, "excluded_lines": 0}, "missing_lines": [131, 238], "excluded_lines": []}, "": {"executed_lines": [1, 12, 13, 14, 15, 17, 18, 20, 21, 22, 23, 24, 27, 28, 38, 90, 182, 205, 244, 280], "summary": {"covered_lines": 18, "num_statements": 18, "percent_covered": 100.0, "percent_covered_display": "100", "missing_lines": 0, "excluded_lines": 0}, "missing_lines": [], "excluded_lines": []}}}, "src/pipelines/train_pipeline.py": {"executed_lines": [1, 15, 16, 17, 18, 19, 21, 22, 24, 25, 27, 28, 29, 30, 34, 37, 38, 51, 71, 72, 73, 74, 75, 76, 77, 80, 81, 82, 83, 84, 87, 89, 110, 112, 113, 114, 117, 118, 119, 122, 123, 124, 125, 128, 129, 130, 133, 134, 137, 140, 141, 143, 145, 146, 147, 149, 150, 153, 154, 157, 158, 161, 162, 169, 172, 174, 194, 195, 196, 198, 200, 202, 204, 206, 208, 211, 215, 223, 229, 231, 241, 242, 243, 246, 247, 248, 250, 251, 253, 256, 265, 267, 268, 269, 271, 274, 276, 277, 278, 280, 282, 294, 295, 298, 301, 302, 306, 307, 310, 314, 318, 325, 342, 343, 344, 347, 352, 358, 359, 370, 371, 374, 378, 379, 380, 386, 387, 390, 392, 393, 395, 397, 403, 404, 407, 408, 409, 414], "summary": {"covered_lines": 136, "num_statements": 144, "percent_covered": 94.44444444444444, "percent_covered_display": "94", "missing_lines": 8, "excluded_lines": 0}, "missing_lines": [142, 203, 205, 207, 209, 254, 375, 405], "excluded_lines": [], "functions": {"TrainingPipeline.__init__": {"executed_lines": [71, 72, 73, 74, 75, 76, 77, 80, 81, 82, 83, 84, 87], "summary": {"covered_lines": 13, "num_statements": 13, "percent_covered": 100.0, "percent_covered_display": "100", "missing_lines": 0, "excluded_lines": 0}, "missing_lines": [], "excluded_lines": []}, "TrainingPipeline.run": {"executed_lines": [110, 112, 113, 114, 117, 118, 119, 122, 123, 124, 125, 128, 129, 130, 133, 134, 137, 140, 141, 143, 145, 146, 147, 149, 150, 153, 154, 157, 158, 161, 162, 169, 172, 174, 194, 195, 196, 198], "summary": {"covered_lines": 38, "num_statements": 39, "percent_covered": 97.43589743589743, "percent_covered_display": "97", "missing_lines": 1, "excluded_lines": 0}, "missing_lines": [142], "excluded_lines": []}, "TrainingPipeline._validate_data": {"executed_lines": [202, 204, 206, 208], "summary": {"covered_lines": 4, "num_statements": 8, "percent_covered": 50.0, "percent_covered_display": "50", "missing_lines": 4, "excluded_lines": 0}, "missing_lines": [203, 205, 207, 209], "excluded_lines": []}, "TrainingPipeline._split_data": {"executed_lines": [215, 223, 229], "summary": {"covered_lines": 3, "num_statements": 3, "percent_covered": 100.0, "percent_covered_display": "100", "missing_lines": 0, "excluded_lines": 0}, "missing_lines": [], "excluded_lines": []}, "TrainingPipeline._check_leakage": {"executed_lines": [241, 242, 243, 246, 247, 248, 250, 251, 253], "summary": {"covered_lines": 9, "num_statements": 10, "percent_covered": 90.0, "percent_covered_display": "90", "missing_lines": 1, "excluded_lines": 0}, "missing_lines": [254], "excluded_lines": []}, "TrainingPipeline._engineer_features": {"executed_lines": [265, 267, 268, 269, 271, 274, 276, 277, 278, 280], "summary": {"covered_lines": 10, "num_statements": 10, "percent_covered": 100.0, "percent_covered_display": "100", "missing_lines": 0, "excluded_lines": 0}, "missing_lines": [], "excluded_lines": []}, "TrainingPipeline._calibrate_and_conform": {"executed_lines": [294, 295, 298, 301, 302, 306, 307, 310, 314, 318], "summary": {"covered_lines": 10, "num_statements": 10, "percent_covered": 100.0, "percent_covered_display": "100", "missing_lines": 0, "excluded_lines": 0}, "missing_lines": [], "excluded_lines": []}, "TrainingPipeline._save_artifacts": {"executed_lines": [342, 343, 344, 347, 352, 358, 359, 370, 371, 374, 378, 379, 380, 386, 387, 390, 392, 393], "summary": {"covered_lines": 18, "num_statements": 19, "percent_covered": 94.73684210526316, "percent_covered_display": "95", "missing_lines": 1, "excluded_lines": 0}, "missing_lines": [375], "excluded_lines": []}, "TrainingPipeline._generate_manifest": {"executed_lines": [397, 403, 404, 407, 408, 409, 414], "summary": {"covered_lines": 7, "num_statements": 8, "percent_covered": 87.5, "percent_covered_display": "88", "missing_lines": 1, "excluded_lines": 0}, "missing_lines": [405], "excluded_lines": []}, "": {"executed_lines": [1, 15, 16, 17, 18, 19, 21, 22, 24, 25, 27, 28, 29, 30, 34, 37, 38, 51, 89, 200, 211, 231, 256, 282, 325, 395], "summary": {"covered_lines": 24, "num_statements": 24, "percent_covered": 100.0, "percent_covered_display": "100", "missing_lines": 0, "excluded_lines": 0}, "missing_lines": [], "excluded_lines": []}}, "classes": {"TrainingPipeline": {"executed_lines": [71, 72, 73, 74, 75, 76, 77, 80, 81, 82, 83, 84, 87, 110, 112, 113, 114, 117, 118, 119, 122, 123, 124, 125, 128, 129, 130, 133, 134, 137, 140, 141, 143, 145, 146, 147, 149, 150, 153, 154, 157, 158, 161, 162, 169, 172, 174, 194, 195, 196, 198, 202, 204, 206, 208, 215, 223, 229, 241, 242, 243, 246, 247, 248, 250, 251, 253, 265, 267, 268, 269, 271, 274, 276, 277, 278, 280, 294, 295, 298, 301, 302, 306, 307, 310, 314, 318, 342, 343, 344, 347, 352, 358, 359, 370, 371, 374, 378, 379, 380, 386, 387, 390, 392, 393, 397, 403, 404, 407, 408, 409, 414], "summary": {"covered_lines": 112, "num_statements": 120, "percent_covered": 93.33333333333333, "percent_covered_display": "93", "missing_lines": 8, "excluded_lines": 0}, "missing_lines": [142, 203, 205, 207, 209, 254, 375, 405], "excluded_lines": []}, "": {"executed_lines": [1, 15, 16, 17, 18, 19, 21, 22, 24, 25, 27, 28, 29, 30, 34, 37, 38, 51, 89, 200, 211, 231, 256, 282, 325, 395], "summary": {"covered_lines": 24, "num_statements": 24, "percent_covered": 100.0, "percent_covered_display": "100", "missing_lines": 0, "excluded_lines": 0}, "missing_lines": [], "excluded_lines": []}}}, "src/reporting/__init__.py": {"executed_lines": [1, 3, 10], "summary": {"covered_lines": 2, "num_statements": 2, "percent_covered": 100.0, "percent_covered_display": "100", "missing_lines": 0, "excluded_lines": 0}, "missing_lines": [], "excluded_lines": [], "functions": {"": {"executed_lines": [1, 3, 10], "summary": {"covered_lines": 2, "num_statements": 2, "percent_covered": 100.0, "percent_covered_display": "100", "missing_lines": 0, "excluded_lines": 0}, "missing_lines": [], "excluded_lines": []}}, "classes": {"": {"executed_lines": [1, 3, 10], "summary": {"covered_lines": 2, "num_statements": 2, "percent_covered": 100.0, "percent_covered_display": "100", "missing_lines": 0, "excluded_lines": 0}, "missing_lines": [], "excluded_lines": []}}}, "src/reporting/evidence.py": {"executed_lines": [1, 7, 8, 9, 10, 11, 13, 16, 30, 31, 33, 40, 41, 45, 49, 53, 56, 58, 64, 67, 78, 79, 81, 82, 84, 92, 93, 95, 101, 103, 104, 106, 107, 113, 116, 146, 159, 162, 164, 165, 168, 175, 176, 178, 179, 181, 182, 183], "summary": {"covered_lines": 47, "num_statements": 57, "percent_covered": 82.45614035087719, "percent_covered_display": "82", "missing_lines": 10, "excluded_lines": 0}, "missing_lines": [42, 46, 50, 96, 97, 98, 129, 141, 142, 143], "excluded_lines": [], "functions": {"generate_manifest": {"executed_lines": [30, 31, 33, 40, 41, 45, 49, 53, 56, 58, 64], "summary": {"covered_lines": 11, "num_statements": 14, "percent_covered": 78.57142857142857, "percent_covered_display": "79", "missing_lines": 3, "excluded_lines": 0}, "missing_lines": [42, 46, 50], "excluded_lines": []}, "verify_manifest": {"executed_lines": [78, 79, 81, 82, 84, 92, 93, 95, 101, 103, 104, 106, 107, 113], "summary": {"covered_lines": 14, "num_statements": 17, "percent_covered": 82.3529411764706, "percent_covered_display": "82", "missing_lines": 3, "excluded_lines": 0}, "missing_lines": [96, 97, 98], "excluded_lines": []}, "generate_reproducibility_report": {"executed_lines": [], "summary": {"covered_lines": 0, "num_statements": 4, "percent_covered": 0.0, "percent_covered_display": "0", "missing_lines": 4, "excluded_lines": 0}, "missing_lines": [129, 141, 142, 143], "excluded_lines": []}, "create_evidence_pack": {"executed_lines": [159, 162, 164, 165, 168, 175, 176, 178, 179, 181, 182, 183], "summary": {"covered_lines": 12, "num_statements": 12, "percent_covered": 100.0, "percent_covered_display": "100", "missing_lines": 0, "excluded_lines": 0}, "missing_lines": [], "excluded_lines": []}, "": {"executed_lines": [1, 7, 8, 9, 10, 11, 13, 16, 67, 116, 146], "summary": {"covered_lines": 10, "num_statements": 10, "percent_covered": 100.0, "percent_covered_display": "100", "missing_lines": 0, "excluded_lines": 0}, "missing_lines": [], "excluded_lines": []}}, "classes": {"": {"executed_lines": [1, 7, 8, 9, 10, 11, 13, 16, 30, 31, 33, 40, 41, 45, 49, 53, 56, 58, 64, 67, 78, 79, 81, 82, 84, 92, 93, 95, 101, 103, 104, 106, 107, 113, 116, 146, 159, 162, 164, 165, 168, 175, 176, 178, 179, 181, 182, 183], "summary": {"covered_lines": 47, "num_statements": 57, "percent_covered": 82.45614035087719, "percent_covered_display": "82", "missing_lines": 10, "excluded_lines": 0}, "missing_lines": [42, 46, 50, 96, 97, 98, 129, 141, 142, 143], "excluded_lines": []}}}, "src/uncertainty/__init__.py": {"executed_lines": [1, 3, 13, 20], "summary": {"covered_lines": 3, "num_statements": 3, "percent_covered": 100.0, "percent_covered_display": "100", "missing_lines": 0, "excluded_lines": 0}, "missing_lines": [], "excluded_lines": [], "functions": {"": {"executed_lines": [1, 3, 13, 20], "summary": {"covered_lines": 3, "num_statements": 3, "percent_covered": 100.0, "percent_covered_display": "100", "missing_lines": 0, "excluded_lines": 0}, "missing_lines": [], "excluded_lines": []}}, "classes": {"": {"executed_lines": [1, 3, 13, 20], "summary": {"covered_lines": 3, "num_statements": 3, "percent_covered": 100.0, "percent_covered_display": "100", "missing_lines": 0, "excluded_lines": 0}, "missing_lines": [], "excluded_lines": []}}}, "src/uncertainty/calibration_metrics.py": {"executed_lines": [1, 10, 13, 40, 41, 43, 44, 47, 49, 52, 76, 79, 82, 84, 85, 87, 90, 118, 119, 122, 123, 124, 130, 131, 132, 134, 136, 138, 141, 167, 170, 173, 174, 177, 178, 182, 184, 186, 188, 190, 191, 195, 197, 198, 199, 202, 205, 208, 210, 213, 239, 242, 245, 249, 250, 253, 255, 257, 259, 260, 263, 266, 269, 271, 274, 303, 306, 309, 313, 314, 317, 319, 320, 322, 324, 325, 328, 330, 331, 333, 336, 362, 365, 369, 372, 373, 376, 379, 382, 398, 400, 403], "summary": {"covered_lines": 91, "num_statements": 105, "percent_covered": 86.66666666666667, "percent_covered_display": "87", "missing_lines": 14, "excluded_lines": 0}, "missing_lines": [77, 80, 126, 168, 171, 240, 243, 246, 304, 307, 310, 363, 366, 401], "excluded_lines": [], "functions": {"prediction_interval_coverage_probability": {"executed_lines": [40, 41, 43, 44, 47, 49], "summary": {"covered_lines": 6, "num_statements": 6, "percent_covered": 100.0, "percent_covered_display": "100", "missing_lines": 0, "excluded_lines": 0}, "missing_lines": [], "excluded_lines": []}, "mean_prediction_interval_width": {"executed_lines": [76, 79, 82, 84, 85, 87], "summary": {"covered_lines": 6, "num_statements": 8, "percent_covered": 75.0, "percent_covered_display": "75", "missing_lines": 2, "excluded_lines": 0}, "missing_lines": [77, 80], "excluded_lines": []}, "coverage_width_criterion": {"executed_lines": [118, 119, 122, 123, 124, 130, 131, 132, 134, 136, 138], "summary": {"covered_lines": 11, "num_statements": 12, "percent_covered": 91.66666666666667, "percent_covered_display": "92", "missing_lines": 1, "excluded_lines": 0}, "missing_lines": [126], "excluded_lines": []}, "expected_calibration_error": {"executed_lines": [167, 170, 173, 174, 177, 178, 182, 184, 186, 188, 190, 191, 195, 197, 198, 199, 202, 205, 208, 210], "summary": {"covered_lines": 20, "num_statements": 22, "percent_covered": 90.9090909090909, "percent_covered_display": "91", "missing_lines": 2, "excluded_lines": 0}, "missing_lines": [168, 171], "excluded_lines": []}, "miscalibration_area": {"executed_lines": [239, 242, 245, 249, 250, 253, 255, 257, 259, 260, 263, 266, 269, 271], "summary": {"covered_lines": 14, "num_statements": 17, "percent_covered": 82.3529411764706, "percent_covered_display": "82", "missing_lines": 3, "excluded_lines": 0}, "missing_lines": [240, 243, 246], "excluded_lines": []}, "calibration_curve": {"executed_lines": [303, 306, 309, 313, 314, 317, 319, 320, 322, 324, 325, 328, 330, 331, 333], "summary": {"covered_lines": 15, "num_statements": 18, "percent_covered": 83.33333333333333, "percent_covered_display": "83", "missing_lines": 3, "excluded_lines": 0}, "missing_lines": [304, 307, 310], "excluded_lines": []}, "interval_score": {"executed_lines": [362, 365, 369, 372, 373, 376, 379], "summary": {"covered_lines": 7, "num_statements": 9, "percent_covered": 77.77777777777777, "percent_covered_display": "78", "missing_lines": 2, "excluded_lines": 0}, "missing_lines": [363, 366], "excluded_lines": []}, "sharpness": {"executed_lines": [398, 400, 403], "summary": {"covered_lines": 3, "num_statements": 4, "percent_covered": 75.0, "percent_covered_display": "75", "missing_lines": 1, "excluded_lines": 0}, "missing_lines": [401], "excluded_lines": []}, "": {"executed_lines": [1, 10, 13, 52, 90, 141, 213, 274, 336, 382], "summary": {"covered_lines": 9, "num_statements": 9, "percent_covered": 100.0, "percent_covered_display": "100", "missing_lines": 0, "excluded_lines": 0}, "missing_lines": [], "excluded_lines": []}}, "classes": {"": {"executed_lines": [1, 10, 13, 40, 41, 43, 44, 47, 49, 52, 76, 79, 82, 84, 85, 87, 90, 118, 119, 122, 123, 124, 130, 131, 132, 134, 136, 138, 141, 167, 170, 173, 174, 177, 178, 182, 184, 186, 188, 190, 191, 195, 197, 198, 199, 202, 205, 208, 210, 213, 239, 242, 245, 249, 250, 253, 255, 257, 259, 260, 263, 266, 269, 271, 274, 303, 306, 309, 313, 314, 317, 319, 320, 322, 324, 325, 328, 330, 331, 333, 336, 362, 365, 369, 372, 373, 376, 379, 382, 398, 400, 403], "summary": {"covered_lines": 91, "num_statements": 105, "percent_covered": 86.66666666666667, "percent_covered_display": "87", "missing_lines": 14, "excluded_lines": 0}, "missing_lines": [77, 80, 126, 168, 171, 240, 243, 246, 304, 307, 310, 363, 366, 401], "excluded_lines": []}}}, "src/uncertainty/conformal.py": {"executed_lines": [1, 9, 11, 14, 15, 34, 48, 49, 50, 52, 53, 55, 75, 78, 80, 84, 86, 88, 106, 110, 114, 115, 116, 118, 121, 122, 123, 133, 135, 152, 154, 171, 173, 183, 186, 190, 193, 194, 209, 226, 227, 228, 229, 231, 232, 234, 254, 257, 260, 263, 265, 266, 268, 272, 278, 280, 282, 284, 299, 303, 306, 309, 310, 313, 314, 316, 322, 323, 324, 325, 328, 329, 331, 333, 340, 341, 354, 373, 374, 377, 379, 382, 399, 400, 402, 404], "summary": {"covered_lines": 83, "num_statements": 109, "percent_covered": 76.14678899082568, "percent_covered_display": "76", "missing_lines": 26, "excluded_lines": 0}, "missing_lines": [107, 124, 128, 129, 131, 156, 158, 159, 161, 162, 163, 166, 169, 184, 269, 300, 318, 319, 342, 343, 344, 345, 346, 347, 349, 351], "excluded_lines": [], "functions": {"SplitConformalPredictor.__init__": {"executed_lines": [48, 49, 50, 52, 53], "summary": {"covered_lines": 5, "num_statements": 5, "percent_covered": 100.0, "percent_covered_display": "100", "missing_lines": 0, "excluded_lines": 0}, "missing_lines": [], "excluded_lines": []}, "SplitConformalPredictor.fit": {"executed_lines": [75, 78, 80, 84, 86], "summary": {"covered_lines": 5, "num_statements": 5, "percent_covered": 100.0, "percent_covered_display": "100", "missing_lines": 0, "excluded_lines": 0}, "missing_lines": [], "excluded_lines": []}, "SplitConformalPredictor.predict_with_interval": {"executed_lines": [106, 110, 114, 115, 116, 118, 121, 122, 123, 133], "summary": {"covered_lines": 10, "num_statements": 15, "percent_covered": 66.66666666666667, "percent_covered_display": "67", "missing_lines": 5, "excluded_lines": 0}, "missing_lines": [107, 124, 128, 129, 131], "excluded_lines": []}, "SplitConformalPredictor._compute_scores": {"executed_lines": [152, 154, 171], "summary": {"covered_lines": 3, "num_statements": 11, "percent_covered": 27.272727272727273, "percent_covered_display": "27", "missing_lines": 8, "excluded_lines": 0}, "missing_lines": [156, 158, 159, 161, 162, 163, 166, 169], "excluded_lines": []}, "SplitConformalPredictor.get_calibration_quantiles": {"executed_lines": [183, 186, 190], "summary": {"covered_lines": 3, "num_statements": 4, "percent_covered": 75.0, "percent_covered_display": "75", "missing_lines": 1, "excluded_lines": 0}, "missing_lines": [184], "excluded_lines": []}, "MondrianConformalPredictor.__init__": {"executed_lines": [226, 227, 228, 229, 231, 232], "summary": {"covered_lines": 6, "num_statements": 6, "percent_covered": 100.0, "percent_covered_display": "100", "missing_lines": 0, "excluded_lines": 0}, "missing_lines": [], "excluded_lines": []}, "MondrianConformalPredictor.fit": {"executed_lines": [254, 257, 260, 263, 265, 266, 268, 272, 278, 280, 282], "summary": {"covered_lines": 11, "num_statements": 12, "percent_covered": 91.66666666666667, "percent_covered_display": "92", "missing_lines": 1, "excluded_lines": 0}, "missing_lines": [269], "excluded_lines": []}, "MondrianConformalPredictor.predict_with_interval": {"executed_lines": [299, 303, 306, 309, 310, 313, 314, 316, 322, 323, 324, 325, 328, 329, 331], "summary": {"covered_lines": 15, "num_statements": 18, "percent_covered": 83.33333333333333, "percent_covered_display": "83", "missing_lines": 3, "excluded_lines": 0}, "missing_lines": [300, 318, 319], "excluded_lines": []}, "MondrianConformalPredictor._compute_scores": {"executed_lines": [340, 341], "summary": {"covered_lines": 2, "num_statements": 10, "percent_covered": 20.0, "percent_covered_display": "20", "missing_lines": 8, "excluded_lines": 0}, "missing_lines": [342, 343, 344, 345, 346, 347, 349, 351], "excluded_lines": []}, "stratify_by_prediction_bins": {"executed_lines": [373, 374, 377, 379], "summary": {"covered_lines": 4, "num_statements": 4, "percent_covered": 100.0, "percent_covered_display": "100", "missing_lines": 0, "excluded_lines": 0}, "missing_lines": [], "excluded_lines": []}, "stratify_by_uncertainty": {"executed_lines": [399, 400, 402, 404], "summary": {"covered_lines": 4, "num_statements": 4, "percent_covered": 100.0, "percent_covered_display": "100", "missing_lines": 0, "excluded_lines": 0}, "missing_lines": [], "excluded_lines": []}, "": {"executed_lines": [1, 9, 11, 14, 15, 34, 55, 88, 135, 173, 193, 194, 209, 234, 284, 333, 354, 382], "summary": {"covered_lines": 15, "num_statements": 15, "percent_covered": 100.0, "percent_covered_display": "100", "missing_lines": 0, "excluded_lines": 0}, "missing_lines": [], "excluded_lines": []}}, "classes": {"SplitConformalPredictor": {"executed_lines": [48, 49, 50, 52, 53, 75, 78, 80, 84, 86, 106, 110, 114, 115, 116, 118, 121, 122, 123, 133, 152, 154, 171, 183, 186, 190], "summary": {"covered_lines": 26, "num_statements": 40, "percent_covered": 65.0, "percent_covered_display": "65", "missing_lines": 14, "excluded_lines": 0}, "missing_lines": [107, 124, 128, 129, 131, 156, 158, 159, 161, 162, 163, 166, 169, 184], "excluded_lines": []}, "MondrianConformalPredictor": {"executed_lines": [226, 227, 228, 229, 231, 232, 254, 257, 260, 263, 265, 266, 268, 272, 278, 280, 282, 299, 303, 306, 309, 310, 313, 314, 316, 322, 323, 324, 325, 328, 329, 331, 340, 341], "summary": {"covered_lines": 34, "num_statements": 46, "percent_covered": 73.91304347826087, "percent_covered_display": "74", "missing_lines": 12, "excluded_lines": 0}, "missing_lines": [269, 300, 318, 319, 342, 343, 344, 345, 346, 347, 349, 351], "excluded_lines": []}, "": {"executed_lines": [1, 9, 11, 14, 15, 34, 55, 88, 135, 173, 193, 194, 209, 234, 284, 333, 354, 373, 374, 377, 379, 382, 399, 400, 402, 404], "summary": {"covered_lines": 23, "num_statements": 23, "percent_covered": 100.0, "percent_covered_display": "100", "missing_lines": 0, "excluded_lines": 0}, "missing_lines": [], "excluded_lines": []}}}}, "totals": {"covered_lines": 1708, "num_statements": 1997, "percent_covered": 85.52829243865799, "percent_covered_display": "86", "missing_lines": 289, "excluded_lines": 11}}