{"meta": {"format": 3, "version": "7.10.7", "timestamp": "2025-10-10T02:25:42.338537", "branch_coverage": false, "show_contexts": false}, "files": {"scripts/_config.py": {"executed_lines": [1, 7, 8, 11, 93, 102, 120], "summary": {"covered_lines": 6, "num_statements": 15, "percent_covered": 40.0, "percent_covered_display": "40.00", "missing_lines": 9, "excluded_lines": 0}, "missing_lines": [17, 95, 96, 97, 98, 99, 108, 109, 121], "excluded_lines": [], "functions": {"get_config": {"executed_lines": [], "summary": {"covered_lines": 0, "num_statements": 1, "percent_covered": 0.0, "percent_covered_display": "0.00", "missing_lines": 1, "excluded_lines": 0}, "missing_lines": [17], "excluded_lines": []}, "print_config": {"executed_lines": [], "summary": {"covered_lines": 0, "num_statements": 5, "percent_covered": 0.0, "percent_covered_display": "0.00", "missing_lines": 5, "excluded_lines": 0}, "missing_lines": [95, 96, 97, 98, 99], "excluded_lines": []}, "get_thresholds": {"executed_lines": [], "summary": {"covered_lines": 0, "num_statements": 2, "percent_covered": 0.0, "percent_covered_display": "0.00", "missing_lines": 2, "excluded_lines": 0}, "missing_lines": [108, 109], "excluded_lines": []}, "": {"executed_lines": [1, 7, 8, 11, 93, 102, 120], "summary": {"covered_lines": 6, "num_statements": 7, "percent_covered": 85.71428571428571, "percent_covered_display": "85.71", "missing_lines": 1, "excluded_lines": 0}, "missing_lines": [121], "excluded_lines": []}}, "classes": {"": {"executed_lines": [1, 7, 8, 11, 93, 102, 120], "summary": {"covered_lines": 6, "num_statements": 15, "percent_covered": 40.0, "percent_covered_display": "40.00", "missing_lines": 9, "excluded_lines": 0}, "missing_lines": [17, 95, 96, 97, 98, 99, 108, 109, 121], "excluded_lines": []}}}, "scripts/aggregate_runs.py": {"executed_lines": [], "summary": {"covered_lines": 0, "num_statements": 125, "percent_covered": 0.0, "percent_covered_display": "0.00", "missing_lines": 125, "excluded_lines": 0}, "missing_lines": [13, 14, 15, 16, 17, 18, 19, 22, 32, 34, 35, 38, 39, 40, 41, 42, 43, 44, 45, 48, 50, 53, 62, 63, 73, 74, 75, 76, 77, 79, 81, 82, 83, 84, 87, 88, 89, 90, 91, 92, 93, 96, 97, 98, 99, 100, 101, 104, 105, 108, 122, 128, 129, 130, 131, 132, 133, 135, 136, 137, 140, 141, 142, 145, 146, 147, 148, 149, 152, 153, 154, 155, 156, 157, 158, 159, 161, 164, 165, 167, 169, 172, 178, 179, 181, 183, 185, 187, 188, 189, 190, 191, 194, 195, 196, 197, 199, 200, 201, 202, 203, 204, 205, 208, 211, 212, 213, 214, 215, 216, 217, 218, 219, 220, 221, 224, 225, 226, 227, 228, 230, 231, 233, 236, 237], "excluded_lines": [], "functions": {"load_run_records": {"executed_lines": [], "summary": {"covered_lines": 0, "num_statements": 13, "percent_covered": 0.0, "percent_covered_display": "0.00", "missing_lines": 13, "excluded_lines": 0}, "missing_lines": [32, 34, 35, 38, 39, 40, 41, 42, 43, 44, 45, 48, 50], "excluded_lines": []}, "compute_rollup_stats": {"executed_lines": [], "summary": {"covered_lines": 0, "num_statements": 28, "percent_covered": 0.0, "percent_covered_display": "0.00", "missing_lines": 28, "excluded_lines": 0}, "missing_lines": [62, 63, 73, 74, 75, 76, 77, 79, 81, 82, 83, 84, 87, 88, 89, 90, 91, 92, 93, 96, 97, 98, 99, 100, 101, 104, 105, 108], "excluded_lines": []}, "print_runs_table": {"executed_lines": [], "summary": {"covered_lines": 0, "num_statements": 30, "percent_covered": 0.0, "percent_covered_display": "0.00", "missing_lines": 30, "excluded_lines": 0}, "missing_lines": [128, 129, 130, 131, 132, 133, 135, 136, 137, 140, 141, 142, 145, 146, 147, 148, 149, 152, 153, 154, 155, 156, 157, 158, 159, 161, 164, 165, 167, 169], "excluded_lines": []}, "main": {"executed_lines": [], "summary": {"covered_lines": 0, "num_statements": 41, "percent_covered": 0.0, "percent_covered_display": "0.00", "missing_lines": 41, "excluded_lines": 0}, "missing_lines": [178, 179, 181, 183, 185, 187, 188, 189, 190, 191, 194, 195, 196, 197, 199, 200, 201, 202, 203, 204, 205, 208, 211, 212, 213, 214, 215, 216, 217, 218, 219, 220, 221, 224, 225, 226, 227, 228, 230, 231, 233], "excluded_lines": []}, "": {"executed_lines": [], "summary": {"covered_lines": 0, "num_statements": 13, "percent_covered": 0.0, "percent_covered_display": "0.00", "missing_lines": 13, "excluded_lines": 0}, "missing_lines": [13, 14, 15, 16, 17, 18, 19, 22, 53, 122, 172, 236, 237], "excluded_lines": []}}, "classes": {"": {"executed_lines": [], "summary": {"covered_lines": 0, "num_statements": 125, "percent_covered": 0.0, "percent_covered_display": "0.00", "missing_lines": 125, "excluded_lines": 0}, "missing_lines": [13, 14, 15, 16, 17, 18, 19, 22, 32, 34, 35, 38, 39, 40, 41, 42, 43, 44, 45, 48, 50, 53, 62, 63, 73, 74, 75, 76, 77, 79, 81, 82, 83, 84, 87, 88, 89, 90, 91, 92, 93, 96, 97, 98, 99, 100, 101, 104, 105, 108, 122, 128, 129, 130, 131, 132, 133, 135, 136, 137, 140, 141, 142, 145, 146, 147, 148, 149, 152, 153, 154, 155, 156, 157, 158, 159, 161, 164, 165, 167, 169, 172, 178, 179, 181, 183, 185, 187, 188, 189, 190, 191, 194, 195, 196, 197, 199, 200, 201, 202, 203, 204, 205, 208, 211, 212, 213, 214, 215, 216, 217, 218, 219, 220, 221, 224, 225, 226, 227, 228, 230, 231, 233, 236, 237], "excluded_lines": []}}}, "scripts/analyze_runs.py": {"executed_lines": [], "summary": {"covered_lines": 0, "num_statements": 193, "percent_covered": 0.0, "percent_covered_display": "0.00", "missing_lines": 193, "excluded_lines": 0}, "missing_lines": [13, 14, 15, 16, 17, 18, 20, 21, 24, 34, 35, 37, 38, 39, 41, 42, 43, 45, 46, 48, 51, 61, 62, 64, 65, 67, 70, 80, 83, 84, 85, 88, 89, 90, 91, 93, 94, 95, 96, 98, 100, 103, 114, 117, 118, 119, 122, 123, 124, 125, 127, 128, 131, 132, 133, 136, 137, 139, 140, 141, 143, 146, 147, 155, 157, 160, 172, 173, 176, 177, 179, 180, 183, 186, 188, 196, 205, 206, 207, 208, 209, 210, 213, 214, 215, 216, 217, 218, 220, 221, 222, 223, 224, 226, 227, 229, 230, 231, 232, 233, 234, 236, 237, 238, 239, 242, 243, 244, 245, 248, 249, 250, 251, 252, 254, 256, 257, 258, 260, 261, 263, 265, 266, 269, 270, 271, 272, 273, 274, 275, 276, 277, 278, 281, 282, 283, 284, 286, 289, 295, 296, 298, 300, 302, 304, 306, 307, 308, 309, 310, 313, 314, 315, 316, 317, 319, 320, 321, 322, 325, 328, 329, 332, 333, 336, 337, 340, 349, 350, 351, 352, 355, 356, 357, 360, 361, 362, 363, 364, 365, 366, 367, 368, 369, 370, 372, 373, 374, 376, 377, 379, 382, 383], "excluded_lines": [], "functions": {"compute_correlation": {"executed_lines": [], "summary": {"covered_lines": 0, "num_statements": 11, "percent_covered": 0.0, "percent_covered_display": "0.00", "missing_lines": 11, "excluded_lines": 0}, "missing_lines": [34, 35, 37, 38, 39, 41, 42, 43, 45, 46, 48], "excluded_lines": []}, "compute_lag_autocorrelation": {"executed_lines": [], "summary": {"covered_lines": 0, "num_statements": 5, "percent_covered": 0.0, "percent_covered_display": "0.00", "missing_lines": 5, "excluded_lines": 0}, "missing_lines": [61, 62, 64, 65, 67], "excluded_lines": []}, "compute_correlation_matrix": {"executed_lines": [], "summary": {"covered_lines": 0, "num_statements": 14, "percent_covered": 0.0, "percent_covered_display": "0.00", "missing_lines": 14, "excluded_lines": 0}, "missing_lines": [80, 83, 84, 85, 88, 89, 90, 91, 93, 94, 95, 96, 98, 100], "excluded_lines": []}, "find_leading_indicators": {"executed_lines": [], "summary": {"covered_lines": 0, "num_statements": 23, "percent_covered": 0.0, "percent_covered_display": "0.00", "missing_lines": 23, "excluded_lines": 0}, "missing_lines": [114, 117, 118, 119, 122, 123, 124, 125, 127, 128, 131, 132, 133, 136, 137, 139, 140, 141, 143, 146, 147, 155, 157], "excluded_lines": []}, "compute_epistemic_efficiency": {"executed_lines": [], "summary": {"covered_lines": 0, "num_statements": 9, "percent_covered": 0.0, "percent_covered_display": "0.00", "missing_lines": 9, "excluded_lines": 0}, "missing_lines": [172, 173, 176, 177, 179, 180, 183, 186, 188], "excluded_lines": []}, "generate_trends_markdown": {"executed_lines": [], "summary": {"covered_lines": 0, "num_statements": 62, "percent_covered": 0.0, "percent_covered_display": "0.00", "missing_lines": 62, "excluded_lines": 0}, "missing_lines": [205, 206, 207, 208, 209, 210, 213, 214, 215, 216, 217, 218, 220, 221, 222, 223, 224, 226, 227, 229, 230, 231, 232, 233, 234, 236, 237, 238, 239, 242, 243, 244, 245, 248, 249, 250, 251, 252, 254, 256, 257, 258, 260, 261, 263, 265, 266, 269, 270, 271, 272, 273, 274, 275, 276, 277, 278, 281, 282, 283, 284, 286], "excluded_lines": []}, "main": {"executed_lines": [], "summary": {"covered_lines": 0, "num_statements": 52, "percent_covered": 0.0, "percent_covered_display": "0.00", "missing_lines": 52, "excluded_lines": 0}, "missing_lines": [295, 296, 298, 300, 302, 304, 306, 307, 308, 309, 310, 313, 314, 315, 316, 317, 319, 320, 321, 322, 325, 328, 329, 332, 333, 336, 337, 340, 349, 350, 351, 352, 355, 356, 357, 360, 361, 362, 363, 364, 365, 366, 367, 368, 369, 370, 372, 373, 374, 376, 377, 379], "excluded_lines": []}, "": {"executed_lines": [], "summary": {"covered_lines": 0, "num_statements": 17, "percent_covered": 0.0, "percent_covered_display": "0.00", "missing_lines": 17, "excluded_lines": 0}, "missing_lines": [13, 14, 15, 16, 17, 18, 20, 21, 24, 51, 70, 103, 160, 196, 289, 382, 383], "excluded_lines": []}}, "classes": {"": {"executed_lines": [], "summary": {"covered_lines": 0, "num_statements": 193, "percent_covered": 0.0, "percent_covered_display": "0.00", "missing_lines": 193, "excluded_lines": 0}, "missing_lines": [13, 14, 15, 16, 17, 18, 20, 21, 24, 34, 35, 37, 38, 39, 41, 42, 43, 45, 46, 48, 51, 61, 62, 64, 65, 67, 70, 80, 83, 84, 85, 88, 89, 90, 91, 93, 94, 95, 96, 98, 100, 103, 114, 117, 118, 119, 122, 123, 124, 125, 127, 128, 131, 132, 133, 136, 137, 139, 140, 141, 143, 146, 147, 155, 157, 160, 172, 173, 176, 177, 179, 180, 183, 186, 188, 196, 205, 206, 207, 208, 209, 210, 213, 214, 215, 216, 217, 218, 220, 221, 222, 223, 224, 226, 227, 229, 230, 231, 232, 233, 234, 236, 237, 238, 239, 242, 243, 244, 245, 248, 249, 250, 251, 252, 254, 256, 257, 258, 260, 261, 263, 265, 266, 269, 270, 271, 272, 273, 274, 275, 276, 277, 278, 281, 282, 283, 284, 286, 289, 295, 296, 298, 300, 302, 304, 306, 307, 308, 309, 310, 313, 314, 315, 316, 317, 319, 320, 321, 322, 325, 328, 329, 332, 333, 336, 337, 340, 349, 350, 351, 352, 355, 356, 357, 360, 361, 362, 363, 364, 365, 366, 367, 368, 369, 370, 372, 373, 374, 376, 377, 379, 382, 383], "excluded_lines": []}}}, "scripts/audit_trail.py": {"executed_lines": [], "summary": {"covered_lines": 0, "num_statements": 191, "percent_covered": 0.0, "percent_covered_display": "0.00", "missing_lines": 191, "excluded_lines": 0}, "missing_lines": [13, 14, 15, 16, 17, 18, 20, 21, 24, 33, 35, 36, 38, 39, 40, 41, 44, 45, 46, 48, 51, 52, 53, 54, 55, 56, 57, 58, 60, 61, 63, 64, 66, 69, 80, 82, 83, 84, 85, 87, 88, 90, 92, 93, 95, 96, 98, 101, 118, 120, 121, 122, 123, 124, 125, 128, 129, 130, 132, 133, 134, 135, 136, 137, 138, 139, 141, 142, 143, 146, 147, 148, 149, 150, 153, 155, 156, 157, 158, 159, 160, 161, 162, 164, 166, 168, 169, 170, 171, 174, 175, 176, 177, 178, 180, 181, 182, 183, 184, 185, 187, 189, 191, 192, 193, 194, 197, 198, 199, 200, 201, 202, 203, 206, 207, 209, 210, 211, 212, 214, 215, 217, 218, 220, 221, 223, 226, 227, 228, 229, 230, 231, 232, 233, 234, 236, 239, 245, 246, 248, 251, 254, 256, 258, 260, 261, 262, 263, 264, 267, 268, 269, 272, 273, 274, 275, 276, 277, 280, 281, 282, 283, 284, 287, 288, 291, 292, 294, 295, 298, 299, 300, 301, 302, 303, 304, 305, 307, 308, 309, 310, 311, 312, 313, 314, 315, 317, 318, 319, 322, 323], "excluded_lines": [], "functions": {"parse_waivers": {"executed_lines": [], "summary": {"covered_lines": 0, "num_statements": 24, "percent_covered": 0.0, "percent_covered_display": "0.00", "missing_lines": 24, "excluded_lines": 0}, "missing_lines": [33, 35, 36, 38, 39, 40, 41, 44, 45, 46, 48, 51, 52, 53, 54, 55, 56, 57, 58, 60, 61, 63, 64, 66], "excluded_lines": []}, "check_waiver_status": {"executed_lines": [], "summary": {"covered_lines": 0, "num_statements": 13, "percent_covered": 0.0, "percent_covered_display": "0.00", "missing_lines": 13, "excluded_lines": 0}, "missing_lines": [80, 82, 83, 84, 85, 87, 88, 90, 92, 93, 95, 96, 98], "excluded_lines": []}, "generate_audit_trail_markdown": {"executed_lines": [], "summary": {"covered_lines": 0, "num_statements": 88, "percent_covered": 0.0, "percent_covered_display": "0.00", "missing_lines": 88, "excluded_lines": 0}, "missing_lines": [118, 120, 121, 122, 123, 124, 125, 128, 129, 130, 132, 133, 134, 135, 136, 137, 138, 139, 141, 142, 143, 146, 147, 148, 149, 150, 153, 155, 156, 157, 158, 159, 160, 161, 162, 164, 166, 168, 169, 170, 171, 174, 175, 176, 177, 178, 180, 181, 182, 183, 184, 185, 187, 189, 191, 192, 193, 194, 197, 198, 199, 200, 201, 202, 203, 206, 207, 209, 210, 211, 212, 214, 215, 217, 218, 220, 221, 223, 226, 227, 228, 229, 230, 231, 232, 233, 234, 236], "excluded_lines": []}, "main": {"executed_lines": [], "summary": {"covered_lines": 0, "num_statements": 52, "percent_covered": 0.0, "percent_covered_display": "0.00", "missing_lines": 52, "excluded_lines": 0}, "missing_lines": [245, 246, 248, 251, 254, 256, 258, 260, 261, 262, 263, 264, 267, 268, 269, 272, 273, 274, 275, 276, 277, 280, 281, 282, 283, 284, 287, 288, 291, 292, 294, 295, 298, 299, 300, 301, 302, 303, 304, 305, 307, 308, 309, 310, 311, 312, 313, 314, 315, 317, 318, 319], "excluded_lines": []}, "": {"executed_lines": [], "summary": {"covered_lines": 0, "num_statements": 14, "percent_covered": 0.0, "percent_covered_display": "0.00", "missing_lines": 14, "excluded_lines": 0}, "missing_lines": [13, 14, 15, 16, 17, 18, 20, 21, 24, 69, 101, 239, 322, 323], "excluded_lines": []}}, "classes": {"": {"executed_lines": [], "summary": {"covered_lines": 0, "num_statements": 191, "percent_covered": 0.0, "percent_covered_display": "0.00", "missing_lines": 191, "excluded_lines": 0}, "missing_lines": [13, 14, 15, 16, 17, 18, 20, 21, 24, 33, 35, 36, 38, 39, 40, 41, 44, 45, 46, 48, 51, 52, 53, 54, 55, 56, 57, 58, 60, 61, 63, 64, 66, 69, 80, 82, 83, 84, 85, 87, 88, 90, 92, 93, 95, 96, 98, 101, 118, 120, 121, 122, 123, 124, 125, 128, 129, 130, 132, 133, 134, 135, 136, 137, 138, 139, 141, 142, 143, 146, 147, 148, 149, 150, 153, 155, 156, 157, 158, 159, 160, 161, 162, 164, 166, 168, 169, 170, 171, 174, 175, 176, 177, 178, 180, 181, 182, 183, 184, 185, 187, 189, 191, 192, 193, 194, 197, 198, 199, 200, 201, 202, 203, 206, 207, 209, 210, 211, 212, 214, 215, 217, 218, 220, 221, 223, 226, 227, 228, 229, 230, 231, 232, 233, 234, 236, 239, 245, 246, 248, 251, 254, 256, 258, 260, 261, 262, 263, 264, 267, 268, 269, 272, 273, 274, 275, 276, 277, 280, 281, 282, 283, 284, 287, 288, 291, 292, 294, 295, 298, 299, 300, 301, 302, 303, 304, 305, 307, 308, 309, 310, 311, 312, 313, 314, 315, 317, 318, 319, 322, 323], "excluded_lines": []}}}, "scripts/baseline_update.py": {"executed_lines": [], "summary": {"covered_lines": 0, "num_statements": 127, "percent_covered": 0.0, "percent_covered_display": "0.00", "missing_lines": 127, "excluded_lines": 0}, "missing_lines": [13, 14, 15, 16, 17, 18, 20, 21, 24, 34, 35, 37, 38, 39, 40, 42, 43, 45, 48, 58, 59, 61, 62, 63, 65, 68, 83, 85, 86, 89, 90, 91, 92, 93, 94, 97, 98, 101, 102, 104, 105, 106, 109, 111, 114, 124, 125, 128, 138, 139, 140, 141, 142, 145, 147, 148, 149, 152, 155, 156, 157, 160, 162, 169, 177, 179, 180, 181, 182, 183, 184, 185, 186, 187, 188, 190, 191, 192, 193, 194, 196, 198, 201, 207, 208, 210, 212, 213, 214, 216, 217, 218, 220, 221, 222, 223, 224, 225, 226, 227, 228, 231, 232, 233, 234, 236, 237, 238, 239, 240, 241, 242, 243, 246, 247, 248, 251, 254, 255, 256, 257, 258, 260, 261, 263, 266, 267], "excluded_lines": [], "functions": {"winsorize": {"executed_lines": [], "summary": {"covered_lines": 0, "num_statements": 9, "percent_covered": 0.0, "percent_covered_display": "0.00", "missing_lines": 9, "excluded_lines": 0}, "missing_lines": [34, 35, 37, 38, 39, 40, 42, 43, 45], "excluded_lines": []}, "compute_ewma": {"executed_lines": [], "summary": {"covered_lines": 0, "num_statements": 6, "percent_covered": 0.0, "percent_covered_display": "0.00", "missing_lines": 6, "excluded_lines": 0}, "missing_lines": [58, 59, 61, 62, 63, 65], "excluded_lines": []}, "load_successful_runs": {"executed_lines": [], "summary": {"covered_lines": 0, "num_statements": 18, "percent_covered": 0.0, "percent_covered_display": "0.00", "missing_lines": 18, "excluded_lines": 0}, "missing_lines": [83, 85, 86, 89, 90, 91, 92, 93, 94, 97, 98, 101, 102, 104, 105, 106, 109, 111], "excluded_lines": []}, "compute_baseline_stats": {"executed_lines": [], "summary": {"covered_lines": 0, "num_statements": 19, "percent_covered": 0.0, "percent_covered_display": "0.00", "missing_lines": 19, "excluded_lines": 0}, "missing_lines": [124, 125, 128, 138, 139, 140, 141, 142, 145, 147, 148, 149, 152, 155, 156, 157, 160, 162, 169], "excluded_lines": []}, "print_baseline_table": {"executed_lines": [], "summary": {"covered_lines": 0, "num_statements": 17, "percent_covered": 0.0, "percent_covered_display": "0.00", "missing_lines": 17, "excluded_lines": 0}, "missing_lines": [179, 180, 181, 182, 183, 184, 185, 186, 187, 188, 190, 191, 192, 193, 194, 196, 198], "excluded_lines": []}, "main": {"executed_lines": [], "summary": {"covered_lines": 0, "num_statements": 42, "percent_covered": 0.0, "percent_covered_display": "0.00", "missing_lines": 42, "excluded_lines": 0}, "missing_lines": [207, 208, 210, 212, 213, 214, 216, 217, 218, 220, 221, 222, 223, 224, 225, 226, 227, 228, 231, 232, 233, 234, 236, 237, 238, 239, 240, 241, 242, 243, 246, 247, 248, 251, 254, 255, 256, 257, 258, 260, 261, 263], "excluded_lines": []}, "": {"executed_lines": [], "summary": {"covered_lines": 0, "num_statements": 16, "percent_covered": 0.0, "percent_covered_display": "0.00", "missing_lines": 16, "excluded_lines": 0}, "missing_lines": [13, 14, 15, 16, 17, 18, 20, 21, 24, 48, 68, 114, 177, 201, 266, 267], "excluded_lines": []}}, "classes": {"": {"executed_lines": [], "summary": {"covered_lines": 0, "num_statements": 127, "percent_covered": 0.0, "percent_covered_display": "0.00", "missing_lines": 127, "excluded_lines": 0}, "missing_lines": [13, 14, 15, 16, 17, 18, 20, 21, 24, 34, 35, 37, 38, 39, 40, 42, 43, 45, 48, 58, 59, 61, 62, 63, 65, 68, 83, 85, 86, 89, 90, 91, 92, 93, 94, 97, 98, 101, 102, 104, 105, 106, 109, 111, 114, 124, 125, 128, 138, 139, 140, 141, 142, 145, 147, 148, 149, 152, 155, 156, 157, 160, 162, 169, 177, 179, 180, 181, 182, 183, 184, 185, 186, 187, 188, 190, 191, 192, 193, 194, 196, 198, 201, 207, 208, 210, 212, 213, 214, 216, 217, 218, 220, 221, 222, 223, 224, 225, 226, 227, 228, 231, 232, 233, 234, 236, 237, 238, 239, 240, 241, 242, 243, 246, 247, 248, 251, 254, 255, 256, 257, 258, 260, 261, 263, 266, 267], "excluded_lines": []}}}, "scripts/benchmark_example.py": {"executed_lines": [2, 7, 8, 9, 10, 13, 15, 16, 17, 18, 21, 23, 24, 25, 26, 27, 28, 31, 33, 35, 36, 37, 38, 39, 40, 42, 53, 76], "summary": {"covered_lines": 27, "num_statements": 42, "percent_covered": 64.28571428571429, "percent_covered_display": "64.29", "missing_lines": 15, "excluded_lines": 0}, "missing_lines": [54, 55, 57, 58, 61, 63, 64, 66, 67, 68, 70, 71, 72, 73, 77], "excluded_lines": [], "functions": {"fast_computation": {"executed_lines": [15, 16, 17, 18], "summary": {"covered_lines": 4, "num_statements": 4, "percent_covered": 100.0, "percent_covered_display": "100.00", "missing_lines": 0, "excluded_lines": 0}, "missing_lines": [], "excluded_lines": []}, "slow_computation": {"executed_lines": [23, 24, 25, 26, 27, 28], "summary": {"covered_lines": 6, "num_statements": 6, "percent_covered": 100.0, "percent_covered_display": "100.00", "missing_lines": 0, "excluded_lines": 0}, "missing_lines": [], "excluded_lines": []}, "run_benchmark": {"executed_lines": [33, 35, 36, 37, 38, 39, 40, 42], "summary": {"covered_lines": 8, "num_statements": 8, "percent_covered": 100.0, "percent_covered_display": "100.00", "missing_lines": 0, "excluded_lines": 0}, "missing_lines": [], "excluded_lines": []}, "main": {"executed_lines": [], "summary": {"covered_lines": 0, "num_statements": 14, "percent_covered": 0.0, "percent_covered_display": "0.00", "missing_lines": 14, "excluded_lines": 0}, "missing_lines": [54, 55, 57, 58, 61, 63, 64, 66, 67, 68, 70, 71, 72, 73], "excluded_lines": []}, "": {"executed_lines": [2, 7, 8, 9, 10, 13, 21, 31, 53, 76], "summary": {"covered_lines": 9, "num_statements": 10, "percent_covered": 90.0, "percent_covered_display": "90.00", "missing_lines": 1, "excluded_lines": 0}, "missing_lines": [77], "excluded_lines": []}}, "classes": {"": {"executed_lines": [2, 7, 8, 9, 10, 13, 15, 16, 17, 18, 21, 23, 24, 25, 26, 27, 28, 31, 33, 35, 36, 37, 38, 39, 40, 42, 53, 76], "summary": {"covered_lines": 27, "num_statements": 42, "percent_covered": 64.28571428571429, "percent_covered_display": "64.29", "missing_lines": 15, "excluded_lines": 0}, "missing_lines": [54, 55, 57, 58, 61, 63, 64, 66, 67, 68, 70, 71, 72, 73, 77], "excluded_lines": []}}}, "scripts/bootstrap.py": {"executed_lines": [], "summary": {"covered_lines": 0, "num_statements": 117, "percent_covered": 0.0, "percent_covered_display": "0.00", "missing_lines": 117, "excluded_lines": 0}, "missing_lines": [14, 15, 16, 19, 21, 22, 24, 27, 28, 32, 35, 37, 41, 46, 49, 51, 53, 55, 56, 63, 64, 65, 66, 67, 68, 69, 70, 71, 74, 76, 79, 80, 86, 88, 91, 98, 101, 102, 105, 106, 107, 109, 112, 113, 116, 122, 125, 127, 130, 132, 133, 134, 144, 153, 154, 157, 158, 159, 160, 161, 162, 163, 164, 171, 172, 174, 175, 177, 179, 182, 183, 185, 189, 191, 198, 200, 201, 202, 203, 204, 205, 206, 207, 209, 210, 211, 212, 213, 215, 216, 217, 218, 220, 221, 222, 223, 224, 225, 227, 228, 229, 230, 232, 235, 237, 238, 241, 242, 243, 246, 247, 250, 252, 255, 257, 265, 266], "excluded_lines": [], "functions": {"setup_database": {"executed_lines": [], "summary": {"covered_lines": 0, "num_statements": 3, "percent_covered": 0.0, "percent_covered_display": "0.00", "missing_lines": 3, "excluded_lines": 0}, "missing_lines": [37, 41, 46], "excluded_lines": []}, "compile_safety_kernel": {"executed_lines": [], "summary": {"covered_lines": 0, "num_statements": 13, "percent_covered": 0.0, "percent_covered_display": "0.00", "missing_lines": 13, "excluded_lines": 0}, "missing_lines": [51, 53, 55, 56, 63, 64, 65, 66, 67, 68, 69, 70, 71], "excluded_lines": []}, "register_instruments": {"executed_lines": [], "summary": {"covered_lines": 0, "num_statements": 5, "percent_covered": 0.0, "percent_covered_display": "0.00", "missing_lines": 5, "excluded_lines": 0}, "missing_lines": [76, 79, 80, 86, 88], "excluded_lines": []}, "run_first_closed_loop": {"executed_lines": [], "summary": {"covered_lines": 0, "num_statements": 39, "percent_covered": 0.0, "percent_covered_display": "0.00", "missing_lines": 39, "excluded_lines": 0}, "missing_lines": [98, 101, 102, 105, 106, 107, 109, 112, 113, 116, 122, 125, 127, 130, 132, 133, 134, 144, 153, 154, 157, 158, 159, 160, 161, 162, 163, 164, 171, 172, 174, 175, 177, 179, 182, 183, 185, 189, 191], "excluded_lines": []}, "print_summary": {"executed_lines": [], "summary": {"covered_lines": 0, "num_statements": 28, "percent_covered": 0.0, "percent_covered_display": "0.00", "missing_lines": 28, "excluded_lines": 0}, "missing_lines": [200, 201, 202, 203, 204, 205, 206, 207, 209, 210, 211, 212, 213, 215, 216, 217, 218, 220, 221, 222, 223, 224, 225, 227, 228, 229, 230, 232], "excluded_lines": []}, "main": {"executed_lines": [], "summary": {"covered_lines": 0, "num_statements": 9, "percent_covered": 0.0, "percent_covered_display": "0.00", "missing_lines": 9, "excluded_lines": 0}, "missing_lines": [237, 238, 241, 242, 243, 246, 247, 250, 252], "excluded_lines": []}, "": {"executed_lines": [], "summary": {"covered_lines": 0, "num_statements": 20, "percent_covered": 0.0, "percent_covered_display": "0.00", "missing_lines": 20, "excluded_lines": 0}, "missing_lines": [14, 15, 16, 19, 21, 22, 24, 27, 28, 32, 35, 49, 74, 91, 198, 235, 255, 257, 265, 266], "excluded_lines": []}}, "classes": {"": {"executed_lines": [], "summary": {"covered_lines": 0, "num_statements": 117, "percent_covered": 0.0, "percent_covered_display": "0.00", "missing_lines": 117, "excluded_lines": 0}, "missing_lines": [14, 15, 16, 19, 21, 22, 24, 27, 28, 32, 35, 37, 41, 46, 49, 51, 53, 55, 56, 63, 64, 65, 66, 67, 68, 69, 70, 71, 74, 76, 79, 80, 86, 88, 91, 98, 101, 102, 105, 106, 107, 109, 112, 113, 116, 122, 125, 127, 130, 132, 133, 134, 144, 153, 154, 157, 158, 159, 160, 161, 162, 163, 164, 171, 172, 174, 175, 177, 179, 182, 183, 185, 189, 191, 198, 200, 201, 202, 203, 204, 205, 206, 207, 209, 210, 211, 212, 213, 215, 216, 217, 218, 220, 221, 222, 223, 224, 225, 227, 228, 229, 230, 232, 235, 237, 238, 241, 242, 243, 246, 247, 250, 252, 255, 257, 265, 266], "excluded_lines": []}}}, "scripts/calibration.py": {"executed_lines": [], "summary": {"covered_lines": 0, "num_statements": 104, "percent_covered": 0.0, "percent_covered_display": "0.00", "missing_lines": 104, "excluded_lines": 1}, "missing_lines": [16, 17, 18, 19, 20, 22, 25, 37, 40, 57, 58, 59, 60, 62, 65, 66, 69, 70, 71, 73, 74, 75, 76, 77, 78, 80, 83, 102, 107, 108, 110, 111, 112, 113, 114, 116, 119, 138, 143, 145, 146, 147, 148, 150, 153, 165, 166, 169, 184, 193, 196, 211, 215, 222, 244, 245, 247, 248, 250, 252, 253, 254, 256, 257, 259, 261, 264, 279, 280, 282, 283, 284, 286, 287, 289, 290, 291, 292, 294, 295, 297, 304, 305, 306, 307, 308, 310, 313, 315, 318, 324, 329, 336, 338, 339, 345, 346, 348, 349, 350, 351, 352, 355, 356], "excluded_lines": [223], "functions": {"compute_brier_score": {"executed_lines": [], "summary": {"covered_lines": 0, "num_statements": 1, "percent_covered": 0.0, "percent_covered_display": "0.00", "missing_lines": 1, "excluded_lines": 0}, "missing_lines": [37], "excluded_lines": []}, "compute_calibration_curve": {"executed_lines": [], "summary": {"covered_lines": 0, "num_statements": 17, "percent_covered": 0.0, "percent_covered_display": "0.00", "missing_lines": 17, "excluded_lines": 0}, "missing_lines": [57, 58, 59, 60, 62, 65, 66, 69, 70, 71, 73, 74, 75, 76, 77, 78, 80], "excluded_lines": []}, "compute_ece": {"executed_lines": [], "summary": {"covered_lines": 0, "num_statements": 9, "percent_covered": 0.0, "percent_covered_display": "0.00", "missing_lines": 9, "excluded_lines": 0}, "missing_lines": [102, 107, 108, 110, 111, 112, 113, 114, 116], "excluded_lines": []}, "compute_mce": {"executed_lines": [], "summary": {"covered_lines": 0, "num_statements": 7, "percent_covered": 0.0, "percent_covered_display": "0.00", "missing_lines": 7, "excluded_lines": 0}, "missing_lines": [138, 143, 145, 146, 147, 148, 150], "excluded_lines": []}, "compute_model_confidence": {"executed_lines": [], "summary": {"covered_lines": 0, "num_statements": 2, "percent_covered": 0.0, "percent_covered_display": "0.00", "missing_lines": 2, "excluded_lines": 0}, "missing_lines": [165, 166], "excluded_lines": []}, "generate_calibration_metrics": {"executed_lines": [], "summary": {"covered_lines": 0, "num_statements": 2, "percent_covered": 0.0, "percent_covered_display": "0.00", "missing_lines": 2, "excluded_lines": 0}, "missing_lines": [184, 193], "excluded_lines": []}, "generate_reliability_diagram_data": {"executed_lines": [], "summary": {"covered_lines": 0, "num_statements": 2, "percent_covered": 0.0, "percent_covered_display": "0.00", "missing_lines": 2, "excluded_lines": 0}, "missing_lines": [211, 215], "excluded_lines": []}, "load_predictions": {"executed_lines": [], "summary": {"covered_lines": 0, "num_statements": 12, "percent_covered": 0.0, "percent_covered_display": "0.00", "missing_lines": 12, "excluded_lines": 1}, "missing_lines": [244, 245, 247, 248, 250, 252, 253, 254, 256, 257, 259, 261], "excluded_lines": [223]}, "generate_calibration_report": {"executed_lines": [], "summary": {"covered_lines": 0, "num_statements": 20, "percent_covered": 0.0, "percent_covered_display": "0.00", "missing_lines": 20, "excluded_lines": 0}, "missing_lines": [279, 280, 282, 283, 284, 286, 287, 289, 290, 291, 292, 294, 295, 297, 304, 305, 306, 307, 308, 310], "excluded_lines": []}, "main": {"executed_lines": [], "summary": {"covered_lines": 0, "num_statements": 14, "percent_covered": 0.0, "percent_covered_display": "0.00", "missing_lines": 14, "excluded_lines": 0}, "missing_lines": [315, 318, 324, 329, 336, 338, 339, 345, 346, 348, 349, 350, 351, 352], "excluded_lines": []}, "": {"executed_lines": [], "summary": {"covered_lines": 0, "num_statements": 18, "percent_covered": 0.0, "percent_covered_display": "0.00", "missing_lines": 18, "excluded_lines": 0}, "missing_lines": [16, 17, 18, 19, 20, 22, 25, 40, 83, 119, 153, 169, 196, 222, 264, 313, 355, 356], "excluded_lines": []}}, "classes": {"": {"executed_lines": [], "summary": {"covered_lines": 0, "num_statements": 104, "percent_covered": 0.0, "percent_covered_display": "0.00", "missing_lines": 104, "excluded_lines": 1}, "missing_lines": [16, 17, 18, 19, 20, 22, 25, 37, 40, 57, 58, 59, 60, 62, 65, 66, 69, 70, 71, 73, 74, 75, 76, 77, 78, 80, 83, 102, 107, 108, 110, 111, 112, 113, 114, 116, 119, 138, 143, 145, 146, 147, 148, 150, 153, 165, 166, 169, 184, 193, 196, 211, 215, 222, 244, 245, 247, 248, 250, 252, 253, 254, 256, 257, 259, 261, 264, 279, 280, 282, 283, 284, 286, 287, 289, 290, 291, 292, 294, 295, 297, 304, 305, 306, 307, 308, 310, 313, 315, 318, 324, 329, 336, 338, 339, 345, 346, 348, 349, 350, 351, 352, 355, 356], "excluded_lines": [223]}}}, "scripts/chaos_coverage_analysis.py": {"executed_lines": [2, 10, 11, 12, 13, 14, 17, 18, 19, 20, 21, 22, 23, 24, 25, 28, 29, 30, 31, 32, 33, 34, 37, 39, 99, 101, 153, 160, 161, 162, 163, 164, 167, 168, 170, 171, 173, 174, 180, 186, 189, 190, 191, 193, 208, 210, 211, 212, 213, 214, 215, 216, 217, 218, 220, 221, 222, 223, 225, 226, 227, 228, 229, 230, 231, 232, 234, 235, 236, 237, 238, 239, 240, 242, 243, 244, 246, 248, 249, 252, 320], "summary": {"covered_lines": 78, "num_statements": 103, "percent_covered": 75.72815533980582, "percent_covered_display": "75.73", "missing_lines": 25, "excluded_lines": 0}, "missing_lines": [253, 254, 256, 259, 262, 263, 264, 265, 266, 268, 269, 271, 274, 277, 280, 283, 285, 308, 309, 311, 314, 315, 317, 321, 322], "excluded_lines": [], "functions": {"generate_synthetic_incidents": {"executed_lines": [39], "summary": {"covered_lines": 1, "num_statements": 1, "percent_covered": 100.0, "percent_covered_display": "100.00", "missing_lines": 0, "excluded_lines": 0}, "missing_lines": [], "excluded_lines": []}, "load_chaos_tests": {"executed_lines": [101], "summary": {"covered_lines": 1, "num_statements": 1, "percent_covered": 100.0, "percent_covered_display": "100.00", "missing_lines": 0, "excluded_lines": 0}, "missing_lines": [], "excluded_lines": []}, "map_incidents_to_tests": {"executed_lines": [160, 161, 162, 163, 164, 167, 168, 170, 171, 173, 174, 180, 186, 189, 190, 191, 193], "summary": {"covered_lines": 17, "num_statements": 17, "percent_covered": 100.0, "percent_covered_display": "100.00", "missing_lines": 0, "excluded_lines": 0}, "missing_lines": [], "excluded_lines": []}, "print_report": {"executed_lines": [210, 211, 212, 213, 214, 215, 216, 217, 218, 220, 221, 222, 223, 225, 226, 227, 228, 229, 230, 231, 232, 234, 235, 236, 237, 238, 239, 240, 242, 243, 244, 246, 248, 249], "summary": {"covered_lines": 34, "num_statements": 34, "percent_covered": 100.0, "percent_covered_display": "100.00", "missing_lines": 0, "excluded_lines": 0}, "missing_lines": [], "excluded_lines": []}, "main": {"executed_lines": [], "summary": {"covered_lines": 0, "num_statements": 23, "percent_covered": 0.0, "percent_covered_display": "0.00", "missing_lines": 23, "excluded_lines": 0}, "missing_lines": [253, 254, 256, 259, 262, 263, 264, 265, 266, 268, 269, 271, 274, 277, 280, 283, 285, 308, 309, 311, 314, 315, 317], "excluded_lines": []}, "": {"executed_lines": [2, 10, 11, 12, 13, 14, 17, 18, 19, 20, 21, 22, 23, 24, 25, 28, 29, 30, 31, 32, 33, 34, 37, 99, 153, 208, 252, 320], "summary": {"covered_lines": 25, "num_statements": 27, "percent_covered": 92.5925925925926, "percent_covered_display": "92.59", "missing_lines": 2, "excluded_lines": 0}, "missing_lines": [321, 322], "excluded_lines": []}}, "classes": {"Incident": {"executed_lines": [], "summary": {"covered_lines": 0, "num_statements": 0, "percent_covered": 100.0, "percent_covered_display": "100.00", "missing_lines": 0, "excluded_lines": 0}, "missing_lines": [], "excluded_lines": []}, "ChaosTest": {"executed_lines": [], "summary": {"covered_lines": 0, "num_statements": 0, "percent_covered": 100.0, "percent_covered_display": "100.00", "missing_lines": 0, "excluded_lines": 0}, "missing_lines": [], "excluded_lines": []}, "": {"executed_lines": [2, 10, 11, 12, 13, 14, 17, 18, 19, 20, 21, 22, 23, 24, 25, 28, 29, 30, 31, 32, 33, 34, 37, 39, 99, 101, 153, 160, 161, 162, 163, 164, 167, 168, 170, 171, 173, 174, 180, 186, 189, 190, 191, 193, 208, 210, 211, 212, 213, 214, 215, 216, 217, 218, 220, 221, 222, 223, 225, 226, 227, 228, 229, 230, 231, 232, 234, 235, 236, 237, 238, 239, 240, 242, 243, 244, 246, 248, 249, 252, 320], "summary": {"covered_lines": 78, "num_statements": 103, "percent_covered": 75.72815533980582, "percent_covered_display": "75.73", "missing_lines": 25, "excluded_lines": 0}, "missing_lines": [253, 254, 256, 259, 262, 263, 264, 265, 266, 268, 269, 271, 274, 277, 280, 283, 285, 308, 309, 311, 314, 315, 317, 321, 322], "excluded_lines": []}}}, "scripts/check_regression.py": {"executed_lines": [2, 18, 19, 20, 21, 22, 23, 26, 27, 28, 29, 30, 31, 32, 33, 34, 35, 38, 39, 40, 41, 42, 43, 44, 45, 46, 47, 50, 51, 53, 59, 61, 70, 71, 73, 83, 85, 86, 88, 89, 90, 92, 93, 94, 96, 97, 98, 103, 105, 123, 126, 127, 129, 131, 133, 143, 159, 162, 163, 166, 167, 170, 173, 174, 175, 181, 184, 185, 187, 197, 206, 207, 208, 209, 210, 211, 212, 213, 214, 215, 216, 217, 219, 220, 221, 222, 223, 224, 225, 226, 227, 228, 229, 231, 232, 233, 234, 235, 237, 238, 240, 242, 249, 269, 270, 272, 279, 280, 282, 321, 322, 324, 326, 327, 329, 330, 331, 332, 343, 358, 431], "summary": {"covered_lines": 117, "num_statements": 147, "percent_covered": 79.59183673469387, "percent_covered_display": "79.59", "missing_lines": 30, "excluded_lines": 0}, "missing_lines": [99, 100, 101, 360, 363, 369, 375, 381, 386, 391, 397, 400, 401, 402, 404, 405, 406, 409, 410, 413, 416, 417, 418, 420, 421, 422, 425, 426, 428, 432], "excluded_lines": [], "functions": {"RegressionChecker.__init__": {"executed_lines": [59], "summary": {"covered_lines": 1, "num_statements": 1, "percent_covered": 100.0, "percent_covered_display": "100.00", "missing_lines": 0, "excluded_lines": 0}, "missing_lines": [], "excluded_lines": []}, "RegressionChecker.load_json": {"executed_lines": [70, 71], "summary": {"covered_lines": 2, "num_statements": 2, "percent_covered": 100.0, "percent_covered_display": "100.00", "missing_lines": 0, "excluded_lines": 0}, "missing_lines": [], "excluded_lines": []}, "RegressionChecker.extract_numerical_fields": {"executed_lines": [83, 85, 86, 88, 89, 90, 92, 93, 94, 96, 97, 98, 103], "summary": {"covered_lines": 13, "num_statements": 16, "percent_covered": 81.25, "percent_covered_display": "81.25", "missing_lines": 3, "excluded_lines": 0}, "missing_lines": [99, 100, 101], "excluded_lines": []}, "RegressionChecker.compare_values": {"executed_lines": [123, 126, 127, 129, 131, 133], "summary": {"covered_lines": 6, "num_statements": 6, "percent_covered": 100.0, "percent_covered_display": "100.00", "missing_lines": 0, "excluded_lines": 0}, "missing_lines": [], "excluded_lines": []}, "RegressionChecker.check_regression": {"executed_lines": [159, 162, 163, 166, 167, 170, 173, 174, 175, 181, 184, 185, 187], "summary": {"covered_lines": 13, "num_statements": 13, "percent_covered": 100.0, "percent_covered_display": "100.00", "missing_lines": 0, "excluded_lines": 0}, "missing_lines": [], "excluded_lines": []}, "RegressionChecker.format_report": {"executed_lines": [206, 207, 208, 209, 210, 211, 212, 213, 214, 215, 216, 217, 219, 220, 221, 222, 223, 224, 225, 226, 227, 228, 229, 231, 232, 233, 234, 235, 237, 238, 240], "summary": {"covered_lines": 31, "num_statements": 31, "percent_covered": 100.0, "percent_covered_display": "100.00", "missing_lines": 0, "excluded_lines": 0}, "missing_lines": [], "excluded_lines": []}, "RegressionChecker.export_json": {"executed_lines": [249, 269, 270], "summary": {"covered_lines": 3, "num_statements": 3, "percent_covered": 100.0, "percent_covered_display": "100.00", "missing_lines": 0, "excluded_lines": 0}, "missing_lines": [], "excluded_lines": []}, "RegressionChecker.export_html": {"executed_lines": [279, 280, 282, 321, 322], "summary": {"covered_lines": 5, "num_statements": 5, "percent_covered": 100.0, "percent_covered_display": "100.00", "missing_lines": 0, "excluded_lines": 0}, "missing_lines": [], "excluded_lines": []}, "RegressionChecker._generate_table": {"executed_lines": [326, 327, 329, 330, 331, 332, 343], "summary": {"covered_lines": 7, "num_statements": 7, "percent_covered": 100.0, "percent_covered_display": "100.00", "missing_lines": 0, "excluded_lines": 0}, "missing_lines": [], "excluded_lines": []}, "main": {"executed_lines": [], "summary": {"covered_lines": 0, "num_statements": 26, "percent_covered": 0.0, "percent_covered_display": "0.00", "missing_lines": 26, "excluded_lines": 0}, "missing_lines": [360, 363, 369, 375, 381, 386, 391, 397, 400, 401, 402, 404, 405, 406, 409, 410, 413, 416, 417, 418, 420, 421, 422, 425, 426, 428], "excluded_lines": []}, "": {"executed_lines": [2, 18, 19, 20, 21, 22, 23, 26, 27, 28, 29, 30, 31, 32, 33, 34, 35, 38, 39, 40, 41, 42, 43, 44, 45, 46, 47, 50, 51, 53, 61, 73, 105, 143, 197, 242, 272, 324, 358, 431], "summary": {"covered_lines": 36, "num_statements": 37, "percent_covered": 97.29729729729729, "percent_covered_display": "97.30", "missing_lines": 1, "excluded_lines": 0}, "missing_lines": [432], "excluded_lines": []}}, "classes": {"RegressionResult": {"executed_lines": [], "summary": {"covered_lines": 0, "num_statements": 0, "percent_covered": 100.0, "percent_covered_display": "100.00", "missing_lines": 0, "excluded_lines": 0}, "missing_lines": [], "excluded_lines": []}, "RegressionReport": {"executed_lines": [], "summary": {"covered_lines": 0, "num_statements": 0, "percent_covered": 100.0, "percent_covered_display": "100.00", "missing_lines": 0, "excluded_lines": 0}, "missing_lines": [], "excluded_lines": []}, "RegressionChecker": {"executed_lines": [59, 70, 71, 83, 85, 86, 88, 89, 90, 92, 93, 94, 96, 97, 98, 103, 123, 126, 127, 129, 131, 133, 159, 162, 163, 166, 167, 170, 173, 174, 175, 181, 184, 185, 187, 206, 207, 208, 209, 210, 211, 212, 213, 214, 215, 216, 217, 219, 220, 221, 222, 223, 224, 225, 226, 227, 228, 229, 231, 232, 233, 234, 235, 237, 238, 240, 249, 269, 270, 279, 280, 282, 321, 322, 326, 327, 329, 330, 331, 332, 343], "summary": {"covered_lines": 81, "num_statements": 84, "percent_covered": 96.42857142857143, "percent_covered_display": "96.43", "missing_lines": 3, "excluded_lines": 0}, "missing_lines": [99, 100, 101], "excluded_lines": []}, "": {"executed_lines": [2, 18, 19, 20, 21, 22, 23, 26, 27, 28, 29, 30, 31, 32, 33, 34, 35, 38, 39, 40, 41, 42, 43, 44, 45, 46, 47, 50, 51, 53, 61, 73, 105, 143, 197, 242, 272, 324, 358, 431], "summary": {"covered_lines": 36, "num_statements": 63, "percent_covered": 57.142857142857146, "percent_covered_display": "57.14", "missing_lines": 27, "excluded_lines": 0}, "missing_lines": [360, 363, 369, 375, 381, 386, 391, 397, 400, 401, 402, 404, 405, 406, 409, 410, 413, 416, 417, 418, 420, 421, 422, 425, 426, 428, 432], "excluded_lines": []}}}, "scripts/ci_gates.py": {"executed_lines": [2, 13, 14, 15, 16, 17, 19, 22, 23, 25, 26, 27, 28, 29, 30, 32, 33, 34, 37, 47, 48, 56, 57, 58, 61, 63, 64, 66, 68, 69, 72, 82, 85, 86, 87, 88, 89, 90, 91, 93, 96, 97, 98, 99, 100, 101, 102, 104, 107, 110, 111, 120, 121, 130, 131, 144, 147, 157, 159, 160, 161, 162, 163, 164, 166, 168, 169, 170, 175, 178, 179, 180, 181, 183, 192, 193, 195, 207, 210, 219, 220, 221, 222, 224, 225, 227, 228, 230, 231, 232, 233, 234, 236, 239, 299], "summary": {"covered_lines": 93, "num_statements": 137, "percent_covered": 67.88321167883211, "percent_covered_display": "67.88", "missing_lines": 44, "excluded_lines": 0}, "missing_lines": [139, 140, 141, 142, 171, 172, 173, 203, 204, 205, 245, 246, 248, 250, 252, 255, 256, 258, 259, 260, 261, 262, 263, 264, 265, 266, 269, 272, 275, 278, 281, 284, 285, 286, 287, 288, 289, 290, 291, 292, 294, 295, 296, 300], "excluded_lines": [], "functions": {"GateResult.__init__": {"executed_lines": [26, 27, 28, 29, 30], "summary": {"covered_lines": 5, "num_statements": 5, "percent_covered": 100.0, "percent_covered_display": "100.00", "missing_lines": 0, "excluded_lines": 0}, "missing_lines": [], "excluded_lines": []}, "GateResult.__repr__": {"executed_lines": [33, 34], "summary": {"covered_lines": 2, "num_statements": 2, "percent_covered": 100.0, "percent_covered_display": "100.00", "missing_lines": 0, "excluded_lines": 0}, "missing_lines": [], "excluded_lines": []}, "check_coverage_gate": {"executed_lines": [47, 48, 56, 57, 58, 61, 63, 64, 66, 68, 69], "summary": {"covered_lines": 11, "num_statements": 11, "percent_covered": 100.0, "percent_covered_display": "100.00", "missing_lines": 0, "excluded_lines": 0}, "missing_lines": [], "excluded_lines": []}, "check_calibration_gates": {"executed_lines": [82, 85, 86, 87, 88, 89, 90, 91, 93, 96, 97, 98, 99, 100, 101, 102, 104, 107, 110, 111, 120, 121, 130, 131, 144], "summary": {"covered_lines": 25, "num_statements": 29, "percent_covered": 86.20689655172414, "percent_covered_display": "86.21", "missing_lines": 4, "excluded_lines": 0}, "missing_lines": [139, 140, 141, 142], "excluded_lines": []}, "check_epistemic_gates": {"executed_lines": [157, 159, 160, 161, 162, 163, 164, 166, 168, 169, 170, 175, 178, 179, 180, 181, 183, 192, 193, 195, 207], "summary": {"covered_lines": 21, "num_statements": 27, "percent_covered": 77.77777777777777, "percent_covered_display": "77.78", "missing_lines": 6, "excluded_lines": 0}, "missing_lines": [171, 172, 173, 203, 204, 205], "excluded_lines": []}, "print_gate_summary": {"executed_lines": [219, 220, 221, 222, 224, 225, 227, 228, 230, 231, 232, 233, 234, 236], "summary": {"covered_lines": 14, "num_statements": 14, "percent_covered": 100.0, "percent_covered_display": "100.00", "missing_lines": 0, "excluded_lines": 0}, "missing_lines": [], "excluded_lines": []}, "main": {"executed_lines": [], "summary": {"covered_lines": 0, "num_statements": 33, "percent_covered": 0.0, "percent_covered_display": "0.00", "missing_lines": 33, "excluded_lines": 0}, "missing_lines": [245, 246, 248, 250, 252, 255, 256, 258, 259, 260, 261, 262, 263, 264, 265, 266, 269, 272, 275, 278, 281, 284, 285, 286, 287, 288, 289, 290, 291, 292, 294, 295, 296], "excluded_lines": []}, "": {"executed_lines": [2, 13, 14, 15, 16, 17, 19, 22, 23, 25, 32, 37, 72, 147, 210, 239, 299], "summary": {"covered_lines": 15, "num_statements": 16, "percent_covered": 93.75, "percent_covered_display": "93.75", "missing_lines": 1, "excluded_lines": 0}, "missing_lines": [300], "excluded_lines": []}}, "classes": {"GateResult": {"executed_lines": [26, 27, 28, 29, 30, 33, 34], "summary": {"covered_lines": 7, "num_statements": 7, "percent_covered": 100.0, "percent_covered_display": "100.00", "missing_lines": 0, "excluded_lines": 0}, "missing_lines": [], "excluded_lines": []}, "": {"executed_lines": [2, 13, 14, 15, 16, 17, 19, 22, 23, 25, 32, 37, 47, 48, 56, 57, 58, 61, 63, 64, 66, 68, 69, 72, 82, 85, 86, 87, 88, 89, 90, 91, 93, 96, 97, 98, 99, 100, 101, 102, 104, 107, 110, 111, 120, 121, 130, 131, 144, 147, 157, 159, 160, 161, 162, 163, 164, 166, 168, 169, 170, 175, 178, 179, 180, 181, 183, 192, 193, 195, 207, 210, 219, 220, 221, 222, 224, 225, 227, 228, 230, 231, 232, 233, 234, 236, 239, 299], "summary": {"covered_lines": 86, "num_statements": 130, "percent_covered": 66.15384615384616, "percent_covered_display": "66.15", "missing_lines": 44, "excluded_lines": 0}, "missing_lines": [139, 140, 141, 142, 171, 172, 173, 203, 204, 205, 245, 246, 248, 250, 252, 255, 256, 258, 259, 260, 261, 262, 263, 264, 265, 266, 269, 272, 275, 278, 281, 284, 285, 286, 287, 288, 289, 290, 291, 292, 294, 295, 296, 300], "excluded_lines": []}}}, "scripts/claims_guard.py": {"executed_lines": [], "summary": {"covered_lines": 0, "num_statements": 124, "percent_covered": 0.0, "percent_covered_display": "0.00", "missing_lines": 124, "excluded_lines": 0}, "missing_lines": [16, 17, 18, 19, 20, 21, 22, 25, 27, 31, 70, 83, 84, 86, 87, 88, 89, 90, 92, 93, 94, 95, 96, 97, 98, 100, 103, 113, 115, 116, 122, 123, 124, 125, 126, 132, 133, 140, 141, 142, 148, 149, 150, 151, 156, 157, 158, 159, 164, 171, 173, 176, 183, 188, 195, 196, 198, 199, 200, 203, 204, 205, 206, 207, 209, 210, 212, 213, 216, 217, 218, 219, 220, 222, 223, 224, 225, 226, 227, 230, 231, 232, 233, 234, 235, 242, 243, 244, 246, 247, 249, 251, 252, 254, 255, 261, 264, 273, 274, 275, 277, 280, 281, 282, 283, 284, 285, 286, 287, 288, 289, 290, 291, 292, 293, 295, 296, 298, 299, 301, 302, 303, 306, 307], "excluded_lines": [], "functions": {"scan_file_for_claims": {"executed_lines": [], "summary": {"covered_lines": 0, "num_statements": 15, "percent_covered": 0.0, "percent_covered_display": "0.00", "missing_lines": 15, "excluded_lines": 0}, "missing_lines": [83, 84, 86, 87, 88, 89, 90, 92, 93, 94, 95, 96, 97, 98, 100], "excluded_lines": []}, "check_evidence_exists": {"executed_lines": [], "summary": {"covered_lines": 0, "num_statements": 22, "percent_covered": 0.0, "percent_covered_display": "0.00", "missing_lines": 22, "excluded_lines": 0}, "missing_lines": [113, 115, 116, 122, 123, 124, 125, 126, 132, 133, 140, 141, 142, 148, 149, 150, 151, 156, 157, 158, 159, 164], "excluded_lines": []}, "main": {"executed_lines": [], "summary": {"covered_lines": 0, "num_statements": 72, "percent_covered": 0.0, "percent_covered_display": "0.00", "missing_lines": 72, "excluded_lines": 0}, "missing_lines": [173, 176, 183, 188, 195, 196, 198, 199, 200, 203, 204, 205, 206, 207, 209, 210, 212, 213, 216, 217, 218, 219, 220, 222, 223, 224, 225, 226, 227, 230, 231, 232, 233, 234, 235, 242, 243, 244, 246, 247, 249, 251, 252, 254, 255, 261, 264, 273, 274, 275, 277, 280, 281, 282, 283, 284, 285, 286, 287, 288, 289, 290, 291, 292, 293, 295, 296, 298, 299, 301, 302, 303], "excluded_lines": []}, "": {"executed_lines": [], "summary": {"covered_lines": 0, "num_statements": 15, "percent_covered": 0.0, "percent_covered_display": "0.00", "missing_lines": 15, "excluded_lines": 0}, "missing_lines": [16, 17, 18, 19, 20, 21, 22, 25, 27, 31, 70, 103, 171, 306, 307], "excluded_lines": []}}, "classes": {"": {"executed_lines": [], "summary": {"covered_lines": 0, "num_statements": 124, "percent_covered": 0.0, "percent_covered_display": "0.00", "missing_lines": 124, "excluded_lines": 0}, "missing_lines": [16, 17, 18, 19, 20, 21, 22, 25, 27, 31, 70, 83, 84, 86, 87, 88, 89, 90, 92, 93, 94, 95, 96, 97, 98, 100, 103, 113, 115, 116, 122, 123, 124, 125, 126, 132, 133, 140, 141, 142, 148, 149, 150, 151, 156, 157, 158, 159, 164, 171, 173, 176, 183, 188, 195, 196, 198, 199, 200, 203, 204, 205, 206, 207, 209, 210, 212, 213, 216, 217, 218, 219, 220, 222, 223, 224, 225, 226, 227, 230, 231, 232, 233, 234, 235, 242, 243, 244, 246, 247, 249, 251, 252, 254, 255, 261, 264, 273, 274, 275, 277, 280, 281, 282, 283, 284, 285, 286, 287, 288, 289, 290, 291, 292, 293, 295, 296, 298, 299, 301, 302, 303, 306, 307], "excluded_lines": []}}}, "scripts/collect_ci_runs.py": {"executed_lines": [], "summary": {"covered_lines": 0, "num_statements": 212, "percent_covered": 0.0, "percent_covered_display": "0.00", "missing_lines": 212, "excluded_lines": 0}, "missing_lines": [15, 16, 17, 18, 19, 20, 21, 22, 23, 24, 28, 67, 70, 90, 93, 97, 99, 102, 105, 107, 119, 120, 123, 124, 128, 129, 133, 134, 139, 142, 160, 161, 162, 163, 164, 165, 174, 177, 178, 181, 183, 202, 205, 213, 220, 221, 223, 226, 229, 234, 235, 236, 238, 244, 247, 254, 255, 256, 257, 258, 259, 260, 263, 264, 265, 266, 267, 268, 270, 273, 279, 280, 281, 282, 283, 284, 285, 286, 289, 290, 291, 292, 293, 294, 297, 306, 307, 308, 309, 310, 311, 312, 313, 314, 315, 316, 317, 319, 322, 343, 344, 346, 347, 348, 349, 350, 352, 354, 355, 356, 358, 359, 360, 362, 363, 364, 365, 366, 367, 368, 370, 371, 372, 373, 375, 386, 387, 388, 389, 390, 391, 393, 394, 396, 397, 398, 400, 402, 405, 419, 420, 422, 423, 424, 426, 430, 432, 433, 435, 436, 438, 439, 441, 442, 444, 462, 465, 467, 468, 474, 475, 476, 479, 481, 487, 488, 491, 498, 508, 509, 511, 512, 513, 515, 518, 520, 523, 529, 536, 541, 547, 553, 559, 566, 569, 570, 571, 573, 574, 577, 580, 581, 582, 584, 585, 592, 593, 596, 597, 598, 599, 600, 602, 603, 604, 605, 606, 608, 610, 612, 615, 616], "excluded_lines": [], "functions": {"generate_mock_test": {"executed_lines": [], "summary": {"covered_lines": 0, "num_statements": 16, "percent_covered": 0.0, "percent_covered_display": "0.00", "missing_lines": 16, "excluded_lines": 0}, "missing_lines": [90, 93, 97, 99, 102, 105, 107, 119, 120, 123, 124, 128, 129, 133, 134, 139], "excluded_lines": []}, "generate_mock_run": {"executed_lines": [], "summary": {"covered_lines": 0, "num_statements": 12, "percent_covered": 0.0, "percent_covered_display": "0.00", "missing_lines": 12, "excluded_lines": 0}, "missing_lines": [160, 161, 162, 163, 164, 165, 174, 177, 178, 181, 183, 202], "excluded_lines": []}, "run_git_command": {"executed_lines": [], "summary": {"covered_lines": 0, "num_statements": 4, "percent_covered": 0.0, "percent_covered_display": "0.00", "missing_lines": 4, "excluded_lines": 0}, "missing_lines": [213, 220, 221, 223], "excluded_lines": []}, "_candidate_merge_bases": {"executed_lines": [], "summary": {"covered_lines": 0, "num_statements": 6, "percent_covered": 0.0, "percent_covered_display": "0.00", "missing_lines": 6, "excluded_lines": 0}, "missing_lines": [229, 234, 235, 236, 238, 244], "excluded_lines": []}, "resolve_merge_base": {"executed_lines": [], "summary": {"covered_lines": 0, "num_statements": 14, "percent_covered": 0.0, "percent_covered_display": "0.00", "missing_lines": 14, "excluded_lines": 0}, "missing_lines": [254, 255, 256, 257, 258, 259, 260, 263, 264, 265, 266, 267, 268, 270], "excluded_lines": []}, "compute_changed_files": {"executed_lines": [], "summary": {"covered_lines": 0, "num_statements": 14, "percent_covered": 0.0, "percent_covered_display": "0.00", "missing_lines": 14, "excluded_lines": 0}, "missing_lines": [279, 280, 281, 282, 283, 284, 285, 286, 289, 290, 291, 292, 293, 294], "excluded_lines": []}, "compute_diff_stats": {"executed_lines": [], "summary": {"covered_lines": 0, "num_statements": 13, "percent_covered": 0.0, "percent_covered_display": "0.00", "missing_lines": 13, "excluded_lines": 0}, "missing_lines": [306, 307, 308, 309, 310, 311, 312, 313, 314, 315, 316, 317, 319], "excluded_lines": []}, "load_pytest_results": {"executed_lines": [], "summary": {"covered_lines": 0, "num_statements": 39, "percent_covered": 0.0, "percent_covered_display": "0.00", "missing_lines": 39, "excluded_lines": 0}, "missing_lines": [343, 344, 346, 347, 348, 349, 350, 352, 354, 355, 356, 358, 359, 360, 362, 363, 364, 365, 366, 367, 368, 370, 371, 372, 373, 375, 386, 387, 388, 389, 390, 391, 393, 394, 396, 397, 398, 400, 402], "excluded_lines": []}, "collect_real_run": {"executed_lines": [], "summary": {"covered_lines": 0, "num_statements": 17, "percent_covered": 0.0, "percent_covered_display": "0.00", "missing_lines": 17, "excluded_lines": 0}, "missing_lines": [419, 420, 422, 423, 424, 426, 430, 432, 433, 435, 436, 438, 439, 441, 442, 444, 462], "excluded_lines": []}, "get_git_sha": {"executed_lines": [], "summary": {"covered_lines": 0, "num_statements": 5, "percent_covered": 0.0, "percent_covered_display": "0.00", "missing_lines": 5, "excluded_lines": 0}, "missing_lines": [467, 468, 474, 475, 476], "excluded_lines": []}, "get_env_hash": {"executed_lines": [], "summary": {"covered_lines": 0, "num_statements": 3, "percent_covered": 0.0, "percent_covered_display": "0.00", "missing_lines": 3, "excluded_lines": 0}, "missing_lines": [481, 487, 488], "excluded_lines": []}, "emit_run_metadata": {"executed_lines": [], "summary": {"covered_lines": 0, "num_statements": 7, "percent_covered": 0.0, "percent_covered_display": "0.00", "missing_lines": 7, "excluded_lines": 0}, "missing_lines": [498, 508, 509, 511, 512, 513, 515], "excluded_lines": []}, "main": {"executed_lines": [], "summary": {"covered_lines": 0, "num_statements": 35, "percent_covered": 0.0, "percent_covered_display": "0.00", "missing_lines": 35, "excluded_lines": 0}, "missing_lines": [520, 523, 529, 536, 541, 547, 553, 559, 566, 569, 570, 571, 573, 574, 577, 580, 581, 582, 584, 585, 592, 593, 596, 597, 598, 599, 600, 602, 603, 604, 605, 606, 608, 610, 612], "excluded_lines": []}, "": {"executed_lines": [], "summary": {"covered_lines": 0, "num_statements": 27, "percent_covered": 0.0, "percent_covered_display": "0.00", "missing_lines": 27, "excluded_lines": 0}, "missing_lines": [15, 16, 17, 18, 19, 20, 21, 22, 23, 24, 28, 67, 70, 142, 205, 226, 247, 273, 297, 322, 405, 465, 479, 491, 518, 615, 616], "excluded_lines": []}}, "classes": {"": {"executed_lines": [], "summary": {"covered_lines": 0, "num_statements": 212, "percent_covered": 0.0, "percent_covered_display": "0.00", "missing_lines": 212, "excluded_lines": 0}, "missing_lines": [15, 16, 17, 18, 19, 20, 21, 22, 23, 24, 28, 67, 70, 90, 93, 97, 99, 102, 105, 107, 119, 120, 123, 124, 128, 129, 133, 134, 139, 142, 160, 161, 162, 163, 164, 165, 174, 177, 178, 181, 183, 202, 205, 213, 220, 221, 223, 226, 229, 234, 235, 236, 238, 244, 247, 254, 255, 256, 257, 258, 259, 260, 263, 264, 265, 266, 267, 268, 270, 273, 279, 280, 281, 282, 283, 284, 285, 286, 289, 290, 291, 292, 293, 294, 297, 306, 307, 308, 309, 310, 311, 312, 313, 314, 315, 316, 317, 319, 322, 343, 344, 346, 347, 348, 349, 350, 352, 354, 355, 356, 358, 359, 360, 362, 363, 364, 365, 366, 367, 368, 370, 371, 372, 373, 375, 386, 387, 388, 389, 390, 391, 393, 394, 396, 397, 398, 400, 402, 405, 419, 420, 422, 423, 424, 426, 430, 432, 433, 435, 436, 438, 439, 441, 442, 444, 462, 465, 467, 468, 474, 475, 476, 479, 481, 487, 488, 491, 498, 508, 509, 511, 512, 513, 515, 518, 520, 523, 529, 536, 541, 547, 553, 559, 566, 569, 570, 571, 573, 574, 577, 580, 581, 582, 584, 585, 592, 593, 596, 597, 598, 599, 600, 602, 603, 604, 605, 606, 608, 610, 612, 615, 616], "excluded_lines": []}}}, "scripts/collect_test_telemetry.py": {"executed_lines": [], "summary": {"covered_lines": 0, "num_statements": 114, "percent_covered": 0.0, "percent_covered_display": "0.00", "missing_lines": 114, "excluded_lines": 0}, "missing_lines": [14, 15, 16, 17, 18, 19, 20, 23, 24, 26, 27, 28, 29, 30, 31, 32, 35, 37, 46, 48, 49, 50, 51, 52, 53, 54, 55, 56, 57, 60, 71, 72, 73, 74, 75, 76, 77, 80, 83, 91, 92, 95, 96, 103, 105, 108, 109, 110, 112, 114, 116, 119, 121, 122, 123, 124, 125, 126, 127, 130, 131, 132, 133, 135, 136, 139, 140, 141, 142, 144, 145, 147, 148, 149, 151, 152, 153, 155, 156, 158, 159, 160, 163, 164, 165, 166, 167, 168, 171, 172, 173, 175, 176, 177, 178, 179, 180, 181, 182, 183, 184, 185, 186, 187, 188, 190, 191, 192, 194, 195, 196, 198, 201, 202], "excluded_lines": [], "functions": {"get_db_connection": {"executed_lines": [], "summary": {"covered_lines": 0, "num_statements": 1, "percent_covered": 0.0, "percent_covered_display": "0.00", "missing_lines": 1, "excluded_lines": 0}, "missing_lines": [37], "excluded_lines": []}, "count_telemetry_records": {"executed_lines": [], "summary": {"covered_lines": 0, "num_statements": 10, "percent_covered": 0.0, "percent_covered_display": "0.00", "missing_lines": 10, "excluded_lines": 0}, "missing_lines": [48, 49, 50, 51, 52, 53, 54, 55, 56, 57], "excluded_lines": []}, "run_tests": {"executed_lines": [], "summary": {"covered_lines": 0, "num_statements": 15, "percent_covered": 0.0, "percent_covered_display": "0.00", "missing_lines": 15, "excluded_lines": 0}, "missing_lines": [71, 72, 73, 74, 75, 76, 77, 80, 83, 91, 92, 95, 96, 103, 105], "excluded_lines": []}, "main": {"executed_lines": [], "summary": {"covered_lines": 0, "num_statements": 66, "percent_covered": 0.0, "percent_covered_display": "0.00", "missing_lines": 66, "excluded_lines": 0}, "missing_lines": [109, 110, 112, 114, 116, 119, 121, 122, 123, 124, 125, 126, 127, 130, 131, 132, 133, 135, 136, 139, 140, 141, 142, 144, 145, 147, 148, 149, 151, 152, 153, 155, 156, 158, 159, 160, 163, 164, 165, 166, 167, 168, 171, 172, 173, 175, 176, 177, 178, 179, 180, 181, 182, 183, 184, 185, 186, 187, 188, 190, 191, 192, 194, 195, 196, 198], "excluded_lines": []}, "": {"executed_lines": [], "summary": {"covered_lines": 0, "num_statements": 22, "percent_covered": 0.0, "percent_covered_display": "0.00", "missing_lines": 22, "excluded_lines": 0}, "missing_lines": [14, 15, 16, 17, 18, 19, 20, 23, 24, 26, 27, 28, 29, 30, 31, 32, 35, 46, 60, 108, 201, 202], "excluded_lines": []}}, "classes": {"": {"executed_lines": [], "summary": {"covered_lines": 0, "num_statements": 114, "percent_covered": 0.0, "percent_covered_display": "0.00", "missing_lines": 114, "excluded_lines": 0}, "missing_lines": [14, 15, 16, 17, 18, 19, 20, 23, 24, 26, 27, 28, 29, 30, 31, 32, 35, 37, 46, 48, 49, 50, 51, 52, 53, 54, 55, 56, 57, 60, 71, 72, 73, 74, 75, 76, 77, 80, 83, 91, 92, 95, 96, 103, 105, 108, 109, 110, 112, 114, 116, 119, 121, 122, 123, 124, 125, 126, 127, 130, 131, 132, 133, 135, 136, 139, 140, 141, 142, 144, 145, 147, 148, 149, 151, 152, 153, 155, 156, 158, 159, 160, 163, 164, 165, 166, 167, 168, 171, 172, 173, 175, 176, 177, 178, 179, 180, 181, 182, 183, 184, 185, 186, 187, 188, 190, 191, 192, 194, 195, 196, 198, 201, 202], "excluded_lines": []}}}, "scripts/detect_regression.py": {"executed_lines": [], "summary": {"covered_lines": 0, "num_statements": 284, "percent_covered": 0.0, "percent_covered_display": "0.00", "missing_lines": 284, "excluded_lines": 0}, "missing_lines": [14, 15, 16, 17, 18, 19, 21, 22, 26, 27, 30, 36, 43, 44, 45, 46, 47, 48, 49, 50, 52, 62, 65, 66, 67, 68, 71, 72, 73, 74, 76, 79, 90, 92, 93, 95, 96, 97, 98, 100, 103, 105, 106, 107, 108, 109, 110, 111, 114, 124, 126, 127, 128, 131, 132, 133, 136, 137, 138, 140, 143, 144, 145, 146, 147, 148, 149, 150, 153, 155, 156, 157, 158, 159, 160, 161, 162, 164, 165, 167, 170, 182, 183, 184, 187, 188, 189, 190, 192, 193, 194, 196, 197, 198, 200, 203, 222, 233, 243, 244, 245, 246, 248, 249, 250, 252, 253, 256, 257, 259, 261, 262, 265, 266, 267, 268, 269, 272, 275, 276, 277, 278, 279, 280, 281, 282, 283, 286, 288, 290, 292, 307, 308, 310, 311, 313, 316, 318, 319, 320, 321, 322, 323, 324, 326, 327, 328, 329, 331, 332, 335, 336, 337, 338, 339, 341, 342, 343, 344, 345, 346, 347, 348, 349, 351, 353, 356, 357, 358, 359, 360, 361, 362, 363, 364, 365, 368, 369, 370, 371, 372, 373, 374, 375, 377, 378, 381, 383, 384, 385, 386, 387, 388, 389, 390, 392, 393, 394, 396, 397, 399, 400, 402, 403, 404, 405, 406, 407, 408, 409, 410, 412, 413, 415, 417, 418, 419, 420, 421, 424, 430, 431, 433, 435, 437, 439, 441, 443, 445, 447, 448, 449, 450, 451, 454, 455, 456, 457, 458, 459, 460, 461, 462, 465, 466, 467, 468, 469, 470, 471, 474, 475, 476, 477, 478, 481, 482, 483, 484, 485, 488, 489, 490, 493, 496, 497, 498, 499, 501, 502, 503, 506, 507, 508, 509, 510, 512, 513, 514, 516, 517, 518, 521, 522], "excluded_lines": [], "functions": {"PageHinkley.__init__": {"executed_lines": [], "summary": {"covered_lines": 0, "num_statements": 8, "percent_covered": 0.0, "percent_covered_display": "0.00", "missing_lines": 8, "excluded_lines": 0}, "missing_lines": [43, 44, 45, 46, 47, 48, 49, 50], "excluded_lines": []}, "PageHinkley.update": {"executed_lines": [], "summary": {"covered_lines": 0, "num_statements": 10, "percent_covered": 0.0, "percent_covered_display": "0.00", "missing_lines": 10, "excluded_lines": 0}, "missing_lines": [62, 65, 66, 67, 68, 71, 72, 73, 74, 76], "excluded_lines": []}, "detect_ph_change": {"executed_lines": [], "summary": {"covered_lines": 0, "num_statements": 8, "percent_covered": 0.0, "percent_covered_display": "0.00", "missing_lines": 8, "excluded_lines": 0}, "missing_lines": [90, 92, 93, 95, 96, 97, 98, 100], "excluded_lines": []}, "load_baseline": {"executed_lines": [], "summary": {"covered_lines": 0, "num_statements": 7, "percent_covered": 0.0, "percent_covered_display": "0.00", "missing_lines": 7, "excluded_lines": 0}, "missing_lines": [105, 106, 107, 108, 109, 110, 111], "excluded_lines": []}, "load_waivers": {"executed_lines": [], "summary": {"covered_lines": 0, "num_statements": 31, "percent_covered": 0.0, "percent_covered_display": "0.00", "missing_lines": 31, "excluded_lines": 0}, "missing_lines": [124, 126, 127, 128, 131, 132, 133, 136, 137, 138, 140, 143, 144, 145, 146, 147, 148, 149, 150, 153, 155, 156, 157, 158, 159, 160, 161, 162, 164, 165, 167], "excluded_lines": []}, "check_waiver": {"executed_lines": [], "summary": {"covered_lines": 0, "num_statements": 14, "percent_covered": 0.0, "percent_covered_display": "0.00", "missing_lines": 14, "excluded_lines": 0}, "missing_lines": [182, 183, 184, 187, 188, 189, 190, 192, 193, 194, 196, 197, 198, 200], "excluded_lines": []}, "detect_regressions": {"executed_lines": [], "summary": {"covered_lines": 0, "num_statements": 40, "percent_covered": 0.0, "percent_covered_display": "0.00", "missing_lines": 40, "excluded_lines": 0}, "missing_lines": [222, 233, 243, 244, 245, 246, 248, 249, 250, 252, 253, 256, 257, 259, 261, 262, 265, 266, 267, 268, 269, 272, 275, 276, 277, 278, 279, 280, 281, 282, 283, 286, 288, 290, 292, 307, 308, 310, 311, 313], "excluded_lines": []}, "generate_markdown_report": {"executed_lines": [], "summary": {"covered_lines": 0, "num_statements": 49, "percent_covered": 0.0, "percent_covered_display": "0.00", "missing_lines": 49, "excluded_lines": 0}, "missing_lines": [318, 319, 320, 321, 322, 323, 324, 326, 327, 328, 329, 331, 332, 335, 336, 337, 338, 339, 341, 342, 343, 344, 345, 346, 347, 348, 349, 351, 353, 356, 357, 358, 359, 360, 361, 362, 363, 364, 365, 368, 369, 370, 371, 372, 373, 374, 375, 377, 378], "excluded_lines": []}, "print_regression_table": {"executed_lines": [], "summary": {"covered_lines": 0, "num_statements": 32, "percent_covered": 0.0, "percent_covered_display": "0.00", "missing_lines": 32, "excluded_lines": 0}, "missing_lines": [383, 384, 385, 386, 387, 388, 389, 390, 392, 393, 394, 396, 397, 399, 400, 402, 403, 404, 405, 406, 407, 408, 409, 410, 412, 413, 415, 417, 418, 419, 420, 421], "excluded_lines": []}, "main": {"executed_lines": [], "summary": {"covered_lines": 0, "num_statements": 62, "percent_covered": 0.0, "percent_covered_display": "0.00", "missing_lines": 62, "excluded_lines": 0}, "missing_lines": [430, 431, 433, 435, 437, 439, 441, 443, 445, 447, 448, 449, 450, 451, 454, 455, 456, 457, 458, 459, 460, 461, 462, 465, 466, 467, 468, 469, 470, 471, 474, 475, 476, 477, 478, 481, 482, 483, 484, 485, 488, 489, 490, 493, 496, 497, 498, 499, 501, 502, 503, 506, 507, 508, 509, 510, 512, 513, 514, 516, 517, 518], "excluded_lines": []}, "": {"executed_lines": [], "summary": {"covered_lines": 0, "num_statements": 23, "percent_covered": 0.0, "percent_covered_display": "0.00", "missing_lines": 23, "excluded_lines": 0}, "missing_lines": [14, 15, 16, 17, 18, 19, 21, 22, 26, 27, 30, 36, 52, 79, 103, 114, 170, 203, 316, 381, 424, 521, 522], "excluded_lines": []}}, "classes": {"PageHinkley": {"executed_lines": [], "summary": {"covered_lines": 0, "num_statements": 18, "percent_covered": 0.0, "percent_covered_display": "0.00", "missing_lines": 18, "excluded_lines": 0}, "missing_lines": [43, 44, 45, 46, 47, 48, 49, 50, 62, 65, 66, 67, 68, 71, 72, 73, 74, 76], "excluded_lines": []}, "": {"executed_lines": [], "summary": {"covered_lines": 0, "num_statements": 266, "percent_covered": 0.0, "percent_covered_display": "0.00", "missing_lines": 266, "excluded_lines": 0}, "missing_lines": [14, 15, 16, 17, 18, 19, 21, 22, 26, 27, 30, 36, 52, 79, 90, 92, 93, 95, 96, 97, 98, 100, 103, 105, 106, 107, 108, 109, 110, 111, 114, 124, 126, 127, 128, 131, 132, 133, 136, 137, 138, 140, 143, 144, 145, 146, 147, 148, 149, 150, 153, 155, 156, 157, 158, 159, 160, 161, 162, 164, 165, 167, 170, 182, 183, 184, 187, 188, 189, 190, 192, 193, 194, 196, 197, 198, 200, 203, 222, 233, 243, 244, 245, 246, 248, 249, 250, 252, 253, 256, 257, 259, 261, 262, 265, 266, 267, 268, 269, 272, 275, 276, 277, 278, 279, 280, 281, 282, 283, 286, 288, 290, 292, 307, 308, 310, 311, 313, 316, 318, 319, 320, 321, 322, 323, 324, 326, 327, 328, 329, 331, 332, 335, 336, 337, 338, 339, 341, 342, 343, 344, 345, 346, 347, 348, 349, 351, 353, 356, 357, 358, 359, 360, 361, 362, 363, 364, 365, 368, 369, 370, 371, 372, 373, 374, 375, 377, 378, 381, 383, 384, 385, 386, 387, 388, 389, 390, 392, 393, 394, 396, 397, 399, 400, 402, 403, 404, 405, 406, 407, 408, 409, 410, 412, 413, 415, 417, 418, 419, 420, 421, 424, 430, 431, 433, 435, 437, 439, 441, 443, 445, 447, 448, 449, 450, 451, 454, 455, 456, 457, 458, 459, 460, 461, 462, 465, 466, 467, 468, 469, 470, 471, 474, 475, 476, 477, 478, 481, 482, 483, 484, 485, 488, 489, 490, 493, 496, 497, 498, 499, 501, 502, 503, 506, 507, 508, 509, 510, 512, 513, 514, 516, 517, 518, 521, 522], "excluded_lines": []}}}, "scripts/dtp_emit.py": {"executed_lines": [], "summary": {"covered_lines": 0, "num_statements": 117, "percent_covered": 0.0, "percent_covered_display": "0.00", "missing_lines": 117, "excluded_lines": 0}, "missing_lines": [11, 12, 13, 14, 15, 16, 17, 19, 20, 23, 29, 30, 33, 34, 35, 36, 38, 40, 43, 54, 55, 58, 59, 60, 61, 62, 63, 65, 68, 85, 88, 91, 94, 152, 153, 155, 158, 168, 170, 176, 177, 178, 179, 182, 183, 184, 185, 188, 189, 190, 191, 193, 194, 196, 197, 198, 201, 207, 208, 211, 214, 217, 219, 221, 222, 223, 224, 225, 228, 229, 230, 231, 233, 234, 237, 238, 239, 240, 243, 244, 245, 246, 249, 250, 252, 253, 254, 257, 258, 259, 262, 263, 265, 266, 268, 270, 271, 273, 274, 275, 278, 279, 280, 281, 282, 283, 284, 285, 286, 287, 288, 289, 291, 292, 294, 297, 298], "excluded_lines": [], "functions": {"generate_hypothesis_id": {"executed_lines": [], "summary": {"covered_lines": 0, "num_statements": 8, "percent_covered": 0.0, "percent_covered_display": "0.00", "missing_lines": 8, "excluded_lines": 0}, "missing_lines": [29, 30, 33, 34, 35, 36, 38, 40], "excluded_lines": []}, "infer_hypothesis_text": {"executed_lines": [], "summary": {"covered_lines": 0, "num_statements": 9, "percent_covered": 0.0, "percent_covered_display": "0.00", "missing_lines": 9, "excluded_lines": 0}, "missing_lines": [54, 55, 58, 59, 60, 61, 62, 63, 65], "excluded_lines": []}, "build_dtp_record": {"executed_lines": [], "summary": {"covered_lines": 0, "num_statements": 7, "percent_covered": 0.0, "percent_covered_display": "0.00", "missing_lines": 7, "excluded_lines": 0}, "missing_lines": [85, 88, 91, 94, 152, 153, 155], "excluded_lines": []}, "validate_dtp_schema": {"executed_lines": [], "summary": {"covered_lines": 0, "num_statements": 19, "percent_covered": 0.0, "percent_covered_display": "0.00", "missing_lines": 19, "excluded_lines": 0}, "missing_lines": [168, 170, 176, 177, 178, 179, 182, 183, 184, 185, 188, 189, 190, 191, 193, 194, 196, 197, 198], "excluded_lines": []}, "main": {"executed_lines": [], "summary": {"covered_lines": 0, "num_statements": 58, "percent_covered": 0.0, "percent_covered_display": "0.00", "missing_lines": 58, "excluded_lines": 0}, "missing_lines": [207, 208, 211, 214, 217, 219, 221, 222, 223, 224, 225, 228, 229, 230, 231, 233, 234, 237, 238, 239, 240, 243, 244, 245, 246, 249, 250, 252, 253, 254, 257, 258, 259, 262, 263, 265, 266, 268, 270, 271, 273, 274, 275, 278, 279, 280, 281, 282, 283, 284, 285, 286, 287, 288, 289, 291, 292, 294], "excluded_lines": []}, "": {"executed_lines": [], "summary": {"covered_lines": 0, "num_statements": 16, "percent_covered": 0.0, "percent_covered_display": "0.00", "missing_lines": 16, "excluded_lines": 0}, "missing_lines": [11, 12, 13, 14, 15, 16, 17, 19, 20, 23, 43, 68, 158, 201, 297, 298], "excluded_lines": []}}, "classes": {"": {"executed_lines": [], "summary": {"covered_lines": 0, "num_statements": 117, "percent_covered": 0.0, "percent_covered_display": "0.00", "missing_lines": 117, "excluded_lines": 0}, "missing_lines": [11, 12, 13, 14, 15, 16, 17, 19, 20, 23, 29, 30, 33, 34, 35, 36, 38, 40, 43, 54, 55, 58, 59, 60, 61, 62, 63, 65, 68, 85, 88, 91, 94, 152, 153, 155, 158, 168, 170, 176, 177, 178, 179, 182, 183, 184, 185, 188, 189, 190, 191, 193, 194, 196, 197, 198, 201, 207, 208, 211, 214, 217, 219, 221, 222, 223, 224, 225, 228, 229, 230, 231, 233, 234, 237, 238, 239, 240, 243, 244, 245, 246, 249, 250, 252, 253, 254, 257, 258, 259, 262, 263, 265, 266, 268, 270, 271, 273, 274, 275, 278, 279, 280, 281, 282, 283, 284, 285, 286, 287, 288, 289, 291, 292, 294, 297, 298], "excluded_lines": []}}}, "scripts/eval_test_selection.py": {"executed_lines": [], "summary": {"covered_lines": 0, "num_statements": 109, "percent_covered": 0.0, "percent_covered_display": "0.00", "missing_lines": 109, "excluded_lines": 0}, "missing_lines": [8, 9, 10, 11, 12, 13, 14, 17, 19, 20, 21, 22, 23, 24, 27, 29, 30, 31, 32, 34, 35, 39, 40, 41, 43, 45, 47, 49, 50, 51, 52, 55, 56, 57, 58, 60, 61, 63, 64, 67, 71, 72, 73, 74, 75, 76, 78, 79, 81, 82, 83, 84, 86, 87, 88, 89, 92, 93, 94, 97, 98, 99, 100, 103, 104, 105, 106, 109, 110, 112, 113, 115, 116, 117, 118, 119, 120, 123, 126, 127, 128, 129, 130, 132, 133, 134, 135, 136, 141, 142, 143, 144, 145, 147, 148, 149, 150, 151, 154, 188, 189, 197, 198, 200, 201, 203, 204, 207, 208], "excluded_lines": [], "functions": {"wilson_ci": {"executed_lines": [], "summary": {"covered_lines": 0, "num_statements": 6, "percent_covered": 0.0, "percent_covered_display": "0.00", "missing_lines": 6, "excluded_lines": 0}, "missing_lines": [19, 20, 21, 22, 23, 24], "excluded_lines": []}, "bootstrap_ci": {"executed_lines": [], "summary": {"covered_lines": 0, "num_statements": 6, "percent_covered": 0.0, "percent_covered_display": "0.00", "missing_lines": 6, "excluded_lines": 0}, "missing_lines": [29, 30, 31, 32, 34, 35], "excluded_lines": []}, "main": {"executed_lines": [], "summary": {"covered_lines": 0, "num_statements": 85, "percent_covered": 0.0, "percent_covered_display": "0.00", "missing_lines": 85, "excluded_lines": 0}, "missing_lines": [40, 41, 43, 45, 47, 49, 50, 51, 52, 55, 56, 57, 58, 60, 61, 63, 64, 67, 71, 72, 73, 74, 75, 76, 78, 79, 81, 82, 83, 84, 86, 87, 88, 89, 92, 93, 94, 97, 98, 99, 100, 103, 104, 105, 106, 109, 110, 112, 113, 115, 116, 117, 118, 119, 120, 123, 126, 127, 128, 129, 130, 132, 133, 134, 135, 136, 141, 142, 143, 144, 145, 147, 148, 149, 150, 151, 154, 188, 189, 197, 198, 200, 201, 203, 204], "excluded_lines": []}, "": {"executed_lines": [], "summary": {"covered_lines": 0, "num_statements": 12, "percent_covered": 0.0, "percent_covered_display": "0.00", "missing_lines": 12, "excluded_lines": 0}, "missing_lines": [8, 9, 10, 11, 12, 13, 14, 17, 27, 39, 207, 208], "excluded_lines": []}}, "classes": {"": {"executed_lines": [], "summary": {"covered_lines": 0, "num_statements": 109, "percent_covered": 0.0, "percent_covered_display": "0.00", "missing_lines": 109, "excluded_lines": 0}, "missing_lines": [8, 9, 10, 11, 12, 13, 14, 17, 19, 20, 21, 22, 23, 24, 27, 29, 30, 31, 32, 34, 35, 39, 40, 41, 43, 45, 47, 49, 50, 51, 52, 55, 56, 57, 58, 60, 61, 63, 64, 67, 71, 72, 73, 74, 75, 76, 78, 79, 81, 82, 83, 84, 86, 87, 88, 89, 92, 93, 94, 97, 98, 99, 100, 103, 104, 105, 106, 109, 110, 112, 113, 115, 116, 117, 118, 119, 120, 123, 126, 127, 128, 129, 130, 132, 133, 134, 135, 136, 141, 142, 143, 144, 145, 147, 148, 149, 150, 151, 154, 188, 189, 197, 198, 200, 201, 203, 204, 207, 208], "excluded_lines": []}}}, "scripts/flaky_scan.py": {"executed_lines": [2, 10, 11, 12, 13, 14, 15, 16, 18, 19, 22, 31, 33, 34, 35, 37, 38, 39, 40, 43, 44, 45, 46, 47, 48, 50, 52, 54, 55, 57, 60, 69, 70, 72, 73, 74, 75, 77, 80, 91, 94, 96, 97, 98, 99, 102, 104, 105, 107, 108, 116, 118, 125, 128, 216], "summary": {"covered_lines": 54, "num_statements": 110, "percent_covered": 49.09090909090909, "percent_covered_display": "49.09", "missing_lines": 56, "excluded_lines": 0}, "missing_lines": [134, 135, 137, 139, 141, 143, 145, 147, 148, 149, 150, 151, 152, 153, 154, 155, 157, 158, 159, 160, 163, 164, 165, 167, 168, 169, 170, 172, 173, 174, 175, 176, 178, 179, 180, 181, 183, 185, 186, 188, 190, 191, 194, 199, 200, 201, 202, 203, 206, 207, 208, 209, 211, 212, 213, 217], "excluded_lines": [], "functions": {"parse_junit_xml": {"executed_lines": [31, 33, 34, 35, 37, 38, 39, 40, 43, 44, 45, 46, 47, 48, 50, 52, 54, 55, 57], "summary": {"covered_lines": 19, "num_statements": 19, "percent_covered": 100.0, "percent_covered_display": "100.00", "missing_lines": 0, "excluded_lines": 0}, "missing_lines": [], "excluded_lines": []}, "compute_flip_count": {"executed_lines": [69, 70, 72, 73, 74, 75, 77], "summary": {"covered_lines": 7, "num_statements": 7, "percent_covered": 100.0, "percent_covered_display": "100.00", "missing_lines": 0, "excluded_lines": 0}, "missing_lines": [], "excluded_lines": []}, "scan_flaky_tests": {"executed_lines": [91, 94, 96, 97, 98, 99, 102, 104, 105, 107, 108, 116, 118, 125], "summary": {"covered_lines": 14, "num_statements": 14, "percent_covered": 100.0, "percent_covered_display": "100.00", "missing_lines": 0, "excluded_lines": 0}, "missing_lines": [], "excluded_lines": []}, "main": {"executed_lines": [], "summary": {"covered_lines": 0, "num_statements": 55, "percent_covered": 0.0, "percent_covered_display": "0.00", "missing_lines": 55, "excluded_lines": 0}, "missing_lines": [134, 135, 137, 139, 141, 143, 145, 147, 148, 149, 150, 151, 152, 153, 154, 155, 157, 158, 159, 160, 163, 164, 165, 167, 168, 169, 170, 172, 173, 174, 175, 176, 178, 179, 180, 181, 183, 185, 186, 188, 190, 191, 194, 199, 200, 201, 202, 203, 206, 207, 208, 209, 211, 212, 213], "excluded_lines": []}, "": {"executed_lines": [2, 10, 11, 12, 13, 14, 15, 16, 18, 19, 22, 60, 80, 128, 216], "summary": {"covered_lines": 14, "num_statements": 15, "percent_covered": 93.33333333333333, "percent_covered_display": "93.33", "missing_lines": 1, "excluded_lines": 0}, "missing_lines": [217], "excluded_lines": []}}, "classes": {"": {"executed_lines": [2, 10, 11, 12, 13, 14, 15, 16, 18, 19, 22, 31, 33, 34, 35, 37, 38, 39, 40, 43, 44, 45, 46, 47, 48, 50, 52, 54, 55, 57, 60, 69, 70, 72, 73, 74, 75, 77, 80, 91, 94, 96, 97, 98, 99, 102, 104, 105, 107, 108, 116, 118, 125, 128, 216], "summary": {"covered_lines": 54, "num_statements": 110, "percent_covered": 49.09090909090909, "percent_covered_display": "49.09", "missing_lines": 56, "excluded_lines": 0}, "missing_lines": [134, 135, 137, 139, 141, 143, 145, 147, 148, 149, 150, 151, 152, 153, 154, 155, 157, 158, 159, 160, 163, 164, 165, 167, 168, 169, 170, 172, 173, 174, 175, 176, 178, 179, 180, 181, 183, 185, 186, 188, 190, 191, 194, 199, 200, 201, 202, 203, 206, 207, 208, 209, 211, 212, 213, 217], "excluded_lines": []}}}, "scripts/gen_ci_report.py": {"executed_lines": [], "summary": {"covered_lines": 0, "num_statements": 216, "percent_covered": 0.0, "percent_covered_display": "0.00", "missing_lines": 216, "excluded_lines": 0}, "missing_lines": [11, 12, 13, 14, 15, 16, 17, 18, 19, 22, 38, 39, 40, 43, 44, 45, 48, 49, 52, 55, 60, 63, 64, 67, 68, 69, 71, 72, 73, 74, 76, 80, 104, 107, 122, 124, 125, 126, 127, 130, 131, 132, 134, 135, 137, 139, 141, 142, 144, 145, 146, 147, 148, 151, 152, 153, 154, 155, 156, 157, 158, 159, 160, 161, 164, 165, 166, 167, 168, 169, 170, 171, 172, 173, 174, 177, 178, 181, 184, 185, 186, 187, 189, 190, 191, 192, 193, 196, 197, 199, 201, 202, 204, 207, 208, 210, 211, 212, 213, 214, 215, 216, 217, 219, 220, 222, 223, 224, 225, 228, 231, 232, 233, 234, 235, 236, 237, 238, 239, 240, 241, 243, 246, 248, 249, 255, 256, 257, 260, 262, 268, 269, 272, 274, 275, 281, 282, 283, 286, 306, 309, 310, 311, 312, 313, 314, 315, 316, 317, 318, 321, 322, 324, 325, 338, 339, 340, 341, 342, 343, 344, 345, 347, 350, 380, 381, 383, 384, 386, 389, 391, 392, 397, 402, 407, 412, 417, 424, 426, 427, 428, 429, 430, 432, 433, 434, 437, 438, 439, 441, 442, 443, 445, 446, 448, 449, 451, 454, 457, 460, 461, 463, 464, 466, 467, 470, 471, 482, 483, 484, 485, 486, 488, 490, 493, 494], "excluded_lines": [], "functions": {"compute_metrics": {"executed_lines": [], "summary": {"covered_lines": 0, "num_statements": 23, "percent_covered": 0.0, "percent_covered_display": "0.00", "missing_lines": 23, "excluded_lines": 0}, "missing_lines": [38, 39, 40, 43, 44, 45, 48, 49, 52, 55, 60, 63, 64, 67, 68, 69, 71, 72, 73, 74, 76, 80, 104], "excluded_lines": []}, "generate_markdown_report": {"executed_lines": [], "summary": {"covered_lines": 0, "num_statements": 88, "percent_covered": 0.0, "percent_covered_display": "0.00", "missing_lines": 88, "excluded_lines": 0}, "missing_lines": [122, 124, 125, 126, 127, 130, 131, 132, 134, 135, 137, 139, 141, 142, 144, 145, 146, 147, 148, 151, 152, 153, 154, 155, 156, 157, 158, 159, 160, 161, 164, 165, 166, 167, 168, 169, 170, 171, 172, 173, 174, 177, 178, 181, 184, 185, 186, 187, 189, 190, 191, 192, 193, 196, 197, 199, 201, 202, 204, 207, 208, 210, 211, 212, 213, 214, 215, 216, 217, 219, 220, 222, 223, 224, 225, 228, 231, 232, 233, 234, 235, 236, 237, 238, 239, 240, 241, 243], "excluded_lines": []}, "get_git_sha": {"executed_lines": [], "summary": {"covered_lines": 0, "num_statements": 5, "percent_covered": 0.0, "percent_covered_display": "0.00", "missing_lines": 5, "excluded_lines": 0}, "missing_lines": [248, 249, 255, 256, 257], "excluded_lines": []}, "get_env_hash": {"executed_lines": [], "summary": {"covered_lines": 0, "num_statements": 3, "percent_covered": 0.0, "percent_covered_display": "0.00", "missing_lines": 3, "excluded_lines": 0}, "missing_lines": [262, 268, 269], "excluded_lines": []}, "get_branch_name": {"executed_lines": [], "summary": {"covered_lines": 0, "num_statements": 5, "percent_covered": 0.0, "percent_covered_display": "0.00", "missing_lines": 5, "excluded_lines": 0}, "missing_lines": [274, 275, 281, 282, 283], "excluded_lines": []}, "emit_experiment_ledger": {"executed_lines": [], "summary": {"covered_lines": 0, "num_statements": 30, "percent_covered": 0.0, "percent_covered_display": "0.00", "missing_lines": 30, "excluded_lines": 0}, "missing_lines": [306, 309, 310, 311, 312, 313, 314, 315, 316, 317, 318, 321, 322, 324, 325, 338, 339, 340, 341, 342, 343, 344, 345, 347, 350, 380, 381, 383, 384, 386], "excluded_lines": []}, "main": {"executed_lines": [], "summary": {"covered_lines": 0, "num_statements": 44, "percent_covered": 0.0, "percent_covered_display": "0.00", "missing_lines": 44, "excluded_lines": 0}, "missing_lines": [391, 392, 397, 402, 407, 412, 417, 424, 426, 427, 428, 429, 430, 432, 433, 434, 437, 438, 439, 441, 442, 443, 445, 446, 448, 449, 451, 454, 457, 460, 461, 463, 464, 466, 467, 470, 471, 482, 483, 484, 485, 486, 488, 490], "excluded_lines": []}, "": {"executed_lines": [], "summary": {"covered_lines": 0, "num_statements": 18, "percent_covered": 0.0, "percent_covered_display": "0.00", "missing_lines": 18, "excluded_lines": 0}, "missing_lines": [11, 12, 13, 14, 15, 16, 17, 18, 19, 22, 107, 246, 260, 272, 286, 389, 493, 494], "excluded_lines": []}}, "classes": {"": {"executed_lines": [], "summary": {"covered_lines": 0, "num_statements": 216, "percent_covered": 0.0, "percent_covered_display": "0.00", "missing_lines": 216, "excluded_lines": 0}, "missing_lines": [11, 12, 13, 14, 15, 16, 17, 18, 19, 22, 38, 39, 40, 43, 44, 45, 48, 49, 52, 55, 60, 63, 64, 67, 68, 69, 71, 72, 73, 74, 76, 80, 104, 107, 122, 124, 125, 126, 127, 130, 131, 132, 134, 135, 137, 139, 141, 142, 144, 145, 146, 147, 148, 151, 152, 153, 154, 155, 156, 157, 158, 159, 160, 161, 164, 165, 166, 167, 168, 169, 170, 171, 172, 173, 174, 177, 178, 181, 184, 185, 186, 187, 189, 190, 191, 192, 193, 196, 197, 199, 201, 202, 204, 207, 208, 210, 211
[...]
display": "0.00", "missing_lines": 1, "excluded_lines": 0}, "missing_lines": [143], "excluded_lines": []}, "": {"executed_lines": [], "summary": {"covered_lines": 0, "num_statements": 20, "percent_covered": 0.0, "percent_covered_display": "0.00", "missing_lines": 20, "excluded_lines": 0}, "missing_lines": [1, 3, 4, 5, 6, 8, 9, 10, 13, 14, 31, 32, 49, 63, 74, 91, 123, 138, 142, 146], "excluded_lines": []}}, "classes": {"RagIndex": {"executed_lines": [], "summary": {"covered_lines": 0, "num_statements": 79, "percent_covered": 0.0, "percent_covered_display": "0.00", "missing_lines": 79, "excluded_lines": 0}, "missing_lines": [22, 23, 24, 25, 26, 27, 28, 29, 40, 41, 42, 50, 51, 52, 53, 54, 55, 56, 61, 64, 65, 66, 67, 68, 69, 70, 71, 72, 75, 76, 77, 78, 79, 88, 89, 92, 93, 94, 95, 96, 97, 98, 99, 100, 101, 102, 103, 104, 105, 106, 107, 108, 109, 110, 111, 112, 113, 114, 115, 116, 119, 120, 121, 124, 125, 126, 127, 128, 129, 130, 131, 132, 133, 134, 135, 136, 139, 140, 143], "excluded_lines": []}, "": {"executed_lines": [], "summary": {"covered_lines": 0, "num_statements": 20, "percent_covered": 0.0, "percent_covered_display": "0.00", "missing_lines": 20, "excluded_lines": 0}, "missing_lines": [1, 3, 4, 5, 6, 8, 9, 10, 13, 14, 31, 32, 49, 63, 74, 91, 123, 138, 142, 146], "excluded_lines": []}}}, "services/rag/models.py": {"executed_lines": [], "summary": {"covered_lines": 0, "num_statements": 20, "percent_covered": 0.0, "percent_covered_display": "0.00", "missing_lines": 20, "excluded_lines": 0}, "missing_lines": [1, 3, 6, 7, 8, 11, 12, 13, 14, 17, 18, 19, 20, 23, 24, 25, 26, 27, 28, 31], "excluded_lines": [], "functions": {"": {"executed_lines": [], "summary": {"covered_lines": 0, "num_statements": 20, "percent_covered": 0.0, "percent_covered_display": "0.00", "missing_lines": 20, "excluded_lines": 0}, "missing_lines": [1, 3, 6, 7, 8, 11, 12, 13, 14, 17, 18, 19, 20, 23, 24, 25, 26, 27, 28, 31], "excluded_lines": []}}, "classes": {"ChatRequest": {"executed_lines": [], "summary": {"covered_lines": 0, "num_statements": 0, "percent_covered": 100.0, "percent_covered_display": "100.00", "missing_lines": 0, "excluded_lines": 0}, "missing_lines": [], "excluded_lines": []}, "Citation": {"executed_lines": [], "summary": {"covered_lines": 0, "num_statements": 0, "percent_covered": 100.0, "percent_covered_display": "100.00", "missing_lines": 0, "excluded_lines": 0}, "missing_lines": [], "excluded_lines": []}, "VectorStats": {"executed_lines": [], "summary": {"covered_lines": 0, "num_statements": 0, "percent_covered": 100.0, "percent_covered_display": "100.00", "missing_lines": 0, "excluded_lines": 0}, "missing_lines": [], "excluded_lines": []}, "ChatResponse": {"executed_lines": [], "summary": {"covered_lines": 0, "num_statements": 0, "percent_covered": 100.0, "percent_covered_display": "100.00", "missing_lines": 0, "excluded_lines": 0}, "missing_lines": [], "excluded_lines": []}, "": {"executed_lines": [], "summary": {"covered_lines": 0, "num_statements": 20, "percent_covered": 0.0, "percent_covered_display": "0.00", "missing_lines": 20, "excluded_lines": 0}, "missing_lines": [1, 3, 6, 7, 8, 11, 12, 13, 14, 17, 18, 19, 20, 23, 24, 25, 26, 27, 28, 31], "excluded_lines": []}}}, "services/rag/types.py": {"executed_lines": [], "summary": {"covered_lines": 0, "num_statements": 12, "percent_covered": 0.0, "percent_covered_display": "0.00", "missing_lines": 12, "excluded_lines": 0}, "missing_lines": [1, 3, 6, 7, 8, 9, 10, 13, 14, 15, 16, 19], "excluded_lines": [], "functions": {"": {"executed_lines": [], "summary": {"covered_lines": 0, "num_statements": 12, "percent_covered": 0.0, "percent_covered_display": "0.00", "missing_lines": 12, "excluded_lines": 0}, "missing_lines": [1, 3, 6, 7, 8, 9, 10, 13, 14, 15, 16, 19], "excluded_lines": []}}, "classes": {"CorpusChunk": {"executed_lines": [], "summary": {"covered_lines": 0, "num_statements": 0, "percent_covered": 100.0, "percent_covered_display": "100.00", "missing_lines": 0, "excluded_lines": 0}, "missing_lines": [], "excluded_lines": []}, "RetrievalHit": {"executed_lines": [], "summary": {"covered_lines": 0, "num_statements": 0, "percent_covered": 100.0, "percent_covered_display": "100.00", "missing_lines": 0, "excluded_lines": 0}, "missing_lines": [], "excluded_lines": []}, "": {"executed_lines": [], "summary": {"covered_lines": 0, "num_statements": 12, "percent_covered": 0.0, "percent_covered_display": "0.00", "missing_lines": 12, "excluded_lines": 0}, "missing_lines": [1, 3, 6, 7, 8, 9, 10, 13, 14, 15, 16, 19], "excluded_lines": []}}}, "services/router/__init__.py": {"executed_lines": [], "summary": {"covered_lines": 0, "num_statements": 2, "percent_covered": 0.0, "percent_covered_display": "0.00", "missing_lines": 2, "excluded_lines": 0}, "missing_lines": [3, 5], "excluded_lines": [], "functions": {"": {"executed_lines": [], "summary": {"covered_lines": 0, "num_statements": 2, "percent_covered": 0.0, "percent_covered_display": "0.00", "missing_lines": 2, "excluded_lines": 0}, "missing_lines": [3, 5], "excluded_lines": []}}, "classes": {"": {"executed_lines": [], "summary": {"covered_lines": 0, "num_statements": 2, "percent_covered": 0.0, "percent_covered_display": "0.00", "missing_lines": 2, "excluded_lines": 0}, "missing_lines": [3, 5], "excluded_lines": []}}}, "services/router/llm_router.py": {"executed_lines": [], "summary": {"covered_lines": 0, "num_statements": 103, "percent_covered": 0.0, "percent_covered_display": "0.00", "missing_lines": 103, "excluded_lines": 30}, "missing_lines": [1, 3, 4, 5, 6, 7, 8, 9, 10, 12, 46, 47, 49, 56, 57, 58, 59, 60, 62, 63, 64, 65, 66, 67, 68, 69, 75, 76, 77, 78, 79, 80, 81, 82, 83, 84, 85, 88, 89, 90, 91, 94, 95, 96, 97, 98, 99, 100, 101, 103, 112, 128, 129, 130, 131, 132, 133, 134, 135, 136, 137, 138, 139, 140, 141, 143, 144, 160, 161, 162, 163, 165, 166, 167, 168, 169, 171, 172, 173, 174, 175, 176, 177, 178, 179, 180, 181, 182, 184, 185, 187, 195, 197, 198, 199, 201, 202, 203, 204, 205, 206, 207, 210], "excluded_lines": [14, 15, 16, 17, 18, 19, 20, 21, 22, 23, 25, 26, 27, 28, 29, 30, 31, 32, 33, 34, 35, 36, 37, 38, 39, 40, 41, 42, 43, 44], "functions": {"RouterConfig.from_config": {"executed_lines": [], "summary": {"covered_lines": 0, "num_statements": 6, "percent_covered": 0.0, "percent_covered_display": "0.00", "missing_lines": 6, "excluded_lines": 0}, "missing_lines": [64, 65, 66, 67, 68, 69], "excluded_lines": []}, "RouterConfig.apply_env": {"executed_lines": [], "summary": {"covered_lines": 0, "num_statements": 10, "percent_covered": 0.0, "percent_covered_display": "0.00", "missing_lines": 10, "excluded_lines": 0}, "missing_lines": [76, 77, 78, 79, 80, 81, 82, 83, 84, 85], "excluded_lines": []}, "RouterTrace.finalize": {"executed_lines": [], "summary": {"covered_lines": 0, "num_statements": 1, "percent_covered": 0.0, "percent_covered_display": "0.00", "missing_lines": 1, "excluded_lines": 0}, "missing_lines": [112], "excluded_lines": []}, "RouterLog.as_dict": {"executed_lines": [], "summary": {"covered_lines": 0, "num_statements": 1, "percent_covered": 0.0, "percent_covered_display": "0.00", "missing_lines": 1, "excluded_lines": 0}, "missing_lines": [144], "excluded_lines": []}, "LLMRouter.__init__": {"executed_lines": [], "summary": {"covered_lines": 0, "num_statements": 2, "percent_covered": 0.0, "percent_covered_display": "0.00", "missing_lines": 2, "excluded_lines": 0}, "missing_lines": [162, 163], "excluded_lines": []}, "LLMRouter.route": {"executed_lines": [], "summary": {"covered_lines": 0, "num_statements": 20, "percent_covered": 0.0, "percent_covered_display": "0.00", "missing_lines": 20, "excluded_lines": 0}, "missing_lines": [166, 167, 168, 169, 171, 172, 173, 174, 175, 176, 177, 178, 179, 180, 181, 182, 184, 185, 187, 195], "excluded_lines": []}, "LLMRouter.emit": {"executed_lines": [], "summary": {"covered_lines": 0, "num_statements": 2, "percent_covered": 0.0, "percent_covered_display": "0.00", "missing_lines": 2, "excluded_lines": 0}, "missing_lines": [198, 199], "excluded_lines": []}, "LLMRouter._estimate_uncertainty": {"executed_lines": [], "summary": {"covered_lines": 0, "num_statements": 6, "percent_covered": 0.0, "percent_covered_display": "0.00", "missing_lines": 6, "excluded_lines": 0}, "missing_lines": [202, 203, 204, 205, 206, 207], "excluded_lines": []}, "": {"executed_lines": [], "summary": {"covered_lines": 0, "num_statements": 55, "percent_covered": 0.0, "percent_covered_display": "0.00", "missing_lines": 55, "excluded_lines": 30}, "missing_lines": [1, 3, 4, 5, 6, 7, 8, 9, 10, 12, 46, 47, 49, 56, 57, 58, 59, 60, 62, 63, 75, 88, 89, 90, 91, 94, 95, 96, 97, 98, 99, 100, 101, 103, 128, 129, 130, 131, 132, 133, 134, 135, 136, 137, 138, 139, 140, 141, 143, 160, 161, 165, 197, 201, 210], "excluded_lines": [14, 15, 16, 17, 18, 19, 20, 21, 22, 23, 25, 26, 27, 28, 29, 30, 31, 32, 33, 34, 35, 36, 37, 38, 39, 40, 41, 42, 43, 44]}}, "classes": {"RouterConfig": {"executed_lines": [], "summary": {"covered_lines": 0, "num_statements": 16, "percent_covered": 0.0, "percent_covered_display": "0.00", "missing_lines": 16, "excluded_lines": 0}, "missing_lines": [64, 65, 66, 67, 68, 69, 76, 77, 78, 79, 80, 81, 82, 83, 84, 85], "excluded_lines": []}, "RouterDecision": {"executed_lines": [], "summary": {"covered_lines": 0, "num_statements": 0, "percent_covered": 100.0, "percent_covered_display": "100.00", "missing_lines": 0, "excluded_lines": 0}, "missing_lines": [], "excluded_lines": []}, "RouterTrace": {"executed_lines": [], "summary": {"covered_lines": 0, "num_statements": 1, "percent_covered": 0.0, "percent_covered_display": "0.00", "missing_lines": 1, "excluded_lines": 0}, "missing_lines": [112], "excluded_lines": []}, "RouterLog": {"executed_lines": [], "summary": {"covered_lines": 0, "num_statements": 1, "percent_covered": 0.0, "percent_covered_display": "0.00", "missing_lines": 1, "excluded_lines": 0}, "missing_lines": [144], "excluded_lines": []}, "LLMRouter": {"executed_lines": [], "summary": {"covered_lines": 0, "num_statements": 30, "percent_covered": 0.0, "percent_covered_display": "0.00", "missing_lines": 30, "excluded_lines": 0}, "missing_lines": [162, 163, 166, 167, 168, 169, 171, 172, 173, 174, 175, 176, 177, 178, 179, 180, 181, 182, 184, 185, 187, 195, 198, 199, 202, 203, 204, 205, 206, 207], "excluded_lines": []}, "": {"executed_lines": [], "summary": {"covered_lines": 0, "num_statements": 55, "percent_covered": 0.0, "percent_covered_display": "0.00", "missing_lines": 55, "excluded_lines": 30}, "missing_lines": [1, 3, 4, 5, 6, 7, 8, 9, 10, 12, 46, 47, 49, 56, 57, 58, 59, 60, 62, 63, 75, 88, 89, 90, 91, 94, 95, 96, 97, 98, 99, 100, 101, 103, 128, 129, 130, 131, 132, 133, 134, 135, 136, 137, 138, 139, 140, 141, 143, 160, 161, 165, 197, 201, 210], "excluded_lines": [14, 15, 16, 17, 18, 19, 20, 21, 22, 23, 25, 26, 27, 28, 29, 30, 31, 32, 33, 34, 35, 36, 37, 38, 39, 40, 41, 42, 43, 44]}}}, "services/telemetry/__init__.py": {"executed_lines": [], "summary": {"covered_lines": 0, "num_statements": 0, "percent_covered": 100.0, "percent_covered_display": "100.00", "missing_lines": 0, "excluded_lines": 0}, "missing_lines": [], "excluded_lines": [], "functions": {"": {"executed_lines": [], "summary": {"covered_lines": 0, "num_statements": 0, "percent_covered": 100.0, "percent_covered_display": "100.00", "missing_lines": 0, "excluded_lines": 0}, "missing_lines": [], "excluded_lines": []}}, "classes": {"": {"executed_lines": [], "summary": {"covered_lines": 0, "num_statements": 0, "percent_covered": 100.0, "percent_covered_display": "100.00", "missing_lines": 0, "excluded_lines": 0}, "missing_lines": [], "excluded_lines": []}}}, "services/telemetry/telemetry_repo.py": {"executed_lines": [], "summary": {"covered_lines": 0, "num_statements": 152, "percent_covered": 0.0, "percent_covered_display": "0.00", "missing_lines": 152, "excluded_lines": 0}, "missing_lines": [1, 3, 4, 5, 6, 7, 9, 10, 13, 14, 17, 18, 20, 21, 22, 23, 24, 25, 28, 33, 34, 37, 38, 40, 41, 42, 43, 44, 45, 50, 51, 53, 54, 55, 56, 57, 58, 59, 64, 65, 67, 68, 69, 70, 71, 76, 77, 79, 80, 81, 82, 83, 84, 89, 90, 91, 92, 93, 94, 95, 96, 97, 98, 101, 102, 103, 104, 105, 106, 107, 108, 111, 112, 113, 114, 116, 124, 125, 133, 134, 135, 136, 138, 146, 147, 148, 149, 150, 151, 152, 153, 154, 155, 156, 157, 158, 160, 161, 162, 163, 164, 165, 166, 167, 169, 170, 171, 172, 173, 174, 175, 176, 178, 179, 180, 181, 182, 183, 185, 192, 193, 199, 200, 207, 208, 209, 210, 212, 213, 214, 219, 220, 222, 231, 232, 240, 241, 243, 250, 251, 257, 258, 260, 268, 269, 276, 277, 279, 280, 291, 292, 302], "excluded_lines": [], "functions": {"TelemetryRepo.__init__": {"executed_lines": [], "summary": {"covered_lines": 0, "num_statements": 2, "percent_covered": 0.0, "percent_covered_display": "0.00", "missing_lines": 2, "excluded_lines": 0}, "missing_lines": [113, 114], "excluded_lines": []}, "TelemetryRepo.create_run": {"executed_lines": [], "summary": {"covered_lines": 0, "num_statements": 6, "percent_covered": 0.0, "percent_covered_display": "0.00", "missing_lines": 6, "excluded_lines": 0}, "missing_lines": [124, 125, 133, 134, 135, 136], "excluded_lines": []}, "TelemetryRepo.update_run_status": {"executed_lines": [], "summary": {"covered_lines": 0, "num_statements": 13, "percent_covered": 0.0, "percent_covered_display": "0.00", "missing_lines": 13, "excluded_lines": 0}, "missing_lines": [146, 147, 148, 149, 150, 151, 152, 153, 154, 155, 156, 157, 158], "excluded_lines": []}, "TelemetryRepo.soft_delete": {"executed_lines": [], "summary": {"covered_lines": 0, "num_statements": 7, "percent_covered": 0.0, "percent_covered_display": "0.00", "missing_lines": 7, "excluded_lines": 0}, "missing_lines": [161, 162, 163, 164, 165, 166, 167], "excluded_lines": []}, "TelemetryRepo.list_runs": {"executed_lines": [], "summary": {"covered_lines": 0, "num_statements": 7, "percent_covered": 0.0, "percent_covered_display": "0.00", "missing_lines": 7, "excluded_lines": 0}, "missing_lines": [170, 171, 172, 173, 174, 175, 176], "excluded_lines": []}, "TelemetryRepo.get_run": {"executed_lines": [], "summary": {"covered_lines": 0, "num_statements": 5, "percent_covered": 0.0, "percent_covered_display": "0.00", "missing_lines": 5, "excluded_lines": 0}, "missing_lines": [179, 180, 181, 182, 183], "excluded_lines": []}, "TelemetryRepo.append_event": {"executed_lines": [], "summary": {"covered_lines": 0, "num_statements": 8, "percent_covered": 0.0, "percent_covered_display": "0.00", "missing_lines": 8, "excluded_lines": 0}, "missing_lines": [192, 193, 199, 200, 207, 208, 209, 210], "excluded_lines": []}, "TelemetryRepo.list_events": {"executed_lines": [], "summary": {"covered_lines": 0, "num_statements": 4, "percent_covered": 0.0, "percent_covered_display": "0.00", "missing_lines": 4, "excluded_lines": 0}, "missing_lines": [213, 214, 219, 220], "excluded_lines": []}, "TelemetryRepo.record_metric": {"executed_lines": [], "summary": {"covered_lines": 0, "num_statements": 4, "percent_covered": 0.0, "percent_covered_display": "0.00", "missing_lines": 4, "excluded_lines": 0}, "missing_lines": [231, 232, 240, 241], "excluded_lines": []}, "TelemetryRepo.record_error": {"executed_lines": [], "summary": {"covered_lines": 0, "num_statements": 4, "percent_covered": 0.0, "percent_covered_display": "0.00", "missing_lines": 4, "excluded_lines": 0}, "missing_lines": [250, 251, 257, 258], "excluded_lines": []}, "TelemetryRepo.record_artifact": {"executed_lines": [], "summary": {"covered_lines": 0, "num_statements": 4, "percent_covered": 0.0, "percent_covered_display": "0.00", "missing_lines": 4, "excluded_lines": 0}, "missing_lines": [268, 269, 276, 277], "excluded_lines": []}, "TelemetryRepo._to_run": {"executed_lines": [], "summary": {"covered_lines": 0, "num_statements": 1, "percent_covered": 0.0, "percent_covered_display": "0.00", "missing_lines": 1, "excluded_lines": 0}, "missing_lines": [280], "excluded_lines": []}, "TelemetryRepo._to_event": {"executed_lines": [], "summary": {"covered_lines": 0, "num_statements": 1, "percent_covered": 0.0, "percent_covered_display": "0.00", "missing_lines": 1, "excluded_lines": 0}, "missing_lines": [292], "excluded_lines": []}, "": {"executed_lines": [], "summary": {"covered_lines": 0, "num_statements": 86, "percent_covered": 0.0, "percent_covered_display": "0.00", "missing_lines": 86, "excluded_lines": 0}, "missing_lines": [1, 3, 4, 5, 6, 7, 9, 10, 13, 14, 17, 18, 20, 21, 22, 23, 24, 25, 28, 33, 34, 37, 38, 40, 41, 42, 43, 44, 45, 50, 51, 53, 54, 55, 56, 57, 58, 59, 64, 65, 67, 68, 69, 70, 71, 76, 77, 79, 80, 81, 82, 83, 84, 89, 90, 91, 92, 93, 94, 95, 96, 97, 98, 101, 102, 103, 104, 105, 106, 107, 108, 111, 112, 116, 138, 160, 169, 178, 185, 212, 222, 243, 260, 279, 291, 302], "excluded_lines": []}}, "classes": {"Base": {"executed_lines": [], "summary": {"covered_lines": 0, "num_statements": 0, "percent_covered": 100.0, "percent_covered_display": "100.00", "missing_lines": 0, "excluded_lines": 0}, "missing_lines": [], "excluded_lines": []}, "RunModel": {"executed_lines": [], "summary": {"covered_lines": 0, "num_statements": 0, "percent_covered": 100.0, "percent_covered_display": "100.00", "missing_lines": 0, "excluded_lines": 0}, "missing_lines": [], "excluded_lines": []}, "EventModel": {"executed_lines": [], "summary": {"covered_lines": 0, "num_statements": 0, "percent_covered": 100.0, "percent_covered_display": "100.00", "missing_lines": 0, "excluded_lines": 0}, "missing_lines": [], "excluded_lines": []}, "MetricModel": {"executed_lines": [], "summary": {"covered_lines": 0, "num_statements": 0, "percent_covered": 100.0, "percent_covered_display": "100.00", "missing_lines": 0, "excluded_lines": 0}, "missing_lines": [], "excluded_lines": []}, "ErrorModel": {"executed_lines": [], "summary": {"covered_lines": 0, "num_statements": 0, "percent_covered": 100.0, "percent_covered_display": "100.00", "missing_lines": 0, "excluded_lines": 0}, "missing_lines": [], "excluded_lines": []}, "ArtifactModel": {"executed_lines": [], "summary": {"covered_lines": 0, "num_statements": 0, "percent_covered": 100.0, "percent_covered_display": "100.00", "missing_lines": 0, "excluded_lines": 0}, "missing_lines": [], "excluded_lines": []}, "TelemetryRun": {"executed_lines": [], "summary": {"covered_lines": 0, "num_statements": 0, "percent_covered": 100.0, "percent_covered_display": "100.00", "missing_lines": 0, "excluded_lines": 0}, "missing_lines": [], "excluded_lines": []}, "TelemetryEvent": {"executed_lines": [], "summary": {"covered_lines": 0, "num_statements": 0, "percent_covered": 100.0, "percent_covered_display": "100.00", "missing_lines": 0, "excluded_lines": 0}, "missing_lines": [], "excluded_lines": []}, "TelemetryRepo": {"executed_lines": [], "summary": {"covered_lines": 0, "num_statements": 66, "percent_covered": 0.0, "percent_covered_display": "0.00", "missing_lines": 66, "excluded_lines": 0}, "missing_lines": [113, 114, 124, 125, 133, 134, 135, 136, 146, 147, 148, 149, 150, 151, 152, 153, 154, 155, 156, 157, 158, 161, 162, 163, 164, 165, 166, 167, 170, 171, 172, 173, 174, 175, 176, 179, 180, 181, 182, 183, 192, 193, 199, 200, 207, 208, 209, 210, 213, 214, 219, 220, 231, 232, 240, 241, 250, 251, 257, 258, 268, 269, 276, 277, 280, 292], "excluded_lines": []}, "": {"executed_lines": [], "summary": {"covered_lines": 0, "num_statements": 86, "percent_covered": 0.0, "percent_covered_display": "0.00", "missing_lines": 86, "excluded_lines": 0}, "missing_lines": [1, 3, 4, 5, 6, 7, 9, 10, 13, 14, 17, 18, 20, 21, 22, 23, 24, 25, 28, 33, 34, 37, 38, 40, 41, 42, 43, 44, 45, 50, 51, 53, 54, 55, 56, 57, 58, 59, 64, 65, 67, 68, 69, 70, 71, 76, 77, 79, 80, 81, 82, 83, 84, 89, 90, 91, 92, 93, 94, 95, 96, 97, 98, 101, 102, 103, 104, 105, 106, 107, 108, 111, 112, 116, 138, 160, 169, 178, 185, 212, 222, 243, 260, 279, 291, 302], "excluded_lines": []}}}}, "totals": {"covered_lines": 440, "num_statements": 7562, "percent_covered": 5.818566516794498, "percent_covered_display": "5.82", "missing_lines": 7122, "excluded_lines": 31}}